2024-09-02 15:09:52,765 ERROR [http-nio-8080-exec-10] c.e.b.c.c.a.ExceptionAdvice [ExceptionAdvice.java:22] Server Exception: Failed to convert value of type 'java.lang.String' to required type 'int'; nested exception is java.lang.NumberFormatException: For input string: "profile.html"
2024-09-02 15:09:52,767 ERROR [http-nio-8080-exec-10] c.e.b.c.c.a.ExceptionAdvice [ExceptionAdvice.java:24] org.springframework.web.method.annotation.AbstractNamedValueMethodArgumentResolver.resolveArgument(AbstractNamedValueMethodArgumentResolver.java:133)
2024-09-02 15:09:52,767 ERROR [http-nio-8080-exec-10] c.e.b.c.c.a.ExceptionAdvice [ExceptionAdvice.java:24] org.springframework.web.method.support.HandlerMethodArgumentResolverComposite.resolveArgument(HandlerMethodArgumentResolverComposite.java:122)
2024-09-02 15:09:52,767 ERROR [http-nio-8080-exec-10] c.e.b.c.c.a.ExceptionAdvice [ExceptionAdvice.java:24] org.springframework.web.method.support.InvocableHandlerMethod.getMethodArgumentValues(InvocableHandlerMethod.java:179)
2024-09-02 15:09:52,767 ERROR [http-nio-8080-exec-10] c.e.b.c.c.a.ExceptionAdvice [ExceptionAdvice.java:24] org.springframework.web.method.support.InvocableHandlerMethod.invokeForRequest(InvocableHandlerMethod.java:146)
2024-09-02 15:09:52,767 ERROR [http-nio-8080-exec-10] c.e.b.c.c.a.ExceptionAdvice [ExceptionAdvice.java:24] org.springframework.web.servlet.mvc.method.annotation.ServletInvocableHandlerMethod.invokeAndHandle(ServletInvocableHandlerMethod.java:117)
2024-09-02 15:09:52,767 ERROR [http-nio-8080-exec-10] c.e.b.c.c.a.ExceptionAdvice [ExceptionAdvice.java:24] org.springframework.web.servlet.mvc.method.annotation.RequestMappingHandlerAdapter.invokeHandlerMethod(RequestMappingHandlerAdapter.java:895)
2024-09-02 15:09:52,767 ERROR [http-nio-8080-exec-10] c.e.b.c.c.a.ExceptionAdvice [ExceptionAdvice.java:24] org.springframework.web.servlet.mvc.method.annotation.RequestMappingHandlerAdapter.handleInternal(RequestMappingHandlerAdapter.java:808)
2024-09-02 15:09:52,767 ERROR [http-nio-8080-exec-10] c.e.b.c.c.a.ExceptionAdvice [ExceptionAdvice.java:24] org.springframework.web.servlet.mvc.method.AbstractHandlerMethodAdapter.handle(AbstractHandlerMethodAdapter.java:87)
2024-09-02 15:09:52,767 ERROR [http-nio-8080-exec-10] c.e.b.c.c.a.ExceptionAdvice [ExceptionAdvice.java:24] org.springframework.web.servlet.DispatcherServlet.doDispatch(DispatcherServlet.java:1071)
2024-09-02 15:09:52,767 ERROR [http-nio-8080-exec-10] c.e.b.c.c.a.ExceptionAdvice [ExceptionAdvice.java:24] org.springframework.web.servlet.DispatcherServlet.doService(DispatcherServlet.java:964)
2024-09-02 15:09:52,767 ERROR [http-nio-8080-exec-10] c.e.b.c.c.a.ExceptionAdvice [ExceptionAdvice.java:24] org.springframework.web.servlet.FrameworkServlet.processRequest(FrameworkServlet.java:1006)
2024-09-02 15:09:52,767 ERROR [http-nio-8080-exec-10] c.e.b.c.c.a.ExceptionAdvice [ExceptionAdvice.java:24] org.springframework.web.servlet.FrameworkServlet.doGet(FrameworkServlet.java:898)
2024-09-02 15:09:52,767 ERROR [http-nio-8080-exec-10] c.e.b.c.c.a.ExceptionAdvice [ExceptionAdvice.java:24] javax.servlet.http.HttpServlet.service(HttpServlet.java:670)
2024-09-02 15:09:52,767 ERROR [http-nio-8080-exec-10] c.e.b.c.c.a.ExceptionAdvice [ExceptionAdvice.java:24] org.springframework.web.servlet.FrameworkServlet.service(FrameworkServlet.java:883)
2024-09-02 15:09:52,767 ERROR [http-nio-8080-exec-10] c.e.b.c.c.a.ExceptionAdvice [ExceptionAdvice.java:24] javax.servlet.http.HttpServlet.service(HttpServlet.java:779)
2024-09-02 15:09:52,767 ERROR [http-nio-8080-exec-10] c.e.b.c.c.a.ExceptionAdvice [ExceptionAdvice.java:24] org.apache.catalina.core.ApplicationFilterChain.internalDoFilter(ApplicationFilterChain.java:227)
2024-09-02 15:09:52,767 ERROR [http-nio-8080-exec-10] c.e.b.c.c.a.ExceptionAdvice [ExceptionAdvice.java:24] org.apache.catalina.core.ApplicationFilterChain.doFilter(ApplicationFilterChain.java:162)
2024-09-02 15:09:52,767 ERROR [http-nio-8080-exec-10] c.e.b.c.c.a.ExceptionAdvice [ExceptionAdvice.java:24] org.apache.tomcat.websocket.server.WsFilter.doFilter(WsFilter.java:53)
2024-09-02 15:09:52,767 ERROR [http-nio-8080-exec-10] c.e.b.c.c.a.ExceptionAdvice [ExceptionAdvice.java:24] org.apache.catalina.core.ApplicationFilterChain.internalDoFilter(ApplicationFilterChain.java:189)
2024-09-02 15:09:52,767 ERROR [http-nio-8080-exec-10] c.e.b.c.c.a.ExceptionAdvice [ExceptionAdvice.java:24] org.apache.catalina.core.ApplicationFilterChain.doFilter(ApplicationFilterChain.java:162)
2024-09-02 15:09:52,767 ERROR [http-nio-8080-exec-10] c.e.b.c.c.a.ExceptionAdvice [ExceptionAdvice.java:24] org.springframework.web.filter.RequestContextFilter.doFilterInternal(RequestContextFilter.java:100)
2024-09-02 15:09:52,767 ERROR [http-nio-8080-exec-10] c.e.b.c.c.a.ExceptionAdvice [ExceptionAdvice.java:24] org.springframework.web.filter.OncePerRequestFilter.doFilter(OncePerRequestFilter.java:117)
2024-09-02 15:09:52,767 ERROR [http-nio-8080-exec-10] c.e.b.c.c.a.ExceptionAdvice [ExceptionAdvice.java:24] org.apache.catalina.core.ApplicationFilterChain.internalDoFilter(ApplicationFilterChain.java:189)
2024-09-02 15:09:52,768 ERROR [http-nio-8080-exec-10] c.e.b.c.c.a.ExceptionAdvice [ExceptionAdvice.java:24] org.apache.catalina.core.ApplicationFilterChain.doFilter(ApplicationFilterChain.java:162)
2024-09-02 15:09:52,768 ERROR [http-nio-8080-exec-10] c.e.b.c.c.a.ExceptionAdvice [ExceptionAdvice.java:24] org.springframework.web.filter.FormContentFilter.doFilterInternal(FormContentFilter.java:93)
2024-09-02 15:09:52,768 ERROR [http-nio-8080-exec-10] c.e.b.c.c.a.ExceptionAdvice [ExceptionAdvice.java:24] org.springframework.web.filter.OncePerRequestFilter.doFilter(OncePerRequestFilter.java:117)
2024-09-02 15:09:52,768 ERROR [http-nio-8080-exec-10] c.e.b.c.c.a.ExceptionAdvice [ExceptionAdvice.java:24] org.apache.catalina.core.ApplicationFilterChain.internalDoFilter(ApplicationFilterChain.java:189)
2024-09-02 15:09:52,768 ERROR [http-nio-8080-exec-10] c.e.b.c.c.a.ExceptionAdvice [ExceptionAdvice.java:24] org.apache.catalina.core.ApplicationFilterChain.doFilter(ApplicationFilterChain.java:162)
2024-09-02 15:09:52,768 ERROR [http-nio-8080-exec-10] c.e.b.c.c.a.ExceptionAdvice [ExceptionAdvice.java:24] org.springframework.web.filter.CharacterEncodingFilter.doFilterInternal(CharacterEncodingFilter.java:201)
2024-09-02 15:09:52,768 ERROR [http-nio-8080-exec-10] c.e.b.c.c.a.ExceptionAdvice [ExceptionAdvice.java:24] org.springframework.web.filter.OncePerRequestFilter.doFilter(OncePerRequestFilter.java:117)
2024-09-02 15:09:52,768 ERROR [http-nio-8080-exec-10] c.e.b.c.c.a.ExceptionAdvice [ExceptionAdvice.java:24] org.apache.catalina.core.ApplicationFilterChain.internalDoFilter(ApplicationFilterChain.java:189)
2024-09-02 15:09:52,768 ERROR [http-nio-8080-exec-10] c.e.b.c.c.a.ExceptionAdvice [ExceptionAdvice.java:24] org.apache.catalina.core.ApplicationFilterChain.doFilter(ApplicationFilterChain.java:162)
2024-09-02 15:09:52,768 ERROR [http-nio-8080-exec-10] c.e.b.c.c.a.ExceptionAdvice [ExceptionAdvice.java:24] org.apache.catalina.core.StandardWrapperValve.invoke(StandardWrapperValve.java:197)
2024-09-02 15:09:52,768 ERROR [http-nio-8080-exec-10] c.e.b.c.c.a.ExceptionAdvice [ExceptionAdvice.java:24] org.apache.catalina.core.StandardContextValve.invoke(StandardContextValve.java:97)
2024-09-02 15:09:52,768 ERROR [http-nio-8080-exec-10] c.e.b.c.c.a.ExceptionAdvice [ExceptionAdvice.java:24] org.apache.catalina.authenticator.AuthenticatorBase.invoke(AuthenticatorBase.java:541)
2024-09-02 15:09:52,768 ERROR [http-nio-8080-exec-10] c.e.b.c.c.a.ExceptionAdvice [ExceptionAdvice.java:24] org.apache.catalina.core.StandardHostValve.invoke(StandardHostValve.java:135)
2024-09-02 15:09:52,768 ERROR [http-nio-8080-exec-10] c.e.b.c.c.a.ExceptionAdvice [ExceptionAdvice.java:24] org.apache.catalina.valves.ErrorReportValve.invoke(ErrorReportValve.java:92)
2024-09-02 15:09:52,768 ERROR [http-nio-8080-exec-10] c.e.b.c.c.a.ExceptionAdvice [ExceptionAdvice.java:24] org.apache.catalina.core.StandardEngineValve.invoke(StandardEngineValve.java:78)
2024-09-02 15:09:52,768 ERROR [http-nio-8080-exec-10] c.e.b.c.c.a.ExceptionAdvice [ExceptionAdvice.java:24] org.apache.catalina.connector.CoyoteAdapter.service(CoyoteAdapter.java:360)
2024-09-02 15:09:52,768 ERROR [http-nio-8080-exec-10] c.e.b.c.c.a.ExceptionAdvice [ExceptionAdvice.java:24] org.apache.coyote.http11.Http11Processor.service(Http11Processor.java:399)
2024-09-02 15:09:52,768 ERROR [http-nio-8080-exec-10] c.e.b.c.c.a.ExceptionAdvice [ExceptionAdvice.java:24] org.apache.coyote.AbstractProcessorLight.process(AbstractProcessorLight.java:65)
2024-09-02 15:09:52,768 ERROR [http-nio-8080-exec-10] c.e.b.c.c.a.ExceptionAdvice [ExceptionAdvice.java:24] org.apache.coyote.AbstractProtocol$ConnectionHandler.process(AbstractProtocol.java:893)
2024-09-02 15:09:52,768 ERROR [http-nio-8080-exec-10] c.e.b.c.c.a.ExceptionAdvice [ExceptionAdvice.java:24] org.apache.tomcat.util.net.NioEndpoint$SocketProcessor.doRun(NioEndpoint.java:1789)
2024-09-02 15:09:52,768 ERROR [http-nio-8080-exec-10] c.e.b.c.c.a.ExceptionAdvice [ExceptionAdvice.java:24] org.apache.tomcat.util.net.SocketProcessorBase.run(SocketProcessorBase.java:49)
2024-09-02 15:09:52,768 ERROR [http-nio-8080-exec-10] c.e.b.c.c.a.ExceptionAdvice [ExceptionAdvice.java:24] org.apache.tomcat.util.threads.ThreadPoolExecutor.runWorker(ThreadPoolExecutor.java:1191)
2024-09-02 15:09:52,768 ERROR [http-nio-8080-exec-10] c.e.b.c.c.a.ExceptionAdvice [ExceptionAdvice.java:24] org.apache.tomcat.util.threads.ThreadPoolExecutor$Worker.run(ThreadPoolExecutor.java:659)
2024-09-02 15:09:52,768 ERROR [http-nio-8080-exec-10] c.e.b.c.c.a.ExceptionAdvice [ExceptionAdvice.java:24] org.apache.tomcat.util.threads.TaskThread$WrappingRunnable.run(TaskThread.java:61)
2024-09-02 15:09:52,768 ERROR [http-nio-8080-exec-10] c.e.b.c.c.a.ExceptionAdvice [ExceptionAdvice.java:24] java.base/java.lang.Thread.run(Thread.java:829)
2024-09-02 16:13:38,278 ERROR [http-nio-8080-exec-4] c.e.b.c.c.a.ExceptionAdvice [ExceptionAdvice.java:22] Server Exception: Failed to convert value of type 'java.lang.String' to required type 'int'; nested exception is java.lang.NumberFormatException: For input string: "followee.html"
2024-09-02 16:13:38,285 ERROR [http-nio-8080-exec-4] c.e.b.c.c.a.ExceptionAdvice [ExceptionAdvice.java:24] org.springframework.web.method.annotation.AbstractNamedValueMethodArgumentResolver.resolveArgument(AbstractNamedValueMethodArgumentResolver.java:133)
2024-09-02 16:13:38,285 ERROR [http-nio-8080-exec-4] c.e.b.c.c.a.ExceptionAdvice [ExceptionAdvice.java:24] org.springframework.web.method.support.HandlerMethodArgumentResolverComposite.resolveArgument(HandlerMethodArgumentResolverComposite.java:122)
2024-09-02 16:13:38,285 ERROR [http-nio-8080-exec-4] c.e.b.c.c.a.ExceptionAdvice [ExceptionAdvice.java:24] org.springframework.web.method.support.InvocableHandlerMethod.getMethodArgumentValues(InvocableHandlerMethod.java:179)
2024-09-02 16:13:38,285 ERROR [http-nio-8080-exec-4] c.e.b.c.c.a.ExceptionAdvice [ExceptionAdvice.java:24] org.springframework.web.method.support.InvocableHandlerMethod.invokeForRequest(InvocableHandlerMethod.java:146)
2024-09-02 16:13:38,285 ERROR [http-nio-8080-exec-4] c.e.b.c.c.a.ExceptionAdvice [ExceptionAdvice.java:24] org.springframework.web.servlet.mvc.method.annotation.ServletInvocableHandlerMethod.invokeAndHandle(ServletInvocableHandlerMethod.java:117)
2024-09-02 16:13:38,285 ERROR [http-nio-8080-exec-4] c.e.b.c.c.a.ExceptionAdvice [ExceptionAdvice.java:24] org.springframework.web.servlet.mvc.method.annotation.RequestMappingHandlerAdapter.invokeHandlerMethod(RequestMappingHandlerAdapter.java:895)
2024-09-02 16:13:38,285 ERROR [http-nio-8080-exec-4] c.e.b.c.c.a.ExceptionAdvice [ExceptionAdvice.java:24] org.springframework.web.servlet.mvc.method.annotation.RequestMappingHandlerAdapter.handleInternal(RequestMappingHandlerAdapter.java:808)
2024-09-02 16:13:38,285 ERROR [http-nio-8080-exec-4] c.e.b.c.c.a.ExceptionAdvice [ExceptionAdvice.java:24] org.springframework.web.servlet.mvc.method.AbstractHandlerMethodAdapter.handle(AbstractHandlerMethodAdapter.java:87)
2024-09-02 16:13:38,285 ERROR [http-nio-8080-exec-4] c.e.b.c.c.a.ExceptionAdvice [ExceptionAdvice.java:24] org.springframework.web.servlet.DispatcherServlet.doDispatch(DispatcherServlet.java:1071)
2024-09-02 16:13:38,285 ERROR [http-nio-8080-exec-4] c.e.b.c.c.a.ExceptionAdvice [ExceptionAdvice.java:24] org.springframework.web.servlet.DispatcherServlet.doService(DispatcherServlet.java:964)
2024-09-02 16:13:38,285 ERROR [http-nio-8080-exec-4] c.e.b.c.c.a.ExceptionAdvice [ExceptionAdvice.java:24] org.springframework.web.servlet.FrameworkServlet.processRequest(FrameworkServlet.java:1006)
2024-09-02 16:13:38,286 ERROR [http-nio-8080-exec-4] c.e.b.c.c.a.ExceptionAdvice [ExceptionAdvice.java:24] org.springframework.web.servlet.FrameworkServlet.doGet(FrameworkServlet.java:898)
2024-09-02 16:13:38,286 ERROR [http-nio-8080-exec-4] c.e.b.c.c.a.ExceptionAdvice [ExceptionAdvice.java:24] javax.servlet.http.HttpServlet.service(HttpServlet.java:670)
2024-09-02 16:13:38,286 ERROR [http-nio-8080-exec-4] c.e.b.c.c.a.ExceptionAdvice [ExceptionAdvice.java:24] org.springframework.web.servlet.FrameworkServlet.service(FrameworkServlet.java:883)
2024-09-02 16:13:38,286 ERROR [http-nio-8080-exec-4] c.e.b.c.c.a.ExceptionAdvice [ExceptionAdvice.java:24] javax.servlet.http.HttpServlet.service(HttpServlet.java:779)
2024-09-02 16:13:38,286 ERROR [http-nio-8080-exec-4] c.e.b.c.c.a.ExceptionAdvice [ExceptionAdvice.java:24] org.apache.catalina.core.ApplicationFilterChain.internalDoFilter(ApplicationFilterChain.java:227)
2024-09-02 16:13:38,286 ERROR [http-nio-8080-exec-4] c.e.b.c.c.a.ExceptionAdvice [ExceptionAdvice.java:24] org.apache.catalina.core.ApplicationFilterChain.doFilter(ApplicationFilterChain.java:162)
2024-09-02 16:13:38,286 ERROR [http-nio-8080-exec-4] c.e.b.c.c.a.ExceptionAdvice [ExceptionAdvice.java:24] org.apache.tomcat.websocket.server.WsFilter.doFilter(WsFilter.java:53)
2024-09-02 16:13:38,286 ERROR [http-nio-8080-exec-4] c.e.b.c.c.a.ExceptionAdvice [ExceptionAdvice.java:24] org.apache.catalina.core.ApplicationFilterChain.internalDoFilter(ApplicationFilterChain.java:189)
2024-09-02 16:13:38,286 ERROR [http-nio-8080-exec-4] c.e.b.c.c.a.ExceptionAdvice [ExceptionAdvice.java:24] org.apache.catalina.core.ApplicationFilterChain.doFilter(ApplicationFilterChain.java:162)
2024-09-02 16:13:38,286 ERROR [http-nio-8080-exec-4] c.e.b.c.c.a.ExceptionAdvice [ExceptionAdvice.java:24] org.springframework.web.filter.RequestContextFilter.doFilterInternal(RequestContextFilter.java:100)
2024-09-02 16:13:38,287 ERROR [http-nio-8080-exec-4] c.e.b.c.c.a.ExceptionAdvice [ExceptionAdvice.java:24] org.springframework.web.filter.OncePerRequestFilter.doFilter(OncePerRequestFilter.java:117)
2024-09-02 16:13:38,287 ERROR [http-nio-8080-exec-4] c.e.b.c.c.a.ExceptionAdvice [ExceptionAdvice.java:24] org.apache.catalina.core.ApplicationFilterChain.internalDoFilter(ApplicationFilterChain.java:189)
2024-09-02 16:13:38,287 ERROR [http-nio-8080-exec-4] c.e.b.c.c.a.ExceptionAdvice [ExceptionAdvice.java:24] org.apache.catalina.core.ApplicationFilterChain.doFilter(ApplicationFilterChain.java:162)
2024-09-02 16:13:38,287 ERROR [http-nio-8080-exec-4] c.e.b.c.c.a.ExceptionAdvice [ExceptionAdvice.java:24] org.springframework.web.filter.FormContentFilter.doFilterInternal(FormContentFilter.java:93)
2024-09-02 16:13:38,287 ERROR [http-nio-8080-exec-4] c.e.b.c.c.a.ExceptionAdvice [ExceptionAdvice.java:24] org.springframework.web.filter.OncePerRequestFilter.doFilter(OncePerRequestFilter.java:117)
2024-09-02 16:13:38,287 ERROR [http-nio-8080-exec-4] c.e.b.c.c.a.ExceptionAdvice [ExceptionAdvice.java:24] org.apache.catalina.core.ApplicationFilterChain.internalDoFilter(ApplicationFilterChain.java:189)
2024-09-02 16:13:38,287 ERROR [http-nio-8080-exec-4] c.e.b.c.c.a.ExceptionAdvice [ExceptionAdvice.java:24] org.apache.catalina.core.ApplicationFilterChain.doFilter(ApplicationFilterChain.java:162)
2024-09-02 16:13:38,287 ERROR [http-nio-8080-exec-4] c.e.b.c.c.a.ExceptionAdvice [ExceptionAdvice.java:24] org.springframework.web.filter.CharacterEncodingFilter.doFilterInternal(CharacterEncodingFilter.java:201)
2024-09-02 16:13:38,287 ERROR [http-nio-8080-exec-4] c.e.b.c.c.a.ExceptionAdvice [ExceptionAdvice.java:24] org.springframework.web.filter.OncePerRequestFilter.doFilter(OncePerRequestFilter.java:117)
2024-09-02 16:13:38,287 ERROR [http-nio-8080-exec-4] c.e.b.c.c.a.ExceptionAdvice [ExceptionAdvice.java:24] org.apache.catalina.core.ApplicationFilterChain.internalDoFilter(ApplicationFilterChain.java:189)
2024-09-02 16:13:38,287 ERROR [http-nio-8080-exec-4] c.e.b.c.c.a.ExceptionAdvice [ExceptionAdvice.java:24] org.apache.catalina.core.ApplicationFilterChain.doFilter(ApplicationFilterChain.java:162)
2024-09-02 16:13:38,287 ERROR [http-nio-8080-exec-4] c.e.b.c.c.a.ExceptionAdvice [ExceptionAdvice.java:24] org.apache.catalina.core.StandardWrapperValve.invoke(StandardWrapperValve.java:197)
2024-09-02 16:13:38,287 ERROR [http-nio-8080-exec-4] c.e.b.c.c.a.ExceptionAdvice [ExceptionAdvice.java:24] org.apache.catalina.core.StandardContextValve.invoke(StandardContextValve.java:97)
2024-09-02 16:13:38,287 ERROR [http-nio-8080-exec-4] c.e.b.c.c.a.ExceptionAdvice [ExceptionAdvice.java:24] org.apache.catalina.authenticator.AuthenticatorBase.invoke(AuthenticatorBase.java:541)
2024-09-02 16:13:38,287 ERROR [http-nio-8080-exec-4] c.e.b.c.c.a.ExceptionAdvice [ExceptionAdvice.java:24] org.apache.catalina.core.StandardHostValve.invoke(StandardHostValve.java:135)
2024-09-02 16:13:38,287 ERROR [http-nio-8080-exec-4] c.e.b.c.c.a.ExceptionAdvice [ExceptionAdvice.java:24] org.apache.catalina.valves.ErrorReportValve.invoke(ErrorReportValve.java:92)
2024-09-02 16:13:38,288 ERROR [http-nio-8080-exec-4] c.e.b.c.c.a.ExceptionAdvice [ExceptionAdvice.java:24] org.apache.catalina.core.StandardEngineValve.invoke(StandardEngineValve.java:78)
2024-09-02 16:13:38,288 ERROR [http-nio-8080-exec-4] c.e.b.c.c.a.ExceptionAdvice [ExceptionAdvice.java:24] org.apache.catalina.connector.CoyoteAdapter.service(CoyoteAdapter.java:360)
2024-09-02 16:13:38,288 ERROR [http-nio-8080-exec-4] c.e.b.c.c.a.ExceptionAdvice [ExceptionAdvice.java:24] org.apache.coyote.http11.Http11Processor.service(Http11Processor.java:399)
2024-09-02 16:13:38,288 ERROR [http-nio-8080-exec-4] c.e.b.c.c.a.ExceptionAdvice [ExceptionAdvice.java:24] org.apache.coyote.AbstractProcessorLight.process(AbstractProcessorLight.java:65)
2024-09-02 16:13:38,288 ERROR [http-nio-8080-exec-4] c.e.b.c.c.a.ExceptionAdvice [ExceptionAdvice.java:24] org.apache.coyote.AbstractProtocol$ConnectionHandler.process(AbstractProtocol.java:893)
2024-09-02 16:13:38,288 ERROR [http-nio-8080-exec-4] c.e.b.c.c.a.ExceptionAdvice [ExceptionAdvice.java:24] org.apache.tomcat.util.net.NioEndpoint$SocketProcessor.doRun(NioEndpoint.java:1789)
2024-09-02 16:13:38,288 ERROR [http-nio-8080-exec-4] c.e.b.c.c.a.ExceptionAdvice [ExceptionAdvice.java:24] org.apache.tomcat.util.net.SocketProcessorBase.run(SocketProcessorBase.java:49)
2024-09-02 16:13:38,288 ERROR [http-nio-8080-exec-4] c.e.b.c.c.a.ExceptionAdvice [ExceptionAdvice.java:24] org.apache.tomcat.util.threads.ThreadPoolExecutor.runWorker(ThreadPoolExecutor.java:1191)
2024-09-02 16:13:38,288 ERROR [http-nio-8080-exec-4] c.e.b.c.c.a.ExceptionAdvice [ExceptionAdvice.java:24] org.apache.tomcat.util.threads.ThreadPoolExecutor$Worker.run(ThreadPoolExecutor.java:659)
2024-09-02 16:13:38,288 ERROR [http-nio-8080-exec-4] c.e.b.c.c.a.ExceptionAdvice [ExceptionAdvice.java:24] org.apache.tomcat.util.threads.TaskThread$WrappingRunnable.run(TaskThread.java:61)
2024-09-02 16:13:38,288 ERROR [http-nio-8080-exec-4] c.e.b.c.c.a.ExceptionAdvice [ExceptionAdvice.java:24] java.base/java.lang.Thread.run(Thread.java:829)
