2024-09-15 19:55:28,749 WARN [restartedMain] o.s.b.w.s.c.AnnotationConfigServletWebServerApplicationContext [AbstractApplicationContext.java:591] Exception encountered during context initialization - cancelling refresh attempt: org.springframework.beans.factory.BeanCreationException: Error creating bean with name 'org.springframework.kafka.config.internalKafkaListenerAnnotationProcessor': Lookup method resolution failed; nested exception is java.lang.IllegalStateException: Failed to introspect Class [org.springframework.kafka.annotation.KafkaListenerAnnotationBeanPostProcessor] from ClassLoader [jdk.internal.loader.ClassLoaders$AppClassLoader@1dbd16a6]
2024-09-15 19:58:09,790 WARN [restartedMain] o.t.t.TemplateMode [TemplateMode.java:150] [THYMELEAF][restartedMain] Template Mode 'HTML5' is deprecated. Using Template Mode 'HTML' instead.
2024-09-15 20:13:14,628 WARN [main] o.t.t.TemplateMode [TemplateMode.java:150] [THYMELEAF][main] Template Mode 'HTML5' is deprecated. Using Template Mode 'HTML' instead.
2024-09-15 20:17:13,621 WARN [main] o.t.t.TemplateMode [TemplateMode.java:150] [THYMELEAF][main] Template Mode 'HTML5' is deprecated. Using Template Mode 'HTML' instead.
2024-09-15 20:21:45,543 WARN [main] o.t.t.TemplateMode [TemplateMode.java:150] [THYMELEAF][main] Template Mode 'HTML5' is deprecated. Using Template Mode 'HTML' instead.
2024-09-15 20:22:45,979 WARN [main] o.t.t.TemplateMode [TemplateMode.java:150] [THYMELEAF][main] Template Mode 'HTML5' is deprecated. Using Template Mode 'HTML' instead.
2024-09-15 20:32:05,274 WARN [main] o.t.t.TemplateMode [TemplateMode.java:150] [THYMELEAF][main] Template Mode 'HTML5' is deprecated. Using Template Mode 'HTML' instead.
2024-09-15 20:32:07,284 WARN [org.springframework.kafka.KafkaListenerEndpointContainer#0-0-C-1] o.a.k.c.NetworkClient [NetworkClient.java:1054] [Consumer clientId=consumer-test-consumer-group-1, groupId=test-consumer-group] Bootstrap broker localhost:9092 (id: -1 rack: null) disconnected
2024-09-15 20:32:07,384 WARN [org.springframework.kafka.KafkaListenerEndpointContainer#0-0-C-1] o.a.k.c.NetworkClient [NetworkClient.java:1054] [Consumer clientId=consumer-test-consumer-group-1, groupId=test-consumer-group] Bootstrap broker localhost:9092 (id: -1 rack: null) disconnected
2024-09-15 20:32:07,441 WARN [kafka-producer-network-thread | producer-1] o.a.k.c.NetworkClient [NetworkClient.java:1054] [Producer clientId=producer-1] Bootstrap broker localhost:9092 (id: -1 rack: null) disconnected
2024-09-15 20:32:07,485 WARN [org.springframework.kafka.KafkaListenerEndpointContainer#0-0-C-1] o.a.k.c.NetworkClient [NetworkClient.java:1054] [Consumer clientId=consumer-test-consumer-group-1, groupId=test-consumer-group] Bootstrap broker localhost:9092 (id: -1 rack: null) disconnected
2024-09-15 20:32:07,543 WARN [kafka-producer-network-thread | producer-1] o.a.k.c.NetworkClient [NetworkClient.java:1054] [Producer clientId=producer-1] Bootstrap broker localhost:9092 (id: -1 rack: null) disconnected
2024-09-15 20:32:07,587 WARN [org.springframework.kafka.KafkaListenerEndpointContainer#0-0-C-1] o.a.k.c.NetworkClient [NetworkClient.java:1054] [Consumer clientId=consumer-test-consumer-group-1, groupId=test-consumer-group] Bootstrap broker localhost:9092 (id: -1 rack: null) disconnected
2024-09-15 20:32:07,645 WARN [kafka-producer-network-thread | producer-1] o.a.k.c.NetworkClient [NetworkClient.java:1054] [Producer clientId=producer-1] Bootstrap broker localhost:9092 (id: -1 rack: null) disconnected
2024-09-15 20:32:07,689 WARN [org.springframework.kafka.KafkaListenerEndpointContainer#0-0-C-1] o.a.k.c.NetworkClient [NetworkClient.java:1054] [Consumer clientId=consumer-test-consumer-group-1, groupId=test-consumer-group] Bootstrap broker localhost:9092 (id: -1 rack: null) disconnected
2024-09-15 20:32:07,746 WARN [kafka-producer-network-thread | producer-1] o.a.k.c.NetworkClient [NetworkClient.java:1054] [Producer clientId=producer-1] Bootstrap broker localhost:9092 (id: -1 rack: null) disconnected
2024-09-15 20:32:07,791 WARN [org.springframework.kafka.KafkaListenerEndpointContainer#0-0-C-1] o.a.k.c.NetworkClient [NetworkClient.java:1054] [Consumer clientId=consumer-test-consumer-group-1, groupId=test-consumer-group] Bootstrap broker localhost:9092 (id: -1 rack: null) disconnected
2024-09-15 20:32:07,848 WARN [kafka-producer-network-thread | producer-1] o.a.k.c.NetworkClient [NetworkClient.java:1054] [Producer clientId=producer-1] Bootstrap broker localhost:9092 (id: -1 rack: null) disconnected
2024-09-15 20:32:07,893 WARN [org.springframework.kafka.KafkaListenerEndpointContainer#0-0-C-1] o.a.k.c.NetworkClient [NetworkClient.java:1054] [Consumer clientId=consumer-test-consumer-group-1, groupId=test-consumer-group] Bootstrap broker localhost:9092 (id: -1 rack: null) disconnected
2024-09-15 20:32:07,950 WARN [kafka-producer-network-thread | producer-1] o.a.k.c.NetworkClient [NetworkClient.java:1054] [Producer clientId=producer-1] Bootstrap broker localhost:9092 (id: -1 rack: null) disconnected
2024-09-15 20:32:07,995 WARN [org.springframework.kafka.KafkaListenerEndpointContainer#0-0-C-1] o.a.k.c.NetworkClient [NetworkClient.java:1054] [Consumer clientId=consumer-test-consumer-group-1, groupId=test-consumer-group] Bootstrap broker localhost:9092 (id: -1 rack: null) disconnected
2024-09-15 20:32:08,052 WARN [kafka-producer-network-thread | producer-1] o.a.k.c.NetworkClient [NetworkClient.java:1054] [Producer clientId=producer-1] Bootstrap broker localhost:9092 (id: -1 rack: null) disconnected
2024-09-15 20:32:08,096 WARN [org.springframework.kafka.KafkaListenerEndpointContainer#0-0-C-1] o.a.k.c.NetworkClient [NetworkClient.java:1054] [Consumer clientId=consumer-test-consumer-group-1, groupId=test-consumer-group] Bootstrap broker localhost:9092 (id: -1 rack: null) disconnected
2024-09-15 20:32:08,154 WARN [kafka-producer-network-thread | producer-1] o.a.k.c.NetworkClient [NetworkClient.java:1054] [Producer clientId=producer-1] Bootstrap broker localhost:9092 (id: -1 rack: null) disconnected
2024-09-15 20:32:08,197 WARN [org.springframework.kafka.KafkaListenerEndpointContainer#0-0-C-1] o.a.k.c.NetworkClient [NetworkClient.java:1054] [Consumer clientId=consumer-test-consumer-group-1, groupId=test-consumer-group] Bootstrap broker localhost:9092 (id: -1 rack: null) disconnected
2024-09-15 20:32:08,256 WARN [kafka-producer-network-thread | producer-1] o.a.k.c.NetworkClient [NetworkClient.java:1054] [Producer clientId=producer-1] Bootstrap broker localhost:9092 (id: -1 rack: null) disconnected
2024-09-15 20:32:08,298 WARN [org.springframework.kafka.KafkaListenerEndpointContainer#0-0-C-1] o.a.k.c.NetworkClient [NetworkClient.java:1054] [Consumer clientId=consumer-test-consumer-group-1, groupId=test-consumer-group] Bootstrap broker localhost:9092 (id: -1 rack: null) disconnected
2024-09-15 20:32:08,357 WARN [kafka-producer-network-thread | producer-1] o.a.k.c.NetworkClient [NetworkClient.java:1054] [Producer clientId=producer-1] Bootstrap broker localhost:9092 (id: -1 rack: null) disconnected
2024-09-15 20:32:08,399 WARN [org.springframework.kafka.KafkaListenerEndpointContainer#0-0-C-1] o.a.k.c.NetworkClient [NetworkClient.java:1054] [Consumer clientId=consumer-test-consumer-group-1, groupId=test-consumer-group] Bootstrap broker localhost:9092 (id: -1 rack: null) disconnected
2024-09-15 20:32:08,459 WARN [kafka-producer-network-thread | producer-1] o.a.k.c.NetworkClient [NetworkClient.java:1054] [Producer clientId=producer-1] Bootstrap broker localhost:9092 (id: -1 rack: null) disconnected
2024-09-15 20:32:08,500 WARN [org.springframework.kafka.KafkaListenerEndpointContainer#0-0-C-1] o.a.k.c.NetworkClient [NetworkClient.java:1054] [Consumer clientId=consumer-test-consumer-group-1, groupId=test-consumer-group] Bootstrap broker localhost:9092 (id: -1 rack: null) disconnected
2024-09-15 20:32:08,560 WARN [kafka-producer-network-thread | producer-1] o.a.k.c.NetworkClient [NetworkClient.java:1054] [Producer clientId=producer-1] Bootstrap broker localhost:9092 (id: -1 rack: null) disconnected
2024-09-15 20:32:08,601 WARN [org.springframework.kafka.KafkaListenerEndpointContainer#0-0-C-1] o.a.k.c.NetworkClient [NetworkClient.java:1054] [Consumer clientId=consumer-test-consumer-group-1, groupId=test-consumer-group] Bootstrap broker localhost:9092 (id: -1 rack: null) disconnected
2024-09-15 20:32:08,662 WARN [kafka-producer-network-thread | producer-1] o.a.k.c.NetworkClient [NetworkClient.java:1054] [Producer clientId=producer-1] Bootstrap broker localhost:9092 (id: -1 rack: null) disconnected
2024-09-15 20:32:08,702 WARN [org.springframework.kafka.KafkaListenerEndpointContainer#0-0-C-1] o.a.k.c.NetworkClient [NetworkClient.java:1054] [Consumer clientId=consumer-test-consumer-group-1, groupId=test-consumer-group] Bootstrap broker localhost:9092 (id: -1 rack: null) disconnected
2024-09-15 20:32:08,764 WARN [kafka-producer-network-thread | producer-1] o.a.k.c.NetworkClient [NetworkClient.java:1054] [Producer clientId=producer-1] Bootstrap broker localhost:9092 (id: -1 rack: null) disconnected
2024-09-15 20:32:08,804 WARN [org.springframework.kafka.KafkaListenerEndpointContainer#0-0-C-1] o.a.k.c.NetworkClient [NetworkClient.java:1054] [Consumer clientId=consumer-test-consumer-group-1, groupId=test-consumer-group] Bootstrap broker localhost:9092 (id: -1 rack: null) disconnected
2024-09-15 20:32:08,865 WARN [kafka-producer-network-thread | producer-1] o.a.k.c.NetworkClient [NetworkClient.java:1054] [Producer clientId=producer-1] Bootstrap broker localhost:9092 (id: -1 rack: null) disconnected
2024-09-15 20:32:08,904 WARN [org.springframework.kafka.KafkaListenerEndpointContainer#0-0-C-1] o.a.k.c.NetworkClient [NetworkClient.java:1054] [Consumer clientId=consumer-test-consumer-group-1, groupId=test-consumer-group] Bootstrap broker localhost:9092 (id: -1 rack: null) disconnected
2024-09-15 20:32:08,967 WARN [kafka-producer-network-thread | producer-1] o.a.k.c.NetworkClient [NetworkClient.java:1054] [Producer clientId=producer-1] Bootstrap broker localhost:9092 (id: -1 rack: null) disconnected
2024-09-15 20:32:09,005 WARN [org.springframework.kafka.KafkaListenerEndpointContainer#0-0-C-1] o.a.k.c.NetworkClient [NetworkClient.java:1054] [Consumer clientId=consumer-test-consumer-group-1, groupId=test-consumer-group] Bootstrap broker localhost:9092 (id: -1 rack: null) disconnected
2024-09-15 20:32:09,068 WARN [kafka-producer-network-thread | producer-1] o.a.k.c.NetworkClient [NetworkClient.java:1054] [Producer clientId=producer-1] Bootstrap broker localhost:9092 (id: -1 rack: null) disconnected
2024-09-15 20:32:09,106 WARN [org.springframework.kafka.KafkaListenerEndpointContainer#0-0-C-1] o.a.k.c.NetworkClient [NetworkClient.java:1054] [Consumer clientId=consumer-test-consumer-group-1, groupId=test-consumer-group] Bootstrap broker localhost:9092 (id: -1 rack: null) disconnected
2024-09-15 20:32:09,170 WARN [kafka-producer-network-thread | producer-1] o.a.k.c.NetworkClient [NetworkClient.java:1054] [Producer clientId=producer-1] Bootstrap broker localhost:9092 (id: -1 rack: null) disconnected
2024-09-15 20:32:09,208 WARN [org.springframework.kafka.KafkaListenerEndpointContainer#0-0-C-1] o.a.k.c.NetworkClient [NetworkClient.java:1054] [Consumer clientId=consumer-test-consumer-group-1, groupId=test-consumer-group] Bootstrap broker localhost:9092 (id: -1 rack: null) disconnected
2024-09-15 20:32:09,271 WARN [kafka-producer-network-thread | producer-1] o.a.k.c.NetworkClient [NetworkClient.java:1054] [Producer clientId=producer-1] Bootstrap broker localhost:9092 (id: -1 rack: null) disconnected
2024-09-15 20:32:09,309 WARN [org.springframework.kafka.KafkaListenerEndpointContainer#0-0-C-1] o.a.k.c.NetworkClient [NetworkClient.java:1054] [Consumer clientId=consumer-test-consumer-group-1, groupId=test-consumer-group] Bootstrap broker localhost:9092 (id: -1 rack: null) disconnected
2024-09-15 20:32:09,373 WARN [kafka-producer-network-thread | producer-1] o.a.k.c.NetworkClient [NetworkClient.java:1054] [Producer clientId=producer-1] Bootstrap broker localhost:9092 (id: -1 rack: null) disconnected
2024-09-15 20:32:09,410 WARN [org.springframework.kafka.KafkaListenerEndpointContainer#0-0-C-1] o.a.k.c.NetworkClient [NetworkClient.java:1054] [Consumer clientId=consumer-test-consumer-group-1, groupId=test-consumer-group] Bootstrap broker localhost:9092 (id: -1 rack: null) disconnected
2024-09-15 20:32:09,475 WARN [kafka-producer-network-thread | producer-1] o.a.k.c.NetworkClient [NetworkClient.java:1054] [Producer clientId=producer-1] Bootstrap broker localhost:9092 (id: -1 rack: null) disconnected
2024-09-15 20:32:09,511 WARN [org.springframework.kafka.KafkaListenerEndpointContainer#0-0-C-1] o.a.k.c.NetworkClient [NetworkClient.java:1054] [Consumer clientId=consumer-test-consumer-group-1, groupId=test-consumer-group] Bootstrap broker localhost:9092 (id: -1 rack: null) disconnected
2024-09-15 20:32:09,577 WARN [kafka-producer-network-thread | producer-1] o.a.k.c.NetworkClient [NetworkClient.java:1054] [Producer clientId=producer-1] Bootstrap broker localhost:9092 (id: -1 rack: null) disconnected
2024-09-15 20:32:09,613 WARN [org.springframework.kafka.KafkaListenerEndpointContainer#0-0-C-1] o.a.k.c.NetworkClient [NetworkClient.java:1054] [Consumer clientId=consumer-test-consumer-group-1, groupId=test-consumer-group] Bootstrap broker localhost:9092 (id: -1 rack: null) disconnected
2024-09-15 20:32:09,678 WARN [kafka-producer-network-thread | producer-1] o.a.k.c.NetworkClient [NetworkClient.java:1054] [Producer clientId=producer-1] Bootstrap broker localhost:9092 (id: -1 rack: null) disconnected
2024-09-15 20:32:09,713 WARN [org.springframework.kafka.KafkaListenerEndpointContainer#0-0-C-1] o.a.k.c.NetworkClient [NetworkClient.java:1054] [Consumer clientId=consumer-test-consumer-group-1, groupId=test-consumer-group] Bootstrap broker localhost:9092 (id: -1 rack: null) disconnected
2024-09-15 20:32:10,455 WARN [org.springframework.kafka.KafkaListenerEndpointContainer#0-0-C-1] o.a.k.c.NetworkClient [NetworkClient.java:1054] [Consumer clientId=consumer-test-consumer-group-1, groupId=test-consumer-group] Bootstrap broker localhost:9092 (id: -1 rack: null) disconnected
2024-09-15 20:32:10,455 WARN [kafka-producer-network-thread | producer-1] o.a.k.c.NetworkClient [NetworkClient.java:1054] [Producer clientId=producer-1] Bootstrap broker localhost:9092 (id: -1 rack: null) disconnected
2024-09-15 20:32:10,556 WARN [kafka-producer-network-thread | producer-1] o.a.k.c.NetworkClient [NetworkClient.java:766] [Producer clientId=producer-1] Connection to node -1 (localhost/127.0.0.1:9092) could not be established. Broker may not be available.
2024-09-15 20:32:10,556 WARN [org.springframework.kafka.KafkaListenerEndpointContainer#0-0-C-1] o.a.k.c.NetworkClient [NetworkClient.java:766] [Consumer clientId=consumer-test-consumer-group-1, groupId=test-consumer-group] Connection to node -1 (localhost/127.0.0.1:9092) could not be established. Broker may not be available.
2024-09-15 20:32:10,556 WARN [kafka-producer-network-thread | producer-1] o.a.k.c.NetworkClient [NetworkClient.java:1054] [Producer clientId=producer-1] Bootstrap broker localhost:9092 (id: -1 rack: null) disconnected
2024-09-15 20:32:10,557 WARN [org.springframework.kafka.KafkaListenerEndpointContainer#0-0-C-1] o.a.k.c.NetworkClient [NetworkClient.java:1054] [Consumer clientId=consumer-test-consumer-group-1, groupId=test-consumer-group] Bootstrap broker localhost:9092 (id: -1 rack: null) disconnected
2024-09-15 20:32:10,657 WARN [org.springframework.kafka.KafkaListenerEndpointContainer#0-0-C-1] o.a.k.c.NetworkClient [NetworkClient.java:766] [Consumer clientId=consumer-test-consumer-group-1, groupId=test-consumer-group] Connection to node -1 (localhost/127.0.0.1:9092) could not be established. Broker may not be available.
2024-09-15 20:32:10,657 WARN [org.springframework.kafka.KafkaListenerEndpointContainer#0-0-C-1] o.a.k.c.NetworkClient [NetworkClient.java:1054] [Consumer clientId=consumer-test-consumer-group-1, groupId=test-consumer-group] Bootstrap broker localhost:9092 (id: -1 rack: null) disconnected
2024-09-15 20:32:10,657 WARN [kafka-producer-network-thread | producer-1] o.a.k.c.NetworkClient [NetworkClient.java:766] [Producer clientId=producer-1] Connection to node -1 (localhost/127.0.0.1:9092) could not be established. Broker may not be available.
2024-09-15 20:32:10,657 WARN [kafka-producer-network-thread | producer-1] o.a.k.c.NetworkClient [NetworkClient.java:1054] [Producer clientId=producer-1] Bootstrap broker localhost:9092 (id: -1 rack: null) disconnected
2024-09-15 20:32:10,858 WARN [org.springframework.kafka.KafkaListenerEndpointContainer#0-0-C-1] o.a.k.c.NetworkClient [NetworkClient.java:766] [Consumer clientId=consumer-test-consumer-group-1, groupId=test-consumer-group] Connection to node -1 (localhost/127.0.0.1:9092) could not be established. Broker may not be available.
2024-09-15 20:32:10,859 WARN [org.springframework.kafka.KafkaListenerEndpointContainer#0-0-C-1] o.a.k.c.NetworkClient [NetworkClient.java:1054] [Consumer clientId=consumer-test-consumer-group-1, groupId=test-consumer-group] Bootstrap broker localhost:9092 (id: -1 rack: null) disconnected
2024-09-15 20:32:11,261 WARN [org.springframework.kafka.KafkaListenerEndpointContainer#0-0-C-1] o.a.k.c.NetworkClient [NetworkClient.java:1054] [Consumer clientId=consumer-test-consumer-group-1, groupId=test-consumer-group] Bootstrap broker localhost:9092 (id: -1 rack: null) disconnected
2024-09-15 20:32:11,361 WARN [org.springframework.kafka.KafkaListenerEndpointContainer#0-0-C-1] o.a.k.c.NetworkClient [NetworkClient.java:1054] [Consumer clientId=consumer-test-consumer-group-1, groupId=test-consumer-group] Bootstrap broker localhost:9092 (id: -1 rack: null) disconnected
2024-09-15 20:32:11,463 WARN [org.springframework.kafka.KafkaListenerEndpointContainer#0-0-C-1] o.a.k.c.NetworkClient [NetworkClient.java:1054] [Consumer clientId=consumer-test-consumer-group-1, groupId=test-consumer-group] Bootstrap broker localhost:9092 (id: -1 rack: null) disconnected
2024-09-15 20:32:11,564 WARN [org.springframework.kafka.KafkaListenerEndpointContainer#0-0-C-1] o.a.k.c.NetworkClient [NetworkClient.java:1054] [Consumer clientId=consumer-test-consumer-group-1, groupId=test-consumer-group] Bootstrap broker localhost:9092 (id: -1 rack: null) disconnected
2024-09-15 20:32:11,665 WARN [org.springframework.kafka.KafkaListenerEndpointContainer#0-0-C-1] o.a.k.c.NetworkClient [NetworkClient.java:1054] [Consumer clientId=consumer-test-consumer-group-1, groupId=test-consumer-group] Bootstrap broker localhost:9092 (id: -1 rack: null) disconnected
2024-09-15 20:32:11,766 WARN [org.springframework.kafka.KafkaListenerEndpointContainer#0-0-C-1] o.a.k.c.NetworkClient [NetworkClient.java:1054] [Consumer clientId=consumer-test-consumer-group-1, groupId=test-consumer-group] Bootstrap broker localhost:9092 (id: -1 rack: null) disconnected
2024-09-15 20:32:11,868 WARN [org.springframework.kafka.KafkaListenerEndpointContainer#0-0-C-1] o.a.k.c.NetworkClient [NetworkClient.java:1054] [Consumer clientId=consumer-test-consumer-group-1, groupId=test-consumer-group] Bootstrap broker localhost:9092 (id: -1 rack: null) disconnected
2024-09-15 20:32:11,925 WARN [kafka-producer-network-thread | producer-1] o.a.k.c.NetworkClient [NetworkClient.java:1054] [Producer clientId=producer-1] Bootstrap broker localhost:9092 (id: -1 rack: null) disconnected
2024-09-15 20:32:11,969 WARN [org.springframework.kafka.KafkaListenerEndpointContainer#0-0-C-1] o.a.k.c.NetworkClient [NetworkClient.java:1054] [Consumer clientId=consumer-test-consumer-group-1, groupId=test-consumer-group] Bootstrap broker localhost:9092 (id: -1 rack: null) disconnected
2024-09-15 20:32:12,026 WARN [kafka-producer-network-thread | producer-1] o.a.k.c.NetworkClient [NetworkClient.java:1054] [Producer clientId=producer-1] Bootstrap broker localhost:9092 (id: -1 rack: null) disconnected
2024-09-15 20:32:12,070 WARN [org.springframework.kafka.KafkaListenerEndpointContainer#0-0-C-1] o.a.k.c.NetworkClient [NetworkClient.java:1054] [Consumer clientId=consumer-test-consumer-group-1, groupId=test-consumer-group] Bootstrap broker localhost:9092 (id: -1 rack: null) disconnected
2024-09-15 20:32:12,128 WARN [kafka-producer-network-thread | producer-1] o.a.k.c.NetworkClient [NetworkClient.java:1054] [Producer clientId=producer-1] Bootstrap broker localhost:9092 (id: -1 rack: null) disconnected
2024-09-15 20:32:12,171 WARN [org.springframework.kafka.KafkaListenerEndpointContainer#0-0-C-1] o.a.k.c.NetworkClient [NetworkClient.java:1054] [Consumer clientId=consumer-test-consumer-group-1, groupId=test-consumer-group] Bootstrap broker localhost:9092 (id: -1 rack: null) disconnected
2024-09-15 20:32:12,229 WARN [kafka-producer-network-thread | producer-1] o.a.k.c.NetworkClient [NetworkClient.java:1054] [Producer clientId=producer-1] Bootstrap broker localhost:9092 (id: -1 rack: null) disconnected
2024-09-15 20:32:12,273 WARN [org.springframework.kafka.KafkaListenerEndpointContainer#0-0-C-1] o.a.k.c.NetworkClient [NetworkClient.java:1054] [Consumer clientId=consumer-test-consumer-group-1, groupId=test-consumer-group] Bootstrap broker localhost:9092 (id: -1 rack: null) disconnected
2024-09-15 20:32:12,330 WARN [kafka-producer-network-thread | producer-1] o.a.k.c.NetworkClient [NetworkClient.java:1054] [Producer clientId=producer-1] Bootstrap broker localhost:9092 (id: -1 rack: null) disconnected
2024-09-15 20:32:12,374 WARN [org.springframework.kafka.KafkaListenerEndpointContainer#0-0-C-1] o.a.k.c.NetworkClient [NetworkClient.java:1054] [Consumer clientId=consumer-test-consumer-group-1, groupId=test-consumer-group] Bootstrap broker localhost:9092 (id: -1 rack: null) disconnected
2024-09-15 20:32:12,431 WARN [kafka-producer-network-thread | producer-1] o.a.k.c.NetworkClient [NetworkClient.java:1054] [Producer clientId=producer-1] Bootstrap broker localhost:9092 (id: -1 rack: null) disconnected
2024-09-15 20:32:12,476 WARN [org.springframework.kafka.KafkaListenerEndpointContainer#0-0-C-1] o.a.k.c.NetworkClient [NetworkClient.java:1054] [Consumer clientId=consumer-test-consumer-group-1, groupId=test-consumer-group] Bootstrap broker localhost:9092 (id: -1 rack: null) disconnected
2024-09-15 20:32:12,533 WARN [kafka-producer-network-thread | producer-1] o.a.k.c.NetworkClient [NetworkClient.java:1054] [Producer clientId=producer-1] Bootstrap broker localhost:9092 (id: -1 rack: null) disconnected
2024-09-15 20:32:12,576 WARN [org.springframework.kafka.KafkaListenerEndpointContainer#0-0-C-1] o.a.k.c.NetworkClient [NetworkClient.java:1054] [Consumer clientId=consumer-test-consumer-group-1, groupId=test-consumer-group] Bootstrap broker localhost:9092 (id: -1 rack: null) disconnected
2024-09-15 20:32:12,634 WARN [kafka-producer-network-thread | producer-1] o.a.k.c.NetworkClient [NetworkClient.java:1054] [Producer clientId=producer-1] Bootstrap broker localhost:9092 (id: -1 rack: null) disconnected
2024-09-15 20:32:12,677 WARN [org.springframework.kafka.KafkaListenerEndpointContainer#0-0-C-1] o.a.k.c.NetworkClient [NetworkClient.java:1054] [Consumer clientId=consumer-test-consumer-group-1, groupId=test-consumer-group] Bootstrap broker localhost:9092 (id: -1 rack: null) disconnected
2024-09-15 20:32:12,735 WARN [kafka-producer-network-thread | producer-1] o.a.k.c.NetworkClient [NetworkClient.java:1054] [Producer clientId=producer-1] Bootstrap broker localhost:9092 (id: -1 rack: null) disconnected
2024-09-15 20:32:12,778 WARN [org.springframework.kafka.KafkaListenerEndpointContainer#0-0-C-1] o.a.k.c.NetworkClient [NetworkClient.java:1054] [Consumer clientId=consumer-test-consumer-group-1, groupId=test-consumer-group] Bootstrap broker localhost:9092 (id: -1 rack: null) disconnected
2024-09-15 20:32:12,837 WARN [kafka-producer-network-thread | producer-1] o.a.k.c.NetworkClient [NetworkClient.java:1054] [Producer clientId=producer-1] Bootstrap broker localhost:9092 (id: -1 rack: null) disconnected
2024-09-15 20:32:12,879 WARN [org.springframework.kafka.KafkaListenerEndpointContainer#0-0-C-1] o.a.k.c.NetworkClient [NetworkClient.java:1054] [Consumer clientId=consumer-test-consumer-group-1, groupId=test-consumer-group] Bootstrap broker localhost:9092 (id: -1 rack: null) disconnected
2024-09-15 20:32:12,938 WARN [kafka-producer-network-thread | producer-1] o.a.k.c.NetworkClient [NetworkClient.java:1054] [Producer clientId=producer-1] Bootstrap broker localhost:9092 (id: -1 rack: null) disconnected
2024-09-15 20:32:12,980 WARN [org.springframework.kafka.KafkaListenerEndpointContainer#0-0-C-1] o.a.k.c.NetworkClient [NetworkClient.java:1054] [Consumer clientId=consumer-test-consumer-group-1, groupId=test-consumer-group] Bootstrap broker localhost:9092 (id: -1 rack: null) disconnected
2024-09-15 20:32:13,039 WARN [kafka-producer-network-thread | producer-1] o.a.k.c.NetworkClient [NetworkClient.java:1054] [Producer clientId=producer-1] Bootstrap broker localhost:9092 (id: -1 rack: null) disconnected
2024-09-15 20:32:13,081 WARN [org.springframework.kafka.KafkaListenerEndpointContainer#0-0-C-1] o.a.k.c.NetworkClient [NetworkClient.java:1054] [Consumer clientId=consumer-test-consumer-group-1, groupId=test-consumer-group] Bootstrap broker localhost:9092 (id: -1 rack: null) disconnected
2024-09-15 20:32:13,140 WARN [kafka-producer-network-thread | producer-1] o.a.k.c.NetworkClient [NetworkClient.java:1054] [Producer clientId=producer-1] Bootstrap broker localhost:9092 (id: -1 rack: null) disconnected
2024-09-15 20:32:13,182 WARN [org.springframework.kafka.KafkaListenerEndpointContainer#0-0-C-1] o.a.k.c.NetworkClient [NetworkClient.java:1054] [Consumer clientId=consumer-test-consumer-group-1, groupId=test-consumer-group] Bootstrap broker localhost:9092 (id: -1 rack: null) disconnected
2024-09-15 20:32:13,242 WARN [kafka-producer-network-thread | producer-1] o.a.k.c.NetworkClient [NetworkClient.java:1054] [Producer clientId=producer-1] Bootstrap broker localhost:9092 (id: -1 rack: null) disconnected
2024-09-15 20:32:13,283 WARN [org.springframework.kafka.KafkaListenerEndpointContainer#0-0-C-1] o.a.k.c.NetworkClient [NetworkClient.java:1054] [Consumer clientId=consumer-test-consumer-group-1, groupId=test-consumer-group] Bootstrap broker localhost:9092 (id: -1 rack: null) disconnected
2024-09-15 20:32:13,343 WARN [kafka-producer-network-thread | producer-1] o.a.k.c.NetworkClient [NetworkClient.java:1054] [Producer clientId=producer-1] Bootstrap broker localhost:9092 (id: -1 rack: null) disconnected
2024-09-15 20:32:13,384 WARN [org.springframework.kafka.KafkaListenerEndpointContainer#0-0-C-1] o.a.k.c.NetworkClient [NetworkClient.java:1054] [Consumer clientId=consumer-test-consumer-group-1, groupId=test-consumer-group] Bootstrap broker localhost:9092 (id: -1 rack: null) disconnected
2024-09-15 20:32:13,444 WARN [kafka-producer-network-thread | producer-1] o.a.k.c.NetworkClient [NetworkClient.java:1054] [Producer clientId=producer-1] Bootstrap broker localhost:9092 (id: -1 rack: null) disconnected
2024-09-15 20:32:13,485 WARN [org.springframework.kafka.KafkaListenerEndpointContainer#0-0-C-1] o.a.k.c.NetworkClient [NetworkClient.java:1054] [Consumer clientId=consumer-test-consumer-group-1, groupId=test-consumer-group] Bootstrap broker localhost:9092 (id: -1 rack: null) disconnected
2024-09-15 20:32:13,545 WARN [kafka-producer-network-thread | producer-1] o.a.k.c.NetworkClient [NetworkClient.java:1054] [Producer clientId=producer-1] Bootstrap broker localhost:9092 (id: -1 rack: null) disconnected
2024-09-15 20:32:13,587 WARN [org.springframework.kafka.KafkaListenerEndpointContainer#0-0-C-1] o.a.k.c.NetworkClient [NetworkClient.java:1054] [Consumer clientId=consumer-test-consumer-group-1, groupId=test-consumer-group] Bootstrap broker localhost:9092 (id: -1 rack: null) disconnected
2024-09-15 20:32:13,647 WARN [kafka-producer-network-thread | producer-1] o.a.k.c.NetworkClient [NetworkClient.java:1054] [Producer clientId=producer-1] Bootstrap broker localhost:9092 (id: -1 rack: null) disconnected
2024-09-15 20:32:13,688 WARN [org.springframework.kafka.KafkaListenerEndpointContainer#0-0-C-1] o.a.k.c.NetworkClient [NetworkClient.java:1054] [Consumer clientId=consumer-test-consumer-group-1, groupId=test-consumer-group] Bootstrap broker localhost:9092 (id: -1 rack: null) disconnected
2024-09-15 20:32:13,748 WARN [kafka-producer-network-thread | producer-1] o.a.k.c.NetworkClient [NetworkClient.java:1054] [Producer clientId=producer-1] Bootstrap broker localhost:9092 (id: -1 rack: null) disconnected
2024-09-15 20:32:13,789 WARN [org.springframework.kafka.KafkaListenerEndpointContainer#0-0-C-1] o.a.k.c.NetworkClient [NetworkClient.java:1054] [Consumer clientId=consumer-test-consumer-group-1, groupId=test-consumer-group] Bootstrap broker localhost:9092 (id: -1 rack: null) disconnected
2024-09-15 20:32:13,849 WARN [kafka-producer-network-thread | producer-1] o.a.k.c.NetworkClient [NetworkClient.java:1054] [Producer clientId=producer-1] Bootstrap broker localhost:9092 (id: -1 rack: null) disconnected
2024-09-15 20:32:13,890 WARN [org.springframework.kafka.KafkaListenerEndpointContainer#0-0-C-1] o.a.k.c.NetworkClient [NetworkClient.java:1054] [Consumer clientId=consumer-test-consumer-group-1, groupId=test-consumer-group] Bootstrap broker localhost:9092 (id: -1 rack: null) disconnected
2024-09-15 20:32:13,950 WARN [kafka-producer-network-thread | producer-1] o.a.k.c.NetworkClient [NetworkClient.java:1054] [Producer clientId=producer-1] Bootstrap broker localhost:9092 (id: -1 rack: null) disconnected
2024-09-15 20:32:13,991 WARN [org.springframework.kafka.KafkaListenerEndpointContainer#0-0-C-1] o.a.k.c.NetworkClient [NetworkClient.java:1054] [Consumer clientId=consumer-test-consumer-group-1, groupId=test-consumer-group] Bootstrap broker localhost:9092 (id: -1 rack: null) disconnected
2024-09-15 20:32:14,052 WARN [kafka-producer-network-thread | producer-1] o.a.k.c.NetworkClient [NetworkClient.java:1054] [Producer clientId=producer-1] Bootstrap broker localhost:9092 (id: -1 rack: null) disconnected
2024-09-15 20:32:14,091 WARN [org.springframework.kafka.KafkaListenerEndpointContainer#0-0-C-1] o.a.k.c.NetworkClient [NetworkClient.java:1054] [Consumer clientId=consumer-test-consumer-group-1, groupId=test-consumer-group] Bootstrap broker localhost:9092 (id: -1 rack: null) disconnected
2024-09-15 20:32:14,153 WARN [kafka-producer-network-thread | producer-1] o.a.k.c.NetworkClient [NetworkClient.java:1054] [Producer clientId=producer-1] Bootstrap broker localhost:9092 (id: -1 rack: null) disconnected
2024-09-15 20:32:14,192 WARN [org.springframework.kafka.KafkaListenerEndpointContainer#0-0-C-1] o.a.k.c.NetworkClient [NetworkClient.java:1054] [Consumer clientId=consumer-test-consumer-group-1, groupId=test-consumer-group] Bootstrap broker localhost:9092 (id: -1 rack: null) disconnected
2024-09-15 20:32:14,254 WARN [kafka-producer-network-thread | producer-1] o.a.k.c.NetworkClient [NetworkClient.java:1054] [Producer clientId=producer-1] Bootstrap broker localhost:9092 (id: -1 rack: null) disconnected
2024-09-15 20:32:14,294 WARN [org.springframework.kafka.KafkaListenerEndpointContainer#0-0-C-1] o.a.k.c.NetworkClient [NetworkClient.java:1054] [Consumer clientId=consumer-test-consumer-group-1, groupId=test-consumer-group] Bootstrap broker localhost:9092 (id: -1 rack: null) disconnected
2024-09-15 20:32:14,355 WARN [kafka-producer-network-thread | producer-1] o.a.k.c.NetworkClient [NetworkClient.java:1054] [Producer clientId=producer-1] Bootstrap broker localhost:9092 (id: -1 rack: null) disconnected
2024-09-15 20:32:14,395 WARN [org.springframework.kafka.KafkaListenerEndpointContainer#0-0-C-1] o.a.k.c.NetworkClient [NetworkClient.java:1054] [Consumer clientId=consumer-test-consumer-group-1, groupId=test-consumer-group] Bootstrap broker localhost:9092 (id: -1 rack: null) disconnected
2024-09-15 20:32:14,457 WARN [kafka-producer-network-thread | producer-1] o.a.k.c.NetworkClient [NetworkClient.java:1054] [Producer clientId=producer-1] Bootstrap broker localhost:9092 (id: -1 rack: null) disconnected
2024-09-15 20:32:14,496 WARN [org.springframework.kafka.KafkaListenerEndpointContainer#0-0-C-1] o.a.k.c.NetworkClient [NetworkClient.java:1054] [Consumer clientId=consumer-test-consumer-group-1, groupId=test-consumer-group] Bootstrap broker localhost:9092 (id: -1 rack: null) disconnected
2024-09-15 20:32:14,558 WARN [kafka-producer-network-thread | producer-1] o.a.k.c.NetworkClient [NetworkClient.java:1054] [Producer clientId=producer-1] Bootstrap broker localhost:9092 (id: -1 rack: null) disconnected
2024-09-15 20:32:14,596 WARN [org.springframework.kafka.KafkaListenerEndpointContainer#0-0-C-1] o.a.k.c.NetworkClient [NetworkClient.java:1054] [Consumer clientId=consumer-test-consumer-group-1, groupId=test-consumer-group] Bootstrap broker localhost:9092 (id: -1 rack: null) disconnected
2024-09-15 20:32:14,659 WARN [kafka-producer-network-thread | producer-1] o.a.k.c.NetworkClient [NetworkClient.java:1054] [Producer clientId=producer-1] Bootstrap broker localhost:9092 (id: -1 rack: null) disconnected
2024-09-15 20:32:14,697 WARN [org.springframework.kafka.KafkaListenerEndpointContainer#0-0-C-1] o.a.k.c.NetworkClient [NetworkClient.java:1054] [Consumer clientId=consumer-test-consumer-group-1, groupId=test-consumer-group] Bootstrap broker localhost:9092 (id: -1 rack: null) disconnected
2024-09-15 20:32:14,760 WARN [kafka-producer-network-thread | producer-1] o.a.k.c.NetworkClient [NetworkClient.java:1054] [Producer clientId=producer-1] Bootstrap broker localhost:9092 (id: -1 rack: null) disconnected
2024-09-15 20:32:14,798 WARN [org.springframework.kafka.KafkaListenerEndpointContainer#0-0-C-1] o.a.k.c.NetworkClient [NetworkClient.java:1054] [Consumer clientId=consumer-test-consumer-group-1, groupId=test-consumer-group] Bootstrap broker localhost:9092 (id: -1 rack: null) disconnected
2024-09-15 20:32:14,861 WARN [kafka-producer-network-thread | producer-1] o.a.k.c.NetworkClient [NetworkClient.java:1054] [Producer clientId=producer-1] Bootstrap broker localhost:9092 (id: -1 rack: null) disconnected
2024-09-15 20:32:14,899 WARN [org.springframework.kafka.KafkaListenerEndpointContainer#0-0-C-1] o.a.k.c.NetworkClient [NetworkClient.java:1054] [Consumer clientId=consumer-test-consumer-group-1, groupId=test-consumer-group] Bootstrap broker localhost:9092 (id: -1 rack: null) disconnected
2024-09-15 20:32:14,963 WARN [kafka-producer-network-thread | producer-1] o.a.k.c.NetworkClient [NetworkClient.java:1054] [Producer clientId=producer-1] Bootstrap broker localhost:9092 (id: -1 rack: null) disconnected
2024-09-15 20:32:15,000 WARN [org.springframework.kafka.KafkaListenerEndpointContainer#0-0-C-1] o.a.k.c.NetworkClient [NetworkClient.java:1054] [Consumer clientId=consumer-test-consumer-group-1, groupId=test-consumer-group] Bootstrap broker localhost:9092 (id: -1 rack: null) disconnected
2024-09-15 20:32:15,065 WARN [kafka-producer-network-thread | producer-1] o.a.k.c.NetworkClient [NetworkClient.java:1054] [Producer clientId=producer-1] Bootstrap broker localhost:9092 (id: -1 rack: null) disconnected
2024-09-15 20:32:15,101 WARN [org.springframework.kafka.KafkaListenerEndpointContainer#0-0-C-1] o.a.k.c.NetworkClient [NetworkClient.java:1054] [Consumer clientId=consumer-test-consumer-group-1, groupId=test-consumer-group] Bootstrap broker localhost:9092 (id: -1 rack: null) disconnected
2024-09-15 20:32:15,166 WARN [kafka-producer-network-thread | producer-1] o.a.k.c.NetworkClient [NetworkClient.java:1054] [Producer clientId=producer-1] Bootstrap broker localhost:9092 (id: -1 rack: null) disconnected
2024-09-15 20:32:15,203 WARN [org.springframework.kafka.KafkaListenerEndpointContainer#0-0-C-1] o.a.k.c.NetworkClient [NetworkClient.java:1054] [Consumer clientId=consumer-test-consumer-group-1, groupId=test-consumer-group] Bootstrap broker localhost:9092 (id: -1 rack: null) disconnected
2024-09-15 20:32:15,267 WARN [kafka-producer-network-thread | producer-1] o.a.k.c.NetworkClient [NetworkClient.java:1054] [Producer clientId=producer-1] Bootstrap broker localhost:9092 (id: -1 rack: null) disconnected
2024-09-15 20:32:15,304 WARN [org.springframework.kafka.KafkaListenerEndpointContainer#0-0-C-1] o.a.k.c.NetworkClient [NetworkClient.java:1054] [Consumer clientId=consumer-test-consumer-group-1, groupId=test-consumer-group] Bootstrap broker localhost:9092 (id: -1 rack: null) disconnected
2024-09-15 20:32:15,369 WARN [kafka-producer-network-thread | producer-1] o.a.k.c.NetworkClient [NetworkClient.java:1054] [Producer clientId=producer-1] Bootstrap broker localhost:9092 (id: -1 rack: null) disconnected
2024-09-15 20:32:15,405 WARN [org.springframework.kafka.KafkaListenerEndpointContainer#0-0-C-1] o.a.k.c.NetworkClient [NetworkClient.java:1054] [Consumer clientId=consumer-test-consumer-group-1, groupId=test-consumer-group] Bootstrap broker localhost:9092 (id: -1 rack: null) disconnected
2024-09-15 20:32:15,470 WARN [kafka-producer-network-thread | producer-1] o.a.k.c.NetworkClient [NetworkClient.java:1054] [Producer clientId=producer-1] Bootstrap broker localhost:9092 (id: -1 rack: null) disconnected
2024-09-15 20:32:15,506 WARN [org.springframework.kafka.KafkaListenerEndpointContainer#0-0-C-1] o.a.k.c.NetworkClient [NetworkClient.java:1054] [Consumer clientId=consumer-test-consumer-group-1, groupId=test-consumer-group] Bootstrap broker localhost:9092 (id: -1 rack: null) disconnected
2024-09-15 20:32:15,571 WARN [kafka-producer-network-thread | producer-1] o.a.k.c.NetworkClient [NetworkClient.java:1054] [Producer clientId=producer-1] Bootstrap broker localhost:9092 (id: -1 rack: null) disconnected
2024-09-15 20:32:15,607 WARN [org.springframework.kafka.KafkaListenerEndpointContainer#0-0-C-1] o.a.k.c.NetworkClient [NetworkClient.java:1054] [Consumer clientId=consumer-test-consumer-group-1, groupId=test-consumer-group] Bootstrap broker localhost:9092 (id: -1 rack: null) disconnected
2024-09-15 20:32:15,673 WARN [kafka-producer-network-thread | producer-1] o.a.k.c.NetworkClient [NetworkClient.java:1054] [Producer clientId=producer-1] Bootstrap broker localhost:9092 (id: -1 rack: null) disconnected
2024-09-15 20:32:15,709 WARN [org.springframework.kafka.KafkaListenerEndpointContainer#0-0-C-1] o.a.k.c.NetworkClient [NetworkClient.java:1054] [Consumer clientId=consumer-test-consumer-group-1, groupId=test-consumer-group] Bootstrap broker localhost:9092 (id: -1 rack: null) disconnected
2024-09-15 20:32:15,774 WARN [kafka-producer-network-thread | producer-1] o.a.k.c.NetworkClient [NetworkClient.java:1054] [Producer clientId=producer-1] Bootstrap broker localhost:9092 (id: -1 rack: null) disconnected
2024-09-15 20:32:15,809 WARN [org.springframework.kafka.KafkaListenerEndpointContainer#0-0-C-1] o.a.k.c.NetworkClient [NetworkClient.java:1054] [Consumer clientId=consumer-test-consumer-group-1, groupId=test-consumer-group] Bootstrap broker localhost:9092 (id: -1 rack: null) disconnected
2024-09-15 20:32:15,875 WARN [kafka-producer-network-thread | producer-1] o.a.k.c.NetworkClient [NetworkClient.java:1054] [Producer clientId=producer-1] Bootstrap broker localhost:9092 (id: -1 rack: null) disconnected
2024-09-15 20:32:15,910 WARN [org.springframework.kafka.KafkaListenerEndpointContainer#0-0-C-1] o.a.k.c.NetworkClient [NetworkClient.java:1054] [Consumer clientId=consumer-test-consumer-group-1, groupId=test-consumer-group] Bootstrap broker localhost:9092 (id: -1 rack: null) disconnected
2024-09-15 20:32:15,976 WARN [kafka-producer-network-thread | producer-1] o.a.k.c.NetworkClient [NetworkClient.java:1054] [Producer clientId=producer-1] Bootstrap broker localhost:9092 (id: -1 rack: null) disconnected
2024-09-15 20:32:16,011 WARN [org.springframework.kafka.KafkaListenerEndpointContainer#0-0-C-1] o.a.k.c.NetworkClient [NetworkClient.java:1054] [Consumer clientId=consumer-test-consumer-group-1, groupId=test-consumer-group] Bootstrap broker localhost:9092 (id: -1 rack: null) disconnected
2024-09-15 20:32:16,373 WARN [org.springframework.kafka.KafkaListenerEndpointContainer#0-0-C-1] o.a.k.c.NetworkClient [NetworkClient.java:1094] [Consumer clientId=consumer-test-consumer-group-1, groupId=test-consumer-group] Error while fetching metadata with correlation id 76 : {test=LEADER_NOT_AVAILABLE}
2024-09-15 20:32:16,447 WARN [kafka-producer-network-thread | producer-1] o.a.k.c.NetworkClient [NetworkClient.java:1094] [Producer clientId=producer-1] Error while fetching metadata with correlation id 66 : {test=UNKNOWN_TOPIC_OR_PARTITION}
2024-09-15 20:32:16,475 WARN [org.springframework.kafka.KafkaListenerEndpointContainer#0-0-C-1] o.a.k.c.NetworkClient [NetworkClient.java:1094] [Consumer clientId=consumer-test-consumer-group-1, groupId=test-consumer-group] Error while fetching metadata with correlation id 79 : {test=LEADER_NOT_AVAILABLE}
2024-09-15 20:32:35,002 WARN [main] o.t.t.TemplateMode [TemplateMode.java:150] [THYMELEAF][main] Template Mode 'HTML5' is deprecated. Using Template Mode 'HTML' instead.
