2024-07-27 13:59:30,312 INFO [restartedMain] c.e.b.c.CommunityApplication [StartupInfoLogger.java:55] Starting CommunityApplication using Java 11.0.23 on HPZhanX with PID 25670 (/home/tingnobody/IdeaProjects/community/target/classes started by tingnobody in /home/tingnobody/IdeaProjects/community)
2024-07-27 13:59:30,314 INFO [restartedMain] c.e.b.c.CommunityApplication [SpringApplication.java:645] No active profile set, falling back to 1 default profile: "default"
2024-07-27 13:59:30,342 INFO [restartedMain] o.s.b.d.e.DevToolsPropertyDefaultsPostProcessor [DeferredLog.java:255] Devtools property defaults active! Set 'spring.devtools.add-properties' to 'false' to disable
2024-07-27 13:59:30,342 INFO [restartedMain] o.s.b.d.e.DevToolsPropertyDefaultsPostProcessor [DeferredLog.java:255] For additional web related logging consider setting the 'logging.level.web' property to 'DEBUG'
2024-07-27 13:59:31,079 INFO [restartedMain] o.s.b.w.e.t.TomcatWebServer [TomcatWebServer.java:108] Tomcat initialized with port(s): 8080 (http)
2024-07-27 13:59:31,086 INFO [restartedMain] o.a.c.h.Http11NioProtocol [DirectJDKLog.java:173] Initializing ProtocolHandler ["http-nio-8080"]
2024-07-27 13:59:31,086 INFO [restartedMain] o.a.c.c.StandardService [DirectJDKLog.java:173] Starting service [Tomcat]
2024-07-27 13:59:31,086 INFO [restartedMain] o.a.c.c.StandardEngine [DirectJDKLog.java:173] Starting Servlet engine: [Apache Tomcat/9.0.68]
2024-07-27 13:59:31,117 INFO [restartedMain] o.a.c.c.C.[.[.[/community] [DirectJDKLog.java:173] Initializing Spring embedded WebApplicationContext
2024-07-27 13:59:31,117 INFO [restartedMain] o.s.b.w.s.c.ServletWebServerApplicationContext [ServletWebServerApplicationContext.java:290] Root WebApplicationContext: initialization completed in 775 ms
2024-07-27 13:59:31,485 INFO [restartedMain] o.s.b.a.w.s.WelcomePageHandlerMapping [WelcomePageHandlerMapping.java:57] Adding welcome page template: index
2024-07-27 13:59:31,566 INFO [restartedMain] o.s.b.d.a.OptionalLiveReloadServer [OptionalLiveReloadServer.java:59] LiveReload server is running on port 35729
2024-07-27 13:59:31,581 INFO [restartedMain] o.a.c.h.Http11NioProtocol [DirectJDKLog.java:173] Starting ProtocolHandler ["http-nio-8080"]
2024-07-27 13:59:31,591 INFO [restartedMain] o.s.b.w.e.t.TomcatWebServer [TomcatWebServer.java:220] Tomcat started on port(s): 8080 (http) with context path '/community'
2024-07-27 13:59:31,601 INFO [restartedMain] c.e.b.c.CommunityApplication [StartupInfoLogger.java:61] Started CommunityApplication in 1.63 seconds (JVM running for 2.115)
2024-07-27 13:59:34,128 INFO [http-nio-8080-exec-1] o.a.c.c.C.[.[.[/community] [DirectJDKLog.java:173] Initializing Spring DispatcherServlet 'dispatcherServlet'
2024-07-27 13:59:34,129 INFO [http-nio-8080-exec-1] o.s.w.s.DispatcherServlet [FrameworkServlet.java:525] Initializing Servlet 'dispatcherServlet'
2024-07-27 13:59:34,129 INFO [http-nio-8080-exec-1] o.s.w.s.DispatcherServlet [FrameworkServlet.java:547] Completed initialization in 0 ms
2024-07-27 13:59:34,161 INFO [http-nio-8080-exec-1] c.z.h.HikariDataSource [HikariDataSource.java:110] HikariPool-1 - Starting...
2024-07-27 14:01:08,106 INFO [restartedMain] c.e.b.c.CommunityApplication [StartupInfoLogger.java:55] Starting CommunityApplication using Java 11.0.23 on HPZhanX with PID 26353 (/home/tingnobody/IdeaProjects/community/target/classes started by tingnobody in /home/tingnobody/IdeaProjects/community)
2024-07-27 14:01:08,107 INFO [restartedMain] c.e.b.c.CommunityApplication [SpringApplication.java:645] No active profile set, falling back to 1 default profile: "default"
2024-07-27 14:01:08,145 INFO [restartedMain] o.s.b.d.e.DevToolsPropertyDefaultsPostProcessor [DeferredLog.java:255] Devtools property defaults active! Set 'spring.devtools.add-properties' to 'false' to disable
2024-07-27 14:01:08,146 INFO [restartedMain] o.s.b.d.e.DevToolsPropertyDefaultsPostProcessor [DeferredLog.java:255] For additional web related logging consider setting the 'logging.level.web' property to 'DEBUG'
2024-07-27 14:01:08,793 INFO [restartedMain] o.s.b.w.e.t.TomcatWebServer [TomcatWebServer.java:108] Tomcat initialized with port(s): 8080 (http)
2024-07-27 14:01:08,798 INFO [restartedMain] o.a.c.h.Http11NioProtocol [DirectJDKLog.java:173] Initializing ProtocolHandler ["http-nio-8080"]
2024-07-27 14:01:08,798 INFO [restartedMain] o.a.c.c.StandardService [DirectJDKLog.java:173] Starting service [Tomcat]
2024-07-27 14:01:08,799 INFO [restartedMain] o.a.c.c.StandardEngine [DirectJDKLog.java:173] Starting Servlet engine: [Apache Tomcat/9.0.68]
2024-07-27 14:01:08,832 INFO [restartedMain] o.a.c.c.C.[.[.[/community] [DirectJDKLog.java:173] Initializing Spring embedded WebApplicationContext
2024-07-27 14:01:08,832 INFO [restartedMain] o.s.b.w.s.c.ServletWebServerApplicationContext [ServletWebServerApplicationContext.java:290] Root WebApplicationContext: initialization completed in 686 ms
2024-07-27 14:01:09,142 INFO [restartedMain] o.s.b.a.w.s.WelcomePageHandlerMapping [WelcomePageHandlerMapping.java:57] Adding welcome page template: index
2024-07-27 14:01:09,208 INFO [restartedMain] o.s.b.d.a.OptionalLiveReloadServer [OptionalLiveReloadServer.java:59] LiveReload server is running on port 35729
2024-07-27 14:01:09,220 INFO [restartedMain] o.a.c.h.Http11NioProtocol [DirectJDKLog.java:173] Starting ProtocolHandler ["http-nio-8080"]
2024-07-27 14:01:09,229 INFO [restartedMain] o.s.b.w.e.t.TomcatWebServer [TomcatWebServer.java:220] Tomcat started on port(s): 8080 (http) with context path '/community'
2024-07-27 14:01:09,239 INFO [restartedMain] c.e.b.c.CommunityApplication [StartupInfoLogger.java:61] Started CommunityApplication in 1.416 seconds (JVM running for 1.803)
2024-07-27 14:01:11,437 INFO [http-nio-8080-exec-1] o.a.c.c.C.[.[.[/community] [DirectJDKLog.java:173] Initializing Spring DispatcherServlet 'dispatcherServlet'
2024-07-27 14:01:11,438 INFO [http-nio-8080-exec-1] o.s.w.s.DispatcherServlet [FrameworkServlet.java:525] Initializing Servlet 'dispatcherServlet'
2024-07-27 14:01:11,438 INFO [http-nio-8080-exec-1] o.s.w.s.DispatcherServlet [FrameworkServlet.java:547] Completed initialization in 0 ms
2024-07-27 14:01:11,470 INFO [http-nio-8080-exec-1] c.z.h.HikariDataSource [HikariDataSource.java:110] HikariPool-1 - Starting...
2024-07-27 14:01:11,558 INFO [http-nio-8080-exec-1] c.z.h.HikariDataSource [HikariDataSource.java:123] HikariPool-1 - Start completed.
2024-07-27 14:10:34,461 INFO [SpringApplicationShutdownHook] c.z.h.HikariDataSource [HikariDataSource.java:350] HikariPool-1 - Shutdown initiated...
2024-07-27 14:10:34,465 INFO [SpringApplicationShutdownHook] c.z.h.HikariDataSource [HikariDataSource.java:352] HikariPool-1 - Shutdown completed.
2024-07-27 14:10:35,979 INFO [restartedMain] c.e.b.c.CommunityApplication [StartupInfoLogger.java:55] Starting CommunityApplication using Java 11.0.23 on HPZhanX with PID 27386 (/home/tingnobody/IdeaProjects/community/target/classes started by tingnobody in /home/tingnobody/IdeaProjects/community)
2024-07-27 14:10:35,981 INFO [restartedMain] c.e.b.c.CommunityApplication [SpringApplication.java:645] No active profile set, falling back to 1 default profile: "default"
2024-07-27 14:10:36,016 INFO [restartedMain] o.s.b.d.e.DevToolsPropertyDefaultsPostProcessor [DeferredLog.java:255] Devtools property defaults active! Set 'spring.devtools.add-properties' to 'false' to disable
2024-07-27 14:10:36,017 INFO [restartedMain] o.s.b.d.e.DevToolsPropertyDefaultsPostProcessor [DeferredLog.java:255] For additional web related logging consider setting the 'logging.level.web' property to 'DEBUG'
2024-07-27 14:10:36,633 INFO [restartedMain] o.s.b.w.e.t.TomcatWebServer [TomcatWebServer.java:108] Tomcat initialized with port(s): 8080 (http)
2024-07-27 14:10:36,638 INFO [restartedMain] o.a.c.h.Http11NioProtocol [DirectJDKLog.java:173] Initializing ProtocolHandler ["http-nio-8080"]
2024-07-27 14:10:36,638 INFO [restartedMain] o.a.c.c.StandardService [DirectJDKLog.java:173] Starting service [Tomcat]
2024-07-27 14:10:36,638 INFO [restartedMain] o.a.c.c.StandardEngine [DirectJDKLog.java:173] Starting Servlet engine: [Apache Tomcat/9.0.68]
2024-07-27 14:10:36,664 INFO [restartedMain] o.a.c.c.C.[.[.[/community] [DirectJDKLog.java:173] Initializing Spring embedded WebApplicationContext
2024-07-27 14:10:36,664 INFO [restartedMain] o.s.b.w.s.c.ServletWebServerApplicationContext [ServletWebServerApplicationContext.java:290] Root WebApplicationContext: initialization completed in 647 ms
2024-07-27 14:10:36,959 INFO [restartedMain] o.s.b.a.w.s.WelcomePageHandlerMapping [WelcomePageHandlerMapping.java:57] Adding welcome page template: index
2024-07-27 14:10:37,019 INFO [restartedMain] o.s.b.d.a.OptionalLiveReloadServer [OptionalLiveReloadServer.java:59] LiveReload server is running on port 35729
2024-07-27 14:10:37,029 INFO [restartedMain] o.a.c.h.Http11NioProtocol [DirectJDKLog.java:173] Starting ProtocolHandler ["http-nio-8080"]
2024-07-27 14:10:37,036 INFO [restartedMain] o.s.b.w.e.t.TomcatWebServer [TomcatWebServer.java:220] Tomcat started on port(s): 8080 (http) with context path '/community'
2024-07-27 14:10:37,044 INFO [restartedMain] c.e.b.c.CommunityApplication [StartupInfoLogger.java:61] Started CommunityApplication in 1.321 seconds (JVM running for 1.702)
2024-07-27 14:10:40,412 INFO [http-nio-8080-exec-1] o.a.c.c.C.[.[.[/community] [DirectJDKLog.java:173] Initializing Spring DispatcherServlet 'dispatcherServlet'
2024-07-27 14:10:40,413 INFO [http-nio-8080-exec-1] o.s.w.s.DispatcherServlet [FrameworkServlet.java:525] Initializing Servlet 'dispatcherServlet'
2024-07-27 14:10:40,414 INFO [http-nio-8080-exec-1] o.s.w.s.DispatcherServlet [FrameworkServlet.java:547] Completed initialization in 1 ms
2024-07-27 14:17:56,308 INFO [http-nio-8080-exec-5] c.z.h.HikariDataSource [HikariDataSource.java:110] HikariPool-1 - Starting...
2024-07-27 14:17:56,376 INFO [http-nio-8080-exec-5] c.z.h.HikariDataSource [HikariDataSource.java:123] HikariPool-1 - Start completed.
2024-07-27 14:18:29,945 INFO [SpringApplicationShutdownHook] c.z.h.HikariDataSource [HikariDataSource.java:350] HikariPool-1 - Shutdown initiated...
2024-07-27 14:18:29,951 INFO [SpringApplicationShutdownHook] c.z.h.HikariDataSource [HikariDataSource.java:352] HikariPool-1 - Shutdown completed.
2024-07-27 14:18:31,472 INFO [restartedMain] c.e.b.c.CommunityApplication [StartupInfoLogger.java:55] Starting CommunityApplication using Java 11.0.23 on HPZhanX with PID 28270 (/home/tingnobody/IdeaProjects/community/target/classes started by tingnobody in /home/tingnobody/IdeaProjects/community)
2024-07-27 14:18:31,474 INFO [restartedMain] c.e.b.c.CommunityApplication [SpringApplication.java:645] No active profile set, falling back to 1 default profile: "default"
2024-07-27 14:18:31,504 INFO [restartedMain] o.s.b.d.e.DevToolsPropertyDefaultsPostProcessor [DeferredLog.java:255] Devtools property defaults active! Set 'spring.devtools.add-properties' to 'false' to disable
2024-07-27 14:18:31,504 INFO [restartedMain] o.s.b.d.e.DevToolsPropertyDefaultsPostProcessor [DeferredLog.java:255] For additional web related logging consider setting the 'logging.level.web' property to 'DEBUG'
2024-07-27 14:18:32,111 INFO [restartedMain] o.s.b.w.e.t.TomcatWebServer [TomcatWebServer.java:108] Tomcat initialized with port(s): 8080 (http)
2024-07-27 14:18:32,116 INFO [restartedMain] o.a.c.h.Http11NioProtocol [DirectJDKLog.java:173] Initializing ProtocolHandler ["http-nio-8080"]
2024-07-27 14:18:32,116 INFO [restartedMain] o.a.c.c.StandardService [DirectJDKLog.java:173] Starting service [Tomcat]
2024-07-27 14:18:32,116 INFO [restartedMain] o.a.c.c.StandardEngine [DirectJDKLog.java:173] Starting Servlet engine: [Apache Tomcat/9.0.68]
2024-07-27 14:18:32,143 INFO [restartedMain] o.a.c.c.C.[.[.[/community] [DirectJDKLog.java:173] Initializing Spring embedded WebApplicationContext
2024-07-27 14:18:32,143 INFO [restartedMain] o.s.b.w.s.c.ServletWebServerApplicationContext [ServletWebServerApplicationContext.java:290] Root WebApplicationContext: initialization completed in 638 ms
2024-07-27 14:18:32,494 INFO [restartedMain] o.s.b.a.w.s.WelcomePageHandlerMapping [WelcomePageHandlerMapping.java:57] Adding welcome page template: index
2024-07-27 14:18:32,567 INFO [restartedMain] o.s.b.d.a.OptionalLiveReloadServer [OptionalLiveReloadServer.java:59] LiveReload server is running on port 35729
2024-07-27 14:18:32,589 INFO [restartedMain] o.s.b.w.e.t.TomcatWebServer [TomcatWebServer.java:220] Tomcat started on port(s): 8080 (http) with context path '/community'
2024-07-27 14:18:32,598 INFO [restartedMain] c.e.b.c.CommunityApplication [StartupInfoLogger.java:61] Started CommunityApplication in 1.411 seconds (JVM running for 1.819)
2024-07-27 14:18:34,592 INFO [restartedMain] c.e.b.c.CommunityApplication [StartupInfoLogger.java:55] Starting CommunityApplication using Java 11.0.23 on HPZhanX with PID 28390 (/home/tingnobody/IdeaProjects/community/target/classes started by tingnobody in /home/tingnobody/IdeaProjects/community)
2024-07-27 14:18:34,593 INFO [restartedMain] c.e.b.c.CommunityApplication [SpringApplication.java:645] No active profile set, falling back to 1 default profile: "default"
2024-07-27 14:18:34,620 INFO [restartedMain] o.s.b.d.e.DevToolsPropertyDefaultsPostProcessor [DeferredLog.java:255] Devtools property defaults active! Set 'spring.devtools.add-properties' to 'false' to disable
2024-07-27 14:18:34,621 INFO [restartedMain] o.s.b.d.e.DevToolsPropertyDefaultsPostProcessor [DeferredLog.java:255] For additional web related logging consider setting the 'logging.level.web' property to 'DEBUG'
2024-07-27 14:18:35,286 INFO [restartedMain] o.s.b.w.e.t.TomcatWebServer [TomcatWebServer.java:108] Tomcat initialized with port(s): 8080 (http)
2024-07-27 14:18:35,292 INFO [restartedMain] o.a.c.h.Http11NioProtocol [DirectJDKLog.java:173] Initializing ProtocolHandler ["http-nio-8080"]
2024-07-27 14:18:35,292 INFO [restartedMain] o.a.c.c.StandardService [DirectJDKLog.java:173] Starting service [Tomcat]
2024-07-27 14:18:35,292 INFO [restartedMain] o.a.c.c.StandardEngine [DirectJDKLog.java:173] Starting Servlet engine: [Apache Tomcat/9.0.68]
2024-07-27 14:18:35,324 INFO [restartedMain] o.a.c.c.C.[.[.[/community] [DirectJDKLog.java:173] Initializing Spring embedded WebApplicationContext
2024-07-27 14:18:35,325 INFO [restartedMain] o.s.b.w.s.c.ServletWebServerApplicationContext [ServletWebServerApplicationContext.java:290] Root WebApplicationContext: initialization completed in 704 ms
2024-07-27 14:18:35,680 INFO [restartedMain] o.s.b.a.w.s.WelcomePageHandlerMapping [WelcomePageHandlerMapping.java:57] Adding welcome page template: index
2024-07-27 14:18:35,755 INFO [restartedMain] o.s.b.d.a.OptionalLiveReloadServer [OptionalLiveReloadServer.java:59] LiveReload server is running on port 35729
2024-07-27 14:18:35,770 INFO [restartedMain] o.a.c.h.Http11NioProtocol [DirectJDKLog.java:173] Starting ProtocolHandler ["http-nio-8080"]
2024-07-27 14:18:35,779 INFO [restartedMain] o.s.b.w.e.t.TomcatWebServer [TomcatWebServer.java:220] Tomcat started on port(s): 8080 (http) with context path '/community'
2024-07-27 14:18:35,788 INFO [restartedMain] c.e.b.c.CommunityApplication [StartupInfoLogger.java:61] Started CommunityApplication in 1.468 seconds (JVM running for 2.359)
2024-07-27 14:18:39,266 INFO [http-nio-8080-exec-1] o.a.c.c.C.[.[.[/community] [DirectJDKLog.java:173] Initializing Spring DispatcherServlet 'dispatcherServlet'
2024-07-27 14:18:39,267 INFO [http-nio-8080-exec-1] o.s.w.s.DispatcherServlet [FrameworkServlet.java:525] Initializing Servlet 'dispatcherServlet'
2024-07-27 14:18:39,268 INFO [http-nio-8080-exec-1] o.s.w.s.DispatcherServlet [FrameworkServlet.java:547] Completed initialization in 1 ms
2024-07-27 14:38:12,498 INFO [http-nio-8080-exec-1] c.z.h.HikariDataSource [HikariDataSource.java:110] HikariPool-1 - Starting...
2024-07-27 14:38:12,599 INFO [http-nio-8080-exec-1] c.z.h.HikariDataSource [HikariDataSource.java:123] HikariPool-1 - Start completed.
2024-07-27 16:30:54,598 INFO [SpringApplicationShutdownHook] c.z.h.HikariDataSource [HikariDataSource.java:350] HikariPool-1 - Shutdown initiated...
2024-07-27 16:30:54,601 INFO [SpringApplicationShutdownHook] c.z.h.HikariDataSource [HikariDataSource.java:352] HikariPool-1 - Shutdown completed.
2024-07-27 16:30:57,424 INFO [restartedMain] c.e.b.c.CommunityApplication [StartupInfoLogger.java:55] Starting CommunityApplication using Java 11.0.23 on HPZhanX with PID 39854 (/home/tingnobody/IdeaProjects/community/target/classes started by tingnobody in /home/tingnobody/IdeaProjects/community)
2024-07-27 16:30:57,426 INFO [restartedMain] c.e.b.c.CommunityApplication [SpringApplication.java:645] No active profile set, falling back to 1 default profile: "default"
2024-07-27 16:30:57,459 INFO [restartedMain] o.s.b.d.e.DevToolsPropertyDefaultsPostProcessor [DeferredLog.java:255] Devtools property defaults active! Set 'spring.devtools.add-properties' to 'false' to disable
2024-07-27 16:30:57,459 INFO [restartedMain] o.s.b.d.e.DevToolsPropertyDefaultsPostProcessor [DeferredLog.java:255] For additional web related logging consider setting the 'logging.level.web' property to 'DEBUG'
2024-07-27 16:30:58,229 INFO [restartedMain] o.s.b.w.e.t.TomcatWebServer [TomcatWebServer.java:108] Tomcat initialized with port(s): 8080 (http)
2024-07-27 16:30:58,235 INFO [restartedMain] o.a.c.h.Http11NioProtocol [DirectJDKLog.java:173] Initializing ProtocolHandler ["http-nio-8080"]
2024-07-27 16:30:58,235 INFO [restartedMain] o.a.c.c.StandardService [DirectJDKLog.java:173] Starting service [Tomcat]
2024-07-27 16:30:58,236 INFO [restartedMain] o.a.c.c.StandardEngine [DirectJDKLog.java:173] Starting Servlet engine: [Apache Tomcat/9.0.68]
2024-07-27 16:30:58,274 INFO [restartedMain] o.a.c.c.C.[.[.[/community] [DirectJDKLog.java:173] Initializing Spring embedded WebApplicationContext
2024-07-27 16:30:58,275 INFO [restartedMain] o.s.b.w.s.c.ServletWebServerApplicationContext [ServletWebServerApplicationContext.java:290] Root WebApplicationContext: initialization completed in 815 ms
2024-07-27 16:30:58,775 INFO [restartedMain] o.s.b.a.w.s.WelcomePageHandlerMapping [WelcomePageHandlerMapping.java:57] Adding welcome page template: index
2024-07-27 16:30:58,851 INFO [restartedMain] o.s.b.d.a.OptionalLiveReloadServer [OptionalLiveReloadServer.java:59] LiveReload server is running on port 35729
2024-07-27 16:30:58,865 INFO [restartedMain] o.a.c.h.Http11NioProtocol [DirectJDKLog.java:173] Starting ProtocolHandler ["http-nio-8080"]
2024-07-27 16:30:58,874 INFO [restartedMain] o.s.b.w.e.t.TomcatWebServer [TomcatWebServer.java:220] Tomcat started on port(s): 8080 (http) with context path '/community'
2024-07-27 16:30:58,884 INFO [restartedMain] c.e.b.c.CommunityApplication [StartupInfoLogger.java:61] Started CommunityApplication in 1.787 seconds (JVM running for 2.28)
2024-07-27 16:31:03,902 INFO [http-nio-8080-exec-1] o.a.c.c.C.[.[.[/community] [DirectJDKLog.java:173] Initializing Spring DispatcherServlet 'dispatcherServlet'
2024-07-27 16:31:03,903 INFO [http-nio-8080-exec-1] o.s.w.s.DispatcherServlet [FrameworkServlet.java:525] Initializing Servlet 'dispatcherServlet'
2024-07-27 16:31:03,904 INFO [http-nio-8080-exec-1] o.s.w.s.DispatcherServlet [FrameworkServlet.java:547] Completed initialization in 1 ms
2024-07-27 16:31:03,928 INFO [http-nio-8080-exec-1] c.z.h.HikariDataSource [HikariDataSource.java:110] HikariPool-1 - Starting...
2024-07-27 16:31:04,021 INFO [http-nio-8080-exec-1] c.z.h.HikariDataSource [HikariDataSource.java:123] HikariPool-1 - Start completed.
2024-07-27 16:57:00,559 INFO [SpringApplicationShutdownHook] c.z.h.HikariDataSource [HikariDataSource.java:350] HikariPool-1 - Shutdown initiated...
2024-07-27 16:57:00,564 INFO [SpringApplicationShutdownHook] c.z.h.HikariDataSource [HikariDataSource.java:352] HikariPool-1 - Shutdown completed.
2024-07-27 16:57:03,137 INFO [restartedMain] c.e.b.c.CommunityApplication [StartupInfoLogger.java:55] Starting CommunityApplication using Java 11.0.23 on HPZhanX with PID 42336 (/home/tingnobody/IdeaProjects/community/target/classes started by tingnobody in /home/tingnobody/IdeaProjects/community)
2024-07-27 16:57:03,139 INFO [restartedMain] c.e.b.c.CommunityApplication [SpringApplication.java:645] No active profile set, falling back to 1 default profile: "default"
2024-07-27 16:57:03,174 INFO [restartedMain] o.s.b.d.e.DevToolsPropertyDefaultsPostProcessor [DeferredLog.java:255] Devtools property defaults active! Set 'spring.devtools.add-properties' to 'false' to disable
2024-07-27 16:57:03,175 INFO [restartedMain] o.s.b.d.e.DevToolsPropertyDefaultsPostProcessor [DeferredLog.java:255] For additional web related logging consider setting the 'logging.level.web' property to 'DEBUG'
2024-07-27 16:57:03,884 INFO [restartedMain] o.s.b.w.e.t.TomcatWebServer [TomcatWebServer.java:108] Tomcat initialized with port(s): 8080 (http)
2024-07-27 16:57:03,889 INFO [restartedMain] o.a.c.h.Http11NioProtocol [DirectJDKLog.java:173] Initializing ProtocolHandler ["http-nio-8080"]
2024-07-27 16:57:03,890 INFO [restartedMain] o.a.c.c.StandardService [DirectJDKLog.java:173] Starting service [Tomcat]
2024-07-27 16:57:03,890 INFO [restartedMain] o.a.c.c.StandardEngine [DirectJDKLog.java:173] Starting Servlet engine: [Apache Tomcat/9.0.68]
2024-07-27 16:57:03,922 INFO [restartedMain] o.a.c.c.C.[.[.[/community] [DirectJDKLog.java:173] Initializing Spring embedded WebApplicationContext
2024-07-27 16:57:03,923 INFO [restartedMain] o.s.b.w.s.c.ServletWebServerApplicationContext [ServletWebServerApplicationContext.java:290] Root WebApplicationContext: initialization completed in 748 ms
2024-07-27 16:57:04,267 INFO [restartedMain] o.s.b.a.w.s.WelcomePageHandlerMapping [WelcomePageHandlerMapping.java:57] Adding welcome page template: index
2024-07-27 16:57:04,338 INFO [restartedMain] o.s.b.d.a.OptionalLiveReloadServer [OptionalLiveReloadServer.java:59] LiveReload server is running on port 35729
2024-07-27 16:57:04,351 INFO [restartedMain] o.a.c.h.Http11NioProtocol [DirectJDKLog.java:173] Starting ProtocolHandler ["http-nio-8080"]
2024-07-27 16:57:04,360 INFO [restartedMain] o.s.b.w.e.t.TomcatWebServer [TomcatWebServer.java:220] Tomcat started on port(s): 8080 (http) with context path '/community'
2024-07-27 16:57:04,381 INFO [restartedMain] c.e.b.c.CommunityApplication [StartupInfoLogger.java:61] Started CommunityApplication in 1.598 seconds (JVM running for 2.102)
2024-07-27 16:57:04,577 INFO [http-nio-8080-exec-1] o.a.c.c.C.[.[.[/community] [DirectJDKLog.java:173] Initializing Spring DispatcherServlet 'dispatcherServlet'
2024-07-27 16:57:04,577 INFO [http-nio-8080-exec-1] o.s.w.s.DispatcherServlet [FrameworkServlet.java:525] Initializing Servlet 'dispatcherServlet'
2024-07-27 16:57:04,578 INFO [http-nio-8080-exec-1] o.s.w.s.DispatcherServlet [FrameworkServlet.java:547] Completed initialization in 1 ms
2024-07-27 16:57:04,598 INFO [http-nio-8080-exec-1] c.z.h.HikariDataSource [HikariDataSource.java:110] HikariPool-1 - Starting...
2024-07-27 16:57:04,673 INFO [http-nio-8080-exec-1] c.z.h.HikariDataSource [HikariDataSource.java:123] HikariPool-1 - Start completed.
2024-07-27 17:47:05,042 INFO [SpringApplicationShutdownHook] c.z.h.HikariDataSource [HikariDataSource.java:350] HikariPool-1 - Shutdown initiated...
2024-07-27 17:47:05,045 INFO [SpringApplicationShutdownHook] c.z.h.HikariDataSource [HikariDataSource.java:352] HikariPool-1 - Shutdown completed.
2024-07-27 17:47:07,843 INFO [restartedMain] c.e.b.c.CommunityApplication [StartupInfoLogger.java:55] Starting CommunityApplication using Java 11.0.23 on HPZhanX with PID 63681 (/home/tingnobody/IdeaProjects/community/target/classes started by tingnobody in /home/tingnobody/IdeaProjects/community)
2024-07-27 17:47:07,845 INFO [restartedMain] c.e.b.c.CommunityApplication [SpringApplication.java:645] No active profile set, falling back to 1 default profile: "default"
2024-07-27 17:47:07,887 INFO [restartedMain] o.s.b.d.e.DevToolsPropertyDefaultsPostProcessor [DeferredLog.java:255] Devtools property defaults active! Set 'spring.devtools.add-properties' to 'false' to disable
2024-07-27 17:47:07,888 INFO [restartedMain] o.s.b.d.e.DevToolsPropertyDefaultsPostProcessor [DeferredLog.java:255] For additional web related logging consider setting the 'logging.level.web' property to 'DEBUG'
2024-07-27 17:47:08,599 INFO [restartedMain] o.s.b.w.e.t.TomcatWebServer [TomcatWebServer.java:108] Tomcat initialized with port(s): 8080 (http)
2024-07-27 17:47:08,605 INFO [restartedMain] o.a.c.h.Http11NioProtocol [DirectJDKLog.java:173] Initializing ProtocolHandler ["http-nio-8080"]
2024-07-27 17:47:08,605 INFO [restartedMain] o.a.c.c.StandardService [DirectJDKLog.java:173] Starting service [Tomcat]
2024-07-27 17:47:08,605 INFO [restartedMain] o.a.c.c.StandardEngine [DirectJDKLog.java:173] Starting Servlet engine: [Apache Tomcat/9.0.68]
2024-07-27 17:47:08,639 INFO [restartedMain] o.a.c.c.C.[.[.[/community] [DirectJDKLog.java:173] Initializing Spring embedded WebApplicationContext
2024-07-27 17:47:08,639 INFO [restartedMain] o.s.b.w.s.c.ServletWebServerApplicationContext [ServletWebServerApplicationContext.java:290] Root WebApplicationContext: initialization completed in 750 ms
2024-07-27 17:47:08,999 INFO [restartedMain] o.s.b.a.w.s.WelcomePageHandlerMapping [WelcomePageHandlerMapping.java:57] Adding welcome page template: index
2024-07-27 17:47:09,075 INFO [restartedMain] o.s.b.d.a.OptionalLiveReloadServer [OptionalLiveReloadServer.java:59] LiveReload server is running on port 35729
2024-07-27 17:47:09,089 INFO [restartedMain] o.a.c.h.Http11NioProtocol [DirectJDKLog.java:173] Starting ProtocolHandler ["http-nio-8080"]
2024-07-27 17:47:09,100 INFO [restartedMain] o.s.b.w.e.t.TomcatWebServer [TomcatWebServer.java:220] Tomcat started on port(s): 8080 (http) with context path '/community'
2024-07-27 17:47:09,112 INFO [restartedMain] c.e.b.c.CommunityApplication [StartupInfoLogger.java:61] Started CommunityApplication in 1.591 seconds (JVM running for 2.134)
2024-07-27 17:47:10,879 INFO [http-nio-8080-exec-1] o.a.c.c.C.[.[.[/community] [DirectJDKLog.java:173] Initializing Spring DispatcherServlet 'dispatcherServlet'
2024-07-27 17:47:10,879 INFO [http-nio-8080-exec-1] o.s.w.s.DispatcherServlet [FrameworkServlet.java:525] Initializing Servlet 'dispatcherServlet'
2024-07-27 17:47:10,880 INFO [http-nio-8080-exec-1] o.s.w.s.DispatcherServlet [FrameworkServlet.java:547] Completed initialization in 0 ms
2024-07-27 17:47:10,898 INFO [http-nio-8080-exec-1] c.z.h.HikariDataSource [HikariDataSource.java:110] HikariPool-1 - Starting...
2024-07-27 17:47:10,984 INFO [http-nio-8080-exec-1] c.z.h.HikariDataSource [HikariDataSource.java:123] HikariPool-1 - Start completed.
2024-07-27 17:58:03,413 INFO [SpringApplicationShutdownHook] c.z.h.HikariDataSource [HikariDataSource.java:350] HikariPool-1 - Shutdown initiated...
2024-07-27 17:58:03,417 INFO [SpringApplicationShutdownHook] c.z.h.HikariDataSource [HikariDataSource.java:352] HikariPool-1 - Shutdown completed.
2024-07-27 17:59:45,429 INFO [restartedMain] c.e.b.c.CommunityApplication [StartupInfoLogger.java:55] Starting CommunityApplication using Java 11.0.23 on HPZhanX with PID 5998 (/home/tingnobody/IdeaProjects/community/target/classes started by tingnobody in /home/tingnobody/IdeaProjects/community)
2024-07-27 17:59:45,431 INFO [restartedMain] c.e.b.c.CommunityApplication [SpringApplication.java:645] No active profile set, falling back to 1 default profile: "default"
2024-07-27 17:59:45,462 INFO [restartedMain] o.s.b.d.e.DevToolsPropertyDefaultsPostProcessor [DeferredLog.java:255] Devtools property defaults active! Set 'spring.devtools.add-properties' to 'false' to disable
2024-07-27 17:59:45,462 INFO [restartedMain] o.s.b.d.e.DevToolsPropertyDefaultsPostProcessor [DeferredLog.java:255] For additional web related logging consider setting the 'logging.level.web' property to 'DEBUG'
2024-07-27 17:59:46,132 INFO [restartedMain] o.s.b.w.e.t.TomcatWebServer [TomcatWebServer.java:108] Tomcat initialized with port(s): 8080 (http)
2024-07-27 17:59:46,138 INFO [restartedMain] o.a.c.h.Http11NioProtocol [DirectJDKLog.java:173] Initializing ProtocolHandler ["http-nio-8080"]
2024-07-27 17:59:46,138 INFO [restartedMain] o.a.c.c.StandardService [DirectJDKLog.java:173] Starting service [Tomcat]
2024-07-27 17:59:46,138 INFO [restartedMain] o.a.c.c.StandardEngine [DirectJDKLog.java:173] Starting Servlet engine: [Apache Tomcat/9.0.68]
2024-07-27 17:59:46,168 INFO [restartedMain] o.a.c.c.C.[.[.[/community] [DirectJDKLog.java:173] Initializing Spring embedded WebApplicationContext
2024-07-27 17:59:46,169 INFO [restartedMain] o.s.b.w.s.c.ServletWebServerApplicationContext [ServletWebServerApplicationContext.java:290] Root WebApplicationContext: initialization completed in 706 ms
2024-07-27 17:59:46,546 INFO [restartedMain] o.s.b.a.w.s.WelcomePageHandlerMapping [WelcomePageHandlerMapping.java:57] Adding welcome page template: index
2024-07-27 17:59:46,631 INFO [restartedMain] o.s.b.d.a.OptionalLiveReloadServer [OptionalLiveReloadServer.java:59] LiveReload server is running on port 35729
2024-07-27 17:59:46,646 INFO [restartedMain] o.a.c.h.Http11NioProtocol [DirectJDKLog.java:173] Starting ProtocolHandler ["http-nio-8080"]
2024-07-27 17:59:46,655 INFO [restartedMain] o.s.b.w.e.t.TomcatWebServer [TomcatWebServer.java:220] Tomcat started on port(s): 8080 (http) with context path '/community'
2024-07-27 17:59:46,665 INFO [restartedMain] c.e.b.c.CommunityApplication [StartupInfoLogger.java:61] Started CommunityApplication in 1.544 seconds (JVM running for 2.009)
2024-07-27 17:59:50,012 INFO [http-nio-8080-exec-1] o.a.c.c.C.[.[.[/community] [DirectJDKLog.java:173] Initializing Spring DispatcherServlet 'dispatcherServlet'
2024-07-27 17:59:50,013 INFO [http-nio-8080-exec-1] o.s.w.s.DispatcherServlet [FrameworkServlet.java:525] Initializing Servlet 'dispatcherServlet'
2024-07-27 17:59:50,013 INFO [http-nio-8080-exec-1] o.s.w.s.DispatcherServlet [FrameworkServlet.java:547] Completed initialization in 0 ms
2024-07-27 17:59:50,028 INFO [http-nio-8080-exec-1] c.z.h.HikariDataSource [HikariDataSource.java:110] HikariPool-1 - Starting...
2024-07-27 17:59:51,084 INFO [http-nio-8080-exec-1] c.z.h.HikariDataSource [HikariDataSource.java:110] HikariPool-1 - Starting...
2024-07-27 17:59:52,130 INFO [http-nio-8080-exec-2] c.z.h.HikariDataSource [HikariDataSource.java:110] HikariPool-1 - Starting...
2024-07-27 17:59:53,136 INFO [http-nio-8080-exec-2] c.z.h.HikariDataSource [HikariDataSource.java:110] HikariPool-1 - Starting...
2024-07-27 17:59:56,231 INFO [http-nio-8080-exec-4] c.z.h.HikariDataSource [HikariDataSource.java:110] HikariPool-1 - Starting...
2024-07-27 17:59:57,237 INFO [http-nio-8080-exec-4] c.z.h.HikariDataSource [HikariDataSource.java:110] HikariPool-1 - Starting...
2024-07-27 18:00:07,496 INFO [restartedMain] c.e.b.c.CommunityApplication [StartupInfoLogger.java:55] Starting CommunityApplication using Java 11.0.23 on HPZhanX with PID 6698 (/home/tingnobody/IdeaProjects/community/target/classes started by tingnobody in /home/tingnobody/IdeaProjects/community)
2024-07-27 18:00:07,497 INFO [restartedMain] c.e.b.c.CommunityApplication [SpringApplication.java:645] No active profile set, falling back to 1 default profile: "default"
2024-07-27 18:00:07,537 INFO [restartedMain] o.s.b.d.e.DevToolsPropertyDefaultsPostProcessor [DeferredLog.java:255] Devtools property defaults active! Set 'spring.devtools.add-properties' to 'false' to disable
2024-07-27 18:00:07,538 INFO [restartedMain] o.s.b.d.e.DevToolsPropertyDefaultsPostProcessor [DeferredLog.java:255] For additional web related logging consider setting the 'logging.level.web' property to 'DEBUG'
2024-07-27 18:00:08,412 INFO [restartedMain] o.s.b.w.e.t.TomcatWebServer [TomcatWebServer.java:108] Tomcat initialized with port(s): 8080 (http)
2024-07-27 18:00:08,417 INFO [restartedMain] o.a.c.h.Http11NioProtocol [DirectJDKLog.java:173] Initializing ProtocolHandler ["http-nio-8080"]
2024-07-27 18:00:08,418 INFO [restartedMain] o.a.c.c.StandardService [DirectJDKLog.java:173] Starting service [Tomcat]
2024-07-27 18:00:08,418 INFO [restartedMain] o.a.c.c.StandardEngine [DirectJDKLog.java:173] Starting Servlet engine: [Apache Tomcat/9.0.68]
2024-07-27 18:00:08,454 INFO [restartedMain] o.a.c.c.C.[.[.[/community] [DirectJDKLog.java:173] Initializing Spring embedded WebApplicationContext
2024-07-27 18:00:08,455 INFO [restartedMain] o.s.b.w.s.c.ServletWebServerApplicationContext [ServletWebServerApplicationContext.java:290] Root WebApplicationContext: initialization completed in 917 ms
2024-07-27 18:00:08,814 INFO [restartedMain] o.s.b.a.w.s.WelcomePageHandlerMapping [WelcomePageHandlerMapping.java:57] Adding welcome page template: index
2024-07-27 18:00:08,890 INFO [restartedMain] o.s.b.d.a.OptionalLiveReloadServer [OptionalLiveReloadServer.java:59] LiveReload server is running on port 35729
2024-07-27 18:00:08,902 INFO [restartedMain] o.a.c.h.Http11NioProtocol [DirectJDKLog.java:173] Starting ProtocolHandler ["http-nio-8080"]
2024-07-27 18:00:08,910 INFO [restartedMain] o.s.b.w.e.t.TomcatWebServer [TomcatWebServer.java:220] Tomcat started on port(s): 8080 (http) with context path '/community'
2024-07-27 18:00:08,919 INFO [restartedMain] c.e.b.c.CommunityApplication [StartupInfoLogger.java:61] Started CommunityApplication in 1.797 seconds (JVM running for 2.229)
2024-07-27 18:00:09,476 INFO [http-nio-8080-exec-1] o.a.c.c.C.[.[.[/community] [DirectJDKLog.java:173] Initializing Spring DispatcherServlet 'dispatcherServlet'
2024-07-27 18:00:09,476 INFO [http-nio-8080-exec-1] o.s.w.s.DispatcherServlet [FrameworkServlet.java:525] Initializing Servlet 'dispatcherServlet'
2024-07-27 18:00:09,477 INFO [http-nio-8080-exec-1] o.s.w.s.DispatcherServlet [FrameworkServlet.java:547] Completed initialization in 1 ms
2024-07-27 18:00:09,494 INFO [http-nio-8080-exec-1] c.z.h.HikariDataSource [HikariDataSource.java:110] HikariPool-1 - Starting...
2024-07-27 18:00:09,580 INFO [http-nio-8080-exec-1] c.z.h.HikariDataSource [HikariDataSource.java:123] HikariPool-1 - Start completed.
2024-07-27 18:02:14,552 INFO [SpringApplicationShutdownHook] c.z.h.HikariDataSource [HikariDataSource.java:350] HikariPool-1 - Shutdown initiated...
2024-07-27 18:02:14,558 INFO [SpringApplicationShutdownHook] c.z.h.HikariDataSource [HikariDataSource.java:352] HikariPool-1 - Shutdown completed.
2024-07-27 18:02:16,220 INFO [restartedMain] c.e.b.c.CommunityApplication [StartupInfoLogger.java:55] Starting CommunityApplication using Java 11.0.23 on HPZhanX with PID 8474 (/home/tingnobody/IdeaProjects/community/target/classes started by tingnobody in /home/tingnobody/IdeaProjects/community)
2024-07-27 18:02:16,221 INFO [restartedMain] c.e.b.c.CommunityApplication [SpringApplication.java:645] No active profile set, falling back to 1 default profile: "default"
2024-07-27 18:02:16,245 INFO [restartedMain] o.s.b.d.e.DevToolsPropertyDefaultsPostProcessor [DeferredLog.java:255] Devtools property defaults active! Set 'spring.devtools.add-properties' to 'false' to disable
2024-07-27 18:02:16,245 INFO [restartedMain] o.s.b.d.e.DevToolsPropertyDefaultsPostProcessor [DeferredLog.java:255] For additional web related logging consider setting the 'logging.level.web' property to 'DEBUG'
2024-07-27 18:02:16,902 INFO [restartedMain] o.s.b.w.e.t.TomcatWebServer [TomcatWebServer.java:108] Tomcat initialized with port(s): 8080 (http)
2024-07-27 18:02:16,907 INFO [restartedMain] o.a.c.h.Http11NioProtocol [DirectJDKLog.java:173] Initializing ProtocolHandler ["http-nio-8080"]
2024-07-27 18:02:16,908 INFO [restartedMain] o.a.c.c.StandardService [DirectJDKLog.java:173] Starting service [Tomcat]
2024-07-27 18:02:16,908 INFO [restartedMain] o.a.c.c.StandardEngine [DirectJDKLog.java:173] Starting Servlet engine: [Apache Tomcat/9.0.68]
2024-07-27 18:02:16,943 INFO [restartedMain] o.a.c.c.C.[.[.[/community] [DirectJDKLog.java:173] Initializing Spring embedded WebApplicationContext
2024-07-27 18:02:16,943 INFO [restartedMain] o.s.b.w.s.c.ServletWebServerApplicationContext [ServletWebServerApplicationContext.java:290] Root WebApplicationContext: initialization completed in 697 ms
2024-07-27 18:02:17,295 INFO [restartedMain] o.s.b.a.w.s.WelcomePageHandlerMapping [WelcomePageHandlerMapping.java:57] Adding welcome page template: index
2024-07-27 18:02:17,385 INFO [restartedMain] o.s.b.d.a.OptionalLiveReloadServer [OptionalLiveReloadServer.java:59] LiveReload server is running on port 35729
2024-07-27 18:02:17,399 INFO [restartedMain] o.a.c.h.Http11NioProtocol [DirectJDKLog.java:173] Starting ProtocolHandler ["http-nio-8080"]
2024-07-27 18:02:17,408 INFO [restartedMain] o.s.b.w.e.t.TomcatWebServer [TomcatWebServer.java:220] Tomcat started on port(s): 8080 (http) with context path '/community'
2024-07-27 18:02:17,417 INFO [restartedMain] c.e.b.c.CommunityApplication [StartupInfoLogger.java:61] Started CommunityApplication in 1.477 seconds (JVM running for 1.87)
2024-07-27 18:02:31,993 INFO [http-nio-8080-exec-1] o.a.c.c.C.[.[.[/community] [DirectJDKLog.java:173] Initializing Spring DispatcherServlet 'dispatcherServlet'
2024-07-27 18:02:31,994 INFO [http-nio-8080-exec-1] o.s.w.s.DispatcherServlet [FrameworkServlet.java:525] Initializing Servlet 'dispatcherServlet'
2024-07-27 18:02:31,994 INFO [http-nio-8080-exec-1] o.s.w.s.DispatcherServlet [FrameworkServlet.java:547] Completed initialization in 0 ms
2024-07-27 18:02:32,010 INFO [http-nio-8080-exec-1] c.z.h.HikariDataSource [HikariDataSource.java:110] HikariPool-1 - Starting...
2024-07-27 18:02:32,079 INFO [http-nio-8080-exec-1] c.z.h.HikariDataSource [HikariDataSource.java:123] HikariPool-1 - Start completed.
2024-07-27 18:03:15,100 INFO [SpringApplicationShutdownHook] c.z.h.HikariDataSource [HikariDataSource.java:350] HikariPool-1 - Shutdown initiated...
2024-07-27 18:03:15,105 INFO [SpringApplicationShutdownHook] c.z.h.HikariDataSource [HikariDataSource.java:352] HikariPool-1 - Shutdown completed.
2024-07-27 18:03:16,596 INFO [restartedMain] c.e.b.c.CommunityApplication [StartupInfoLogger.java:55] Starting CommunityApplication using Java 11.0.23 on HPZhanX with PID 9362 (/home/tingnobody/IdeaProjects/community/target/classes started by tingnobody in /home/tingnobody/IdeaProjects/community)
2024-07-27 18:03:16,598 INFO [restartedMain] c.e.b.c.CommunityApplication [SpringApplication.java:645] No active profile set, falling back to 1 default profile: "default"
2024-07-27 18:03:16,627 INFO [restartedMain] o.s.b.d.e.DevToolsPropertyDefaultsPostProcessor [DeferredLog.java:255] Devtools property defaults active! Set 'spring.devtools.add-properties' to 'false' to disable
2024-07-27 18:03:16,628 INFO [restartedMain] o.s.b.d.e.DevToolsPropertyDefaultsPostProcessor [DeferredLog.java:255] For additional web related logging consider setting the 'logging.level.web' property to 'DEBUG'
2024-07-27 18:03:17,233 INFO [restartedMain] o.s.b.w.e.t.TomcatWebServer [TomcatWebServer.java:108] Tomcat initialized with port(s): 8080 (http)
2024-07-27 18:03:17,238 INFO [restartedMain] o.a.c.h.Http11NioProtocol [DirectJDKLog.java:173] Initializing ProtocolHandler ["http-nio-8080"]
2024-07-27 18:03:17,239 INFO [restartedMain] o.a.c.c.StandardService [DirectJDKLog.java:173] Starting service [Tomcat]
2024-07-27 18:03:17,239 INFO [restartedMain] o.a.c.c.StandardEngine [DirectJDKLog.java:173] Starting Servlet engine: [Apache Tomcat/9.0.68]
2024-07-27 18:03:17,268 INFO [restartedMain] o.a.c.c.C.[.[.[/community] [DirectJDKLog.java:173] Initializing Spring embedded WebApplicationContext
2024-07-27 18:03:17,268 INFO [restartedMain] o.s.b.w.s.c.ServletWebServerApplicationContext [ServletWebServerApplicationContext.java:290] Root WebApplicationContext: initialization completed in 640 ms
2024-07-27 18:03:17,579 INFO [restartedMain] o.s.b.a.w.s.WelcomePageHandlerMapping [WelcomePageHandlerMapping.java:57] Adding welcome page template: index
2024-07-27 18:03:17,641 INFO [restartedMain] o.s.b.d.a.OptionalLiveReloadServer [OptionalLiveReloadServer.java:59] LiveReload server is running on port 35729
2024-07-27 18:03:17,652 INFO [restartedMain] o.a.c.h.Http11NioProtocol [DirectJDKLog.java:173] Starting ProtocolHandler ["http-nio-8080"]
2024-07-27 18:03:17,661 INFO [restartedMain] o.s.b.w.e.t.TomcatWebServer [TomcatWebServer.java:220] Tomcat started on port(s): 8080 (http) with context path '/community'
2024-07-27 18:03:17,670 INFO [restartedMain] c.e.b.c.CommunityApplication [StartupInfoLogger.java:61] Started CommunityApplication in 1.351 seconds (JVM running for 1.706)
2024-07-27 18:03:19,666 INFO [http-nio-8080-exec-1] o.a.c.c.C.[.[.[/community] [DirectJDKLog.java:173] Initializing Spring DispatcherServlet 'dispatcherServlet'
2024-07-27 18:03:19,666 INFO [http-nio-8080-exec-1] o.s.w.s.DispatcherServlet [FrameworkServlet.java:525] Initializing Servlet 'dispatcherServlet'
2024-07-27 18:03:19,667 INFO [http-nio-8080-exec-1] o.s.w.s.DispatcherServlet [FrameworkServlet.java:547] Completed initialization in 0 ms
2024-07-27 18:03:19,684 INFO [http-nio-8080-exec-1] c.z.h.HikariDataSource [HikariDataSource.java:110] HikariPool-1 - Starting...
2024-07-27 18:03:19,757 INFO [http-nio-8080-exec-1] c.z.h.HikariDataSource [HikariDataSource.java:123] HikariPool-1 - Start completed.
2024-07-27 18:05:54,412 INFO [SpringApplicationShutdownHook] c.z.h.HikariDataSource [HikariDataSource.java:350] HikariPool-1 - Shutdown initiated...
2024-07-27 18:05:54,417 INFO [SpringApplicationShutdownHook] c.z.h.HikariDataSource [HikariDataSource.java:352] HikariPool-1 - Shutdown completed.
2024-07-27 18:05:55,907 INFO [restartedMain] c.e.b.c.CommunityApplication [StartupInfoLogger.java:55] Starting CommunityApplication using Java 11.0.23 on HPZhanX with PID 11422 (/home/tingnobody/IdeaProjects/community/target/classes started by tingnobody in /home/tingnobody/IdeaProjects/community)
2024-07-27 18:05:55,909 INFO [restartedMain] c.e.b.c.CommunityApplication [SpringApplication.java:645] No active profile set, falling back to 1 default profile: "default"
2024-07-27 18:05:55,939 INFO [restartedMain] o.s.b.d.e.DevToolsPropertyDefaultsPostProcessor [DeferredLog.java:255] Devtools property defaults active! Set 'spring.devtools.add-properties' to 'false' to disable
2024-07-27 18:05:55,940 INFO [restartedMain] o.s.b.d.e.DevToolsPropertyDefaultsPostProcessor [DeferredLog.java:255] For additional web related logging consider setting the 'logging.level.web' property to 'DEBUG'
2024-07-27 18:05:56,560 INFO [restartedMain] o.s.b.w.e.t.TomcatWebServer [TomcatWebServer.java:108] Tomcat initialized with port(s): 8080 (http)
2024-07-27 18:05:56,566 INFO [restartedMain] o.a.c.h.Http11NioProtocol [DirectJDKLog.java:173] Initializing ProtocolHandler ["http-nio-8080"]
2024-07-27 18:05:56,566 INFO [restartedMain] o.a.c.c.StandardService [DirectJDKLog.java:173] Starting service [Tomcat]
2024-07-27 18:05:56,567 INFO [restartedMain] o.a.c.c.StandardEngine [DirectJDKLog.java:173] Starting Servlet engine: [Apache Tomcat/9.0.68]
2024-07-27 18:05:56,599 INFO [restartedMain] o.a.c.c.C.[.[.[/community] [DirectJDKLog.java:173] Initializing Spring embedded WebApplicationContext
2024-07-27 18:05:56,599 INFO [restartedMain] o.s.b.w.s.c.ServletWebServerApplicationContext [ServletWebServerApplicationContext.java:290] Root WebApplicationContext: initialization completed in 659 ms
2024-07-27 18:05:56,964 INFO [restartedMain] o.s.b.a.w.s.WelcomePageHandlerMapping [WelcomePageHandlerMapping.java:57] Adding welcome page template: index
2024-07-27 18:05:57,059 INFO [restartedMain] o.s.b.d.a.OptionalLiveReloadServer [OptionalLiveReloadServer.java:59] LiveReload server is running on port 35729
2024-07-27 18:05:57,075 INFO [restartedMain] o.a.c.h.Http11NioProtocol [DirectJDKLog.java:173] Starting ProtocolHandler ["http-nio-8080"]
2024-07-27 18:05:57,085 INFO [restartedMain] o.s.b.w.e.t.TomcatWebServer [TomcatWebServer.java:220] Tomcat started on port(s): 8080 (http) with context path '/community'
2024-07-27 18:05:57,096 INFO [restartedMain] c.e.b.c.CommunityApplication [StartupInfoLogger.java:61] Started CommunityApplication in 1.454 seconds (JVM running for 1.811)
2024-07-27 18:06:05,293 INFO [http-nio-8080-exec-1] o.a.c.c.C.[.[.[/community] [DirectJDKLog.java:173] Initializing Spring DispatcherServlet 'dispatcherServlet'
2024-07-27 18:06:05,294 INFO [http-nio-8080-exec-1] o.s.w.s.DispatcherServlet [FrameworkServlet.java:525] Initializing Servlet 'dispatcherServlet'
2024-07-27 18:06:05,295 INFO [http-nio-8080-exec-1] o.s.w.s.DispatcherServlet [FrameworkServlet.java:547] Completed initialization in 1 ms
2024-07-27 18:06:05,313 INFO [http-nio-8080-exec-1] c.z.h.HikariDataSource [HikariDataSource.java:110] HikariPool-1 - Starting...
2024-07-27 18:06:05,391 INFO [http-nio-8080-exec-1] c.z.h.HikariDataSource [HikariDataSource.java:123] HikariPool-1 - Start completed.
2024-07-27 18:06:41,445 INFO [SpringApplicationShutdownHook] c.z.h.HikariDataSource [HikariDataSource.java:350] HikariPool-1 - Shutdown initiated...
2024-07-27 18:06:41,478 INFO [SpringApplicationShutdownHook] c.z.h.HikariDataSource [HikariDataSource.java:352] HikariPool-1 - Shutdown completed.
2024-07-27 18:06:43,864 INFO [restartedMain] c.e.b.c.CommunityApplication [StartupInfoLogger.java:55] Starting CommunityApplication using Java 11.0.23 on HPZhanX with PID 12126 (/home/tingnobody/IdeaProjects/community/target/classes started by tingnobody in /home/tingnobody/IdeaProjects/community)
2024-07-27 18:06:43,866 INFO [restartedMain] c.e.b.c.CommunityApplication [SpringApplication.java:645] No active profile set, falling back to 1 default profile: "default"
2024-07-27 18:06:43,892 INFO [restartedMain] o.s.b.d.e.DevToolsPropertyDefaultsPostProcessor [DeferredLog.java:255] Devtools property defaults active! Set 'spring.devtools.add-properties' to 'false' to disable
2024-07-27 18:06:43,893 INFO [restartedMain] o.s.b.d.e.DevToolsPropertyDefaultsPostProcessor [DeferredLog.java:255] For additional web related logging consider setting the 'logging.level.web' property to 'DEBUG'
2024-07-27 18:06:44,498 INFO [restartedMain] o.s.b.w.e.t.TomcatWebServer [TomcatWebServer.java:108] Tomcat initialized with port(s): 8080 (http)
2024-07-27 18:06:44,503 INFO [restartedMain] o.a.c.h.Http11NioProtocol [DirectJDKLog.java:173] Initializing ProtocolHandler ["http-nio-8080"]
2024-07-27 18:06:44,503 INFO [restartedMain] o.a.c.c.StandardService [DirectJDKLog.java:173] Starting service [Tomcat]
2024-07-27 18:06:44,503 INFO [restartedMain] o.a.c.c.StandardEngine [DirectJDKLog.java:173] Starting Servlet engine: [Apache Tomcat/9.0.68]
2024-07-27 18:06:44,535 INFO [restartedMain] o.a.c.c.C.[.[.[/community] [DirectJDKLog.java:173] Initializing Spring embedded WebApplicationContext
2024-07-27 18:06:44,535 INFO [restartedMain] o.s.b.w.s.c.ServletWebServerApplicationContext [ServletWebServerApplicationContext.java:290] Root WebApplicationContext: initialization completed in 642 ms
2024-07-27 18:06:44,883 INFO [restartedMain] o.s.b.a.w.s.WelcomePageHandlerMapping [WelcomePageHandlerMapping.java:57] Adding welcome page template: index
2024-07-27 18:06:44,952 INFO [restartedMain] o.s.b.d.a.OptionalLiveReloadServer [OptionalLiveReloadServer.java:59] LiveReload server is running on port 35729
2024-07-27 18:06:44,964 INFO [restartedMain] o.a.c.h.Http11NioProtocol [DirectJDKLog.java:173] Starting ProtocolHandler ["http-nio-8080"]
2024-07-27 18:06:44,973 INFO [restartedMain] o.s.b.w.e.t.TomcatWebServer [TomcatWebServer.java:220] Tomcat started on port(s): 8080 (http) with context path '/community'
2024-07-27 18:06:44,981 INFO [restartedMain] c.e.b.c.CommunityApplication [StartupInfoLogger.java:61] Started CommunityApplication in 1.386 seconds (JVM running for 1.797)
2024-07-27 18:06:54,809 INFO [http-nio-8080-exec-1] o.a.c.c.C.[.[.[/community] [DirectJDKLog.java:173] Initializing Spring DispatcherServlet 'dispatcherServlet'
2024-07-27 18:06:54,810 INFO [http-nio-8080-exec-1] o.s.w.s.DispatcherServlet [FrameworkServlet.java:525] Initializing Servlet 'dispatcherServlet'
2024-07-27 18:06:54,811 INFO [http-nio-8080-exec-1] o.s.w.s.DispatcherServlet [FrameworkServlet.java:547] Completed initialization in 1 ms
2024-07-27 18:06:54,836 INFO [http-nio-8080-exec-1] c.z.h.HikariDataSource [HikariDataSource.java:110] HikariPool-1 - Starting...
2024-07-27 18:06:54,907 INFO [http-nio-8080-exec-1] c.z.h.HikariDataSource [HikariDataSource.java:123] HikariPool-1 - Start completed.
2024-07-27 18:16:33,502 INFO [SpringApplicationShutdownHook] c.z.h.HikariDataSource [HikariDataSource.java:350] HikariPool-1 - Shutdown initiated...
2024-07-27 18:16:33,508 INFO [SpringApplicationShutdownHook] c.z.h.HikariDataSource [HikariDataSource.java:352] HikariPool-1 - Shutdown completed.
2024-07-27 18:16:35,985 INFO [restartedMain] c.e.b.c.CommunityApplication [StartupInfoLogger.java:55] Starting CommunityApplication using Java 11.0.23 on HPZhanX with PID 19450 (/home/tingnobody/IdeaProjects/community/target/classes started by tingnobody in /home/tingnobody/IdeaProjects/community)
2024-07-27 18:16:35,986 INFO [restartedMain] c.e.b.c.CommunityApplication [SpringApplication.java:645] No active profile set, falling back to 1 default profile: "default"
2024-07-27 18:16:36,016 INFO [restartedMain] o.s.b.d.e.DevToolsPropertyDefaultsPostProcessor [DeferredLog.java:255] Devtools property defaults active! Set 'spring.devtools.add-properties' to 'false' to disable
2024-07-27 18:16:36,016 INFO [restartedMain] o.s.b.d.e.DevToolsPropertyDefaultsPostProcessor [DeferredLog.java:255] For additional web related logging consider setting the 'logging.level.web' property to 'DEBUG'
2024-07-27 18:16:36,622 INFO [restartedMain] o.s.b.w.e.t.TomcatWebServer [TomcatWebServer.java:108] Tomcat initialized with port(s): 8080 (http)
2024-07-27 18:16:36,627 INFO [restartedMain] o.a.c.h.Http11NioProtocol [DirectJDKLog.java:173] Initializing ProtocolHandler ["http-nio-8080"]
2024-07-27 18:16:36,628 INFO [restartedMain] o.a.c.c.StandardService [DirectJDKLog.java:173] Starting service [Tomcat]
2024-07-27 18:16:36,628 INFO [restartedMain] o.a.c.c.StandardEngine [DirectJDKLog.java:173] Starting Servlet engine: [Apache Tomcat/9.0.68]
2024-07-27 18:16:36,656 INFO [restartedMain] o.a.c.c.C.[.[.[/community] [DirectJDKLog.java:173] Initializing Spring embedded WebApplicationContext
2024-07-27 18:16:36,656 INFO [restartedMain] o.s.b.w.s.c.ServletWebServerApplicationContext [ServletWebServerApplicationContext.java:290] Root WebApplicationContext: initialization completed in 639 ms
2024-07-27 18:16:36,858 INFO [restartedMain] o.a.c.c.StandardService [DirectJDKLog.java:173] Stopping service [Tomcat]
2024-07-27 18:16:36,869 INFO [restartedMain] o.s.b.a.l.ConditionEvaluationReportLoggingListener [ConditionEvaluationReportLoggingListener.java:136] 

Error starting ApplicationContext. To display the conditions report re-run your application with 'debug' enabled.
2024-07-27 18:20:36,697 INFO [restartedMain] c.e.b.c.CommunityApplication [StartupInfoLogger.java:55] Starting CommunityApplication using Java 11.0.23 on HPZhanX with PID 22423 (/home/tingnobody/IdeaProjects/community/target/classes started by tingnobody in /home/tingnobody/IdeaProjects/community)
2024-07-27 18:20:36,699 INFO [restartedMain] c.e.b.c.CommunityApplication [SpringApplication.java:645] No active profile set, falling back to 1 default profile: "default"
2024-07-27 18:20:36,726 INFO [restartedMain] o.s.b.d.e.DevToolsPropertyDefaultsPostProcessor [DeferredLog.java:255] Devtools property defaults active! Set 'spring.devtools.add-properties' to 'false' to disable
2024-07-27 18:20:36,726 INFO [restartedMain] o.s.b.d.e.DevToolsPropertyDefaultsPostProcessor [DeferredLog.java:255] For additional web related logging consider setting the 'logging.level.web' property to 'DEBUG'
2024-07-27 18:20:37,332 INFO [restartedMain] o.s.b.w.e.t.TomcatWebServer [TomcatWebServer.java:108] Tomcat initialized with port(s): 8080 (http)
2024-07-27 18:20:37,337 INFO [restartedMain] o.a.c.h.Http11NioProtocol [DirectJDKLog.java:173] Initializing ProtocolHandler ["http-nio-8080"]
2024-07-27 18:20:37,337 INFO [restartedMain] o.a.c.c.StandardService [DirectJDKLog.java:173] Starting service [Tomcat]
2024-07-27 18:20:37,337 INFO [restartedMain] o.a.c.c.StandardEngine [DirectJDKLog.java:173] Starting Servlet engine: [Apache Tomcat/9.0.68]
2024-07-27 18:20:37,364 INFO [restartedMain] o.a.c.c.C.[.[.[/community] [DirectJDKLog.java:173] Initializing Spring embedded WebApplicationContext
2024-07-27 18:20:37,364 INFO [restartedMain] o.s.b.w.s.c.ServletWebServerApplicationContext [ServletWebServerApplicationContext.java:290] Root WebApplicationContext: initialization completed in 638 ms
2024-07-27 18:20:37,665 INFO [restartedMain] o.s.b.a.w.s.WelcomePageHandlerMapping [WelcomePageHandlerMapping.java:57] Adding welcome page template: index
2024-07-27 18:20:37,723 INFO [restartedMain] o.s.b.d.a.OptionalLiveReloadServer [OptionalLiveReloadServer.java:59] LiveReload server is running on port 35729
2024-07-27 18:20:37,734 INFO [restartedMain] o.a.c.h.Http11NioProtocol [DirectJDKLog.java:173] Starting ProtocolHandler ["http-nio-8080"]
2024-07-27 18:20:37,742 INFO [restartedMain] o.s.b.w.e.t.TomcatWebServer [TomcatWebServer.java:220] Tomcat started on port(s): 8080 (http) with context path '/community'
2024-07-27 18:20:37,751 INFO [restartedMain] c.e.b.c.CommunityApplication [StartupInfoLogger.java:61] Started CommunityApplication in 1.317 seconds (JVM running for 1.713)
2024-07-27 18:20:45,763 INFO [http-nio-8080-exec-1] o.a.c.c.C.[.[.[/community] [DirectJDKLog.java:173] Initializing Spring DispatcherServlet 'dispatcherServlet'
2024-07-27 18:20:45,763 INFO [http-nio-8080-exec-1] o.s.w.s.DispatcherServlet [FrameworkServlet.java:525] Initializing Servlet 'dispatcherServlet'
2024-07-27 18:20:45,764 INFO [http-nio-8080-exec-1] o.s.w.s.DispatcherServlet [FrameworkServlet.java:547] Completed initialization in 0 ms
2024-07-27 18:20:45,782 INFO [http-nio-8080-exec-1] c.z.h.HikariDataSource [HikariDataSource.java:110] HikariPool-1 - Starting...
2024-07-27 18:20:45,855 INFO [http-nio-8080-exec-1] c.z.h.HikariDataSource [HikariDataSource.java:123] HikariPool-1 - Start completed.
2024-07-27 18:23:13,439 INFO [SpringApplicationShutdownHook] c.z.h.HikariDataSource [HikariDataSource.java:350] HikariPool-1 - Shutdown initiated...
2024-07-27 18:23:13,456 INFO [SpringApplicationShutdownHook] c.z.h.HikariDataSource [HikariDataSource.java:352] HikariPool-1 - Shutdown completed.
2024-07-27 18:23:15,793 INFO [restartedMain] c.e.b.c.CommunityApplication [StartupInfoLogger.java:55] Starting CommunityApplication using Java 11.0.23 on HPZhanX with PID 24412 (/home/tingnobody/IdeaProjects/community/target/classes started by tingnobody in /home/tingnobody/IdeaProjects/community)
2024-07-27 18:23:15,794 INFO [restartedMain] c.e.b.c.CommunityApplication [SpringApplication.java:645] No active profile set, falling back to 1 default profile: "default"
2024-07-27 18:23:15,821 INFO [restartedMain] o.s.b.d.e.DevToolsPropertyDefaultsPostProcessor [DeferredLog.java:255] Devtools property defaults active! Set 'spring.devtools.add-properties' to 'false' to disable
2024-07-27 18:23:15,821 INFO [restartedMain] o.s.b.d.e.DevToolsPropertyDefaultsPostProcessor [DeferredLog.java:255] For additional web related logging consider setting the 'logging.level.web' property to 'DEBUG'
2024-07-27 18:23:16,422 INFO [restartedMain] o.s.b.w.e.t.TomcatWebServer [TomcatWebServer.java:108] Tomcat initialized with port(s): 8080 (http)
2024-07-27 18:23:16,427 INFO [restartedMain] o.a.c.h.Http11NioProtocol [DirectJDKLog.java:173] Initializing ProtocolHandler ["http-nio-8080"]
2024-07-27 18:23:16,427 INFO [restartedMain] o.a.c.c.StandardService [DirectJDKLog.java:173] Starting service [Tomcat]
2024-07-27 18:23:16,427 INFO [restartedMain] o.a.c.c.StandardEngine [DirectJDKLog.java:173] Starting Servlet engine: [Apache Tomcat/9.0.68]
2024-07-27 18:23:16,453 INFO [restartedMain] o.a.c.c.C.[.[.[/community] [DirectJDKLog.java:173] Initializing Spring embedded WebApplicationContext
2024-07-27 18:23:16,453 INFO [restartedMain] o.s.b.w.s.c.ServletWebServerApplicationContext [ServletWebServerApplicationContext.java:290] Root WebApplicationContext: initialization completed in 631 ms
2024-07-27 18:23:16,743 INFO [restartedMain] o.s.b.a.w.s.WelcomePageHandlerMapping [WelcomePageHandlerMapping.java:57] Adding welcome page template: index
2024-07-27 18:23:16,802 INFO [restartedMain] o.s.b.d.a.OptionalLiveReloadServer [OptionalLiveReloadServer.java:59] LiveReload server is running on port 35729
2024-07-27 18:23:16,812 INFO [restartedMain] o.a.c.h.Http11NioProtocol [DirectJDKLog.java:173] Starting ProtocolHandler ["http-nio-8080"]
2024-07-27 18:23:16,820 INFO [restartedMain] o.s.b.w.e.t.TomcatWebServer [TomcatWebServer.java:220] Tomcat started on port(s): 8080 (http) with context path '/community'
2024-07-27 18:23:16,828 INFO [restartedMain] c.e.b.c.CommunityApplication [StartupInfoLogger.java:61] Started CommunityApplication in 1.317 seconds (JVM running for 1.686)
2024-07-27 18:23:25,767 INFO [http-nio-8080-exec-1] o.a.c.c.C.[.[.[/community] [DirectJDKLog.java:173] Initializing Spring DispatcherServlet 'dispatcherServlet'
2024-07-27 18:23:25,768 INFO [http-nio-8080-exec-1] o.s.w.s.DispatcherServlet [FrameworkServlet.java:525] Initializing Servlet 'dispatcherServlet'
2024-07-27 18:23:25,769 INFO [http-nio-8080-exec-1] o.s.w.s.DispatcherServlet [FrameworkServlet.java:547] Completed initialization in 1 ms
2024-07-27 18:23:25,784 INFO [http-nio-8080-exec-1] c.z.h.HikariDataSource [HikariDataSource.java:110] HikariPool-1 - Starting...
2024-07-27 18:23:25,853 INFO [http-nio-8080-exec-1] c.z.h.HikariDataSource [HikariDataSource.java:123] HikariPool-1 - Start completed.
2024-07-27 18:32:54,657 INFO [SpringApplicationShutdownHook] c.z.h.HikariDataSource [HikariDataSource.java:350] HikariPool-1 - Shutdown initiated...
2024-07-27 18:32:54,665 INFO [SpringApplicationShutdownHook] c.z.h.HikariDataSource [HikariDataSource.java:352] HikariPool-1 - Shutdown completed.
2024-07-27 18:32:57,936 INFO [restartedMain] c.e.b.c.CommunityApplication [StartupInfoLogger.java:55] Starting CommunityApplication using Java 11.0.23 on HPZhanX with PID 31575 (/home/tingnobody/IdeaProjects/community/target/classes started by tingnobody in /home/tingnobody/IdeaProjects/community)
2024-07-27 18:32:57,937 INFO [restartedMain] c.e.b.c.CommunityApplication [SpringApplication.java:645] No active profile set, falling back to 1 default profile: "default"
2024-07-27 18:32:57,962 INFO [restartedMain] o.s.b.d.e.DevToolsPropertyDefaultsPostProcessor [DeferredLog.java:255] Devtools property defaults active! Set 'spring.devtools.add-properties' to 'false' to disable
2024-07-27 18:32:57,963 INFO [restartedMain] o.s.b.d.e.DevToolsPropertyDefaultsPostProcessor [DeferredLog.java:255] For additional web related logging consider setting the 'logging.level.web' property to 'DEBUG'
2024-07-27 18:32:58,570 INFO [restartedMain] o.s.b.w.e.t.TomcatWebServer [TomcatWebServer.java:108] Tomcat initialized with port(s): 8080 (http)
2024-07-27 18:32:58,575 INFO [restartedMain] o.a.c.h.Http11NioProtocol [DirectJDKLog.java:173] Initializing ProtocolHandler ["http-nio-8080"]
2024-07-27 18:32:58,576 INFO [restartedMain] o.a.c.c.StandardService [DirectJDKLog.java:173] Starting service [Tomcat]
2024-07-27 18:32:58,576 INFO [restartedMain] o.a.c.c.StandardEngine [DirectJDKLog.java:173] Starting Servlet engine: [Apache Tomcat/9.0.68]
2024-07-27 18:32:58,604 INFO [restartedMain] o.a.c.c.C.[.[.[/community] [DirectJDKLog.java:173] Initializing Spring embedded WebApplicationContext
2024-07-27 18:32:58,605 INFO [restartedMain] o.s.b.w.s.c.ServletWebServerApplicationContext [ServletWebServerApplicationContext.java:290] Root WebApplicationContext: initialization completed in 642 ms
2024-07-27 18:32:58,946 INFO [restartedMain] o.s.b.a.w.s.WelcomePageHandlerMapping [WelcomePageHandlerMapping.java:57] Adding welcome page template: index
2024-07-27 18:32:59,032 INFO [restartedMain] o.s.b.d.a.OptionalLiveReloadServer [OptionalLiveReloadServer.java:59] LiveReload server is running on port 35729
2024-07-27 18:32:59,049 INFO [restartedMain] o.a.c.h.Http11NioProtocol [DirectJDKLog.java:173] Starting ProtocolHandler ["http-nio-8080"]
2024-07-27 18:32:59,070 INFO [restartedMain] o.s.b.w.e.t.TomcatWebServer [TomcatWebServer.java:220] Tomcat started on port(s): 8080 (http) with context path '/community'
2024-07-27 18:32:59,080 INFO [restartedMain] c.e.b.c.CommunityApplication [StartupInfoLogger.java:61] Started CommunityApplication in 1.413 seconds (JVM running for 1.78)
2024-07-27 18:33:04,035 INFO [http-nio-8080-exec-1] o.a.c.c.C.[.[.[/community] [DirectJDKLog.java:173] Initializing Spring DispatcherServlet 'dispatcherServlet'
2024-07-27 18:33:04,036 INFO [http-nio-8080-exec-1] o.s.w.s.DispatcherServlet [FrameworkServlet.java:525] Initializing Servlet 'dispatcherServlet'
2024-07-27 18:33:04,036 INFO [http-nio-8080-exec-1] o.s.w.s.DispatcherServlet [FrameworkServlet.java:547] Completed initialization in 0 ms
2024-07-27 18:33:04,053 INFO [http-nio-8080-exec-1] c.z.h.HikariDataSource [HikariDataSource.java:110] HikariPool-1 - Starting...
2024-07-27 18:33:04,121 INFO [http-nio-8080-exec-1] c.z.h.HikariDataSource [HikariDataSource.java:123] HikariPool-1 - Start completed.
2024-07-27 18:39:14,365 INFO [SpringApplicationShutdownHook] c.z.h.HikariDataSource [HikariDataSource.java:350] HikariPool-1 - Shutdown initiated...
2024-07-27 18:39:14,382 INFO [SpringApplicationShutdownHook] c.z.h.HikariDataSource [HikariDataSource.java:352] HikariPool-1 - Shutdown completed.
2024-07-27 18:39:17,662 INFO [restartedMain] c.e.b.c.CommunityApplication [StartupInfoLogger.java:55] Starting CommunityApplication using Java 11.0.23 on HPZhanX with PID 36185 (/home/tingnobody/IdeaProjects/community/target/classes started by tingnobody in /home/tingnobody/IdeaProjects/community)
2024-07-27 18:39:17,663 INFO [restartedMain] c.e.b.c.CommunityApplication [SpringApplication.java:645] No active profile set, falling back to 1 default profile: "default"
2024-07-27 18:39:17,688 INFO [restartedMain] o.s.b.d.e.DevToolsPropertyDefaultsPostProcessor [DeferredLog.java:255] Devtools property defaults active! Set 'spring.devtools.add-properties' to 'false' to disable
2024-07-27 18:39:17,689 INFO [restartedMain] o.s.b.d.e.DevToolsPropertyDefaultsPostProcessor [DeferredLog.java:255] For additional web related logging consider setting the 'logging.level.web' property to 'DEBUG'
2024-07-27 18:39:18,338 INFO [restartedMain] o.s.b.w.e.t.TomcatWebServer [TomcatWebServer.java:108] Tomcat initialized with port(s): 8080 (http)
2024-07-27 18:39:18,344 INFO [restartedMain] o.a.c.h.Http11NioProtocol [DirectJDKLog.java:173] Initializing ProtocolHandler ["http-nio-8080"]
2024-07-27 18:39:18,344 INFO [restartedMain] o.a.c.c.StandardService [DirectJDKLog.java:173] Starting service [Tomcat]
2024-07-27 18:39:18,344 INFO [restartedMain] o.a.c.c.StandardEngine [DirectJDKLog.java:173] Starting Servlet engine: [Apache Tomcat/9.0.68]
2024-07-27 18:39:18,376 INFO [restartedMain] o.a.c.c.C.[.[.[/community] [DirectJDKLog.java:173] Initializing Spring embedded WebApplicationContext
2024-07-27 18:39:18,377 INFO [restartedMain] o.s.b.w.s.c.ServletWebServerApplicationContext [ServletWebServerApplicationContext.java:290] Root WebApplicationContext: initialization completed in 688 ms
2024-07-27 18:39:18,697 INFO [restartedMain] o.s.b.a.w.s.WelcomePageHandlerMapping [WelcomePageHandlerMapping.java:57] Adding welcome page template: index
2024-07-27 18:39:18,765 INFO [restartedMain] o.s.b.d.a.OptionalLiveReloadServer [OptionalLiveReloadServer.java:59] LiveReload server is running on port 35729
2024-07-27 18:39:18,778 INFO [restartedMain] o.a.c.h.Http11NioProtocol [DirectJDKLog.java:173] Starting ProtocolHandler ["http-nio-8080"]
2024-07-27 18:39:18,787 INFO [restartedMain] o.s.b.w.e.t.TomcatWebServer [TomcatWebServer.java:220] Tomcat started on port(s): 8080 (http) with context path '/community'
2024-07-27 18:39:18,797 INFO [restartedMain] c.e.b.c.CommunityApplication [StartupInfoLogger.java:61] Started CommunityApplication in 1.405 seconds (JVM running for 1.794)
2024-07-27 18:39:27,536 INFO [http-nio-8080-exec-1] o.a.c.c.C.[.[.[/community] [DirectJDKLog.java:173] Initializing Spring DispatcherServlet 'dispatcherServlet'
2024-07-27 18:39:27,537 INFO [http-nio-8080-exec-1] o.s.w.s.DispatcherServlet [FrameworkServlet.java:525] Initializing Servlet 'dispatcherServlet'
2024-07-27 18:39:27,537 INFO [http-nio-8080-exec-1] o.s.w.s.DispatcherServlet [FrameworkServlet.java:547] Completed initialization in 0 ms
2024-07-27 18:39:27,553 INFO [http-nio-8080-exec-1] c.z.h.HikariDataSource [HikariDataSource.java:110] HikariPool-1 - Starting...
2024-07-27 18:39:27,625 INFO [http-nio-8080-exec-1] c.z.h.HikariDataSource [HikariDataSource.java:123] HikariPool-1 - Start completed.
2024-07-27 18:45:52,765 INFO [SpringApplicationShutdownHook] c.z.h.HikariDataSource [HikariDataSource.java:350] HikariPool-1 - Shutdown initiated...
2024-07-27 18:45:52,770 INFO [SpringApplicationShutdownHook] c.z.h.HikariDataSource [HikariDataSource.java:352] HikariPool-1 - Shutdown completed.
2024-07-27 18:45:55,973 INFO [restartedMain] c.e.b.c.CommunityApplication [StartupInfoLogger.java:55] Starting CommunityApplication using Java 11.0.23 on HPZhanX with PID 40970 (/home/tingnobody/IdeaProjects/community/target/classes started by tingnobody in /home/tingnobody/IdeaProjects/community)
2024-07-27 18:45:55,975 INFO [restartedMain] c.e.b.c.CommunityApplication [SpringApplication.java:645] No active profile set, falling back to 1 default profile: "default"
2024-07-27 18:45:56,003 INFO [restartedMain] o.s.b.d.e.DevToolsPropertyDefaultsPostProcessor [DeferredLog.java:255] Devtools property defaults active! Set 'spring.devtools.add-properties' to 'false' to disable
2024-07-27 18:45:56,004 INFO [restartedMain] o.s.b.d.e.DevToolsPropertyDefaultsPostProcessor [DeferredLog.java:255] For additional web related logging consider setting the 'logging.level.web' property to 'DEBUG'
2024-07-27 18:45:56,652 INFO [restartedMain] o.s.b.w.e.t.TomcatWebServer [TomcatWebServer.java:108] Tomcat initialized with port(s): 8080 (http)
2024-07-27 18:45:56,656 INFO [restartedMain] o.a.c.h.Http11NioProtocol [DirectJDKLog.java:173] Initializing ProtocolHandler ["http-nio-8080"]
2024-07-27 18:45:56,657 INFO [restartedMain] o.a.c.c.StandardService [DirectJDKLog.java:173] Starting service [Tomcat]
2024-07-27 18:45:56,657 INFO [restartedMain] o.a.c.c.StandardEngine [DirectJDKLog.java:173] Starting Servlet engine: [Apache Tomcat/9.0.68]
2024-07-27 18:45:56,684 INFO [restartedMain] o.a.c.c.C.[.[.[/community] [DirectJDKLog.java:173] Initializing Spring embedded WebApplicationContext
2024-07-27 18:45:56,684 INFO [restartedMain] o.s.b.w.s.c.ServletWebServerApplicationContext [ServletWebServerApplicationContext.java:290] Root WebApplicationContext: initialization completed in 680 ms
2024-07-27 18:45:56,988 INFO [restartedMain] o.s.b.a.w.s.WelcomePageHandlerMapping [WelcomePageHandlerMapping.java:57] Adding welcome page template: index
2024-07-27 18:45:57,067 INFO [restartedMain] o.s.b.d.a.OptionalLiveReloadServer [OptionalLiveReloadServer.java:59] LiveReload server is running on port 35729
2024-07-27 18:45:57,081 INFO [restartedMain] o.a.c.h.Http11NioProtocol [DirectJDKLog.java:173] Starting ProtocolHandler ["http-nio-8080"]
2024-07-27 18:45:57,090 INFO [restartedMain] o.s.b.w.e.t.TomcatWebServer [TomcatWebServer.java:220] Tomcat started on port(s): 8080 (http) with context path '/community'
2024-07-27 18:45:57,099 INFO [restartedMain] c.e.b.c.CommunityApplication [StartupInfoLogger.java:61] Started CommunityApplication in 1.405 seconds (JVM running for 1.778)
2024-07-27 18:46:01,403 INFO [http-nio-8080-exec-1] o.a.c.c.C.[.[.[/community] [DirectJDKLog.java:173] Initializing Spring DispatcherServlet 'dispatcherServlet'
2024-07-27 18:46:01,404 INFO [http-nio-8080-exec-1] o.s.w.s.DispatcherServlet [FrameworkServlet.java:525] Initializing Servlet 'dispatcherServlet'
2024-07-27 18:46:01,405 INFO [http-nio-8080-exec-1] o.s.w.s.DispatcherServlet [FrameworkServlet.java:547] Completed initialization in 1 ms
2024-07-27 18:46:01,422 INFO [http-nio-8080-exec-1] c.z.h.HikariDataSource [HikariDataSource.java:110] HikariPool-1 - Starting...
2024-07-27 18:46:01,495 INFO [http-nio-8080-exec-1] c.z.h.HikariDataSource [HikariDataSource.java:123] HikariPool-1 - Start completed.
2024-07-27 18:49:53,294 INFO [SpringApplicationShutdownHook] c.z.h.HikariDataSource [HikariDataSource.java:350] HikariPool-1 - Shutdown initiated...
2024-07-27 18:49:53,300 INFO [SpringApplicationShutdownHook] c.z.h.HikariDataSource [HikariDataSource.java:352] HikariPool-1 - Shutdown completed.
2024-07-27 18:49:56,515 INFO [restartedMain] c.e.b.c.CommunityApplication [StartupInfoLogger.java:55] Starting CommunityApplication using Java 11.0.23 on HPZhanX with PID 43855 (/home/tingnobody/IdeaProjects/community/target/classes started by tingnobody in /home/tingnobody/IdeaProjects/community)
2024-07-27 18:49:56,516 INFO [restartedMain] c.e.b.c.CommunityApplication [SpringApplication.java:645] No active profile set, falling back to 1 default profile: "default"
2024-07-27 18:49:56,547 INFO [restartedMain] o.s.b.d.e.DevToolsPropertyDefaultsPostProcessor [DeferredLog.java:255] Devtools property defaults active! Set 'spring.devtools.add-properties' to 'false' to disable
2024-07-27 18:49:56,548 INFO [restartedMain] o.s.b.d.e.DevToolsPropertyDefaultsPostProcessor [DeferredLog.java:255] For additional web related logging consider setting the 'logging.level.web' property to 'DEBUG'
2024-07-27 18:49:57,196 INFO [restartedMain] o.s.b.w.e.t.TomcatWebServer [TomcatWebServer.java:108] Tomcat initialized with port(s): 8080 (http)
2024-07-27 18:49:57,201 INFO [restartedMain] o.a.c.h.Http11NioProtocol [DirectJDKLog.java:173] Initializing ProtocolHandler ["http-nio-8080"]
2024-07-27 18:49:57,201 INFO [restartedMain] o.a.c.c.StandardService [DirectJDKLog.java:173] Starting service [Tomcat]
2024-07-27 18:49:57,201 INFO [restartedMain] o.a.c.c.StandardEngine [DirectJDKLog.java:173] Starting Servlet engine: [Apache Tomcat/9.0.68]
2024-07-27 18:49:57,229 INFO [restartedMain] o.a.c.c.C.[.[.[/community] [DirectJDKLog.java:173] Initializing Spring embedded WebApplicationContext
2024-07-27 18:49:57,230 INFO [restartedMain] o.s.b.w.s.c.ServletWebServerApplicationContext [ServletWebServerApplicationContext.java:290] Root WebApplicationContext: initialization completed in 682 ms
2024-07-27 18:49:57,528 INFO [restartedMain] o.s.b.a.w.s.WelcomePageHandlerMapping [WelcomePageHandlerMapping.java:57] Adding welcome page template: index
2024-07-27 18:49:57,592 INFO [restartedMain] o.s.b.d.a.OptionalLiveReloadServer [OptionalLiveReloadServer.java:59] LiveReload server is running on port 35729
2024-07-27 18:49:57,603 INFO [restartedMain] o.a.c.h.Http11NioProtocol [DirectJDKLog.java:173] Starting ProtocolHandler ["http-nio-8080"]
2024-07-27 18:49:57,614 INFO [restartedMain] o.s.b.w.e.t.TomcatWebServer [TomcatWebServer.java:220] Tomcat started on port(s): 8080 (http) with context path '/community'
2024-07-27 18:49:57,626 INFO [restartedMain] c.e.b.c.CommunityApplication [StartupInfoLogger.java:61] Started CommunityApplication in 1.388 seconds (JVM running for 1.76)
2024-07-27 18:50:05,762 INFO [http-nio-8080-exec-1] o.a.c.c.C.[.[.[/community] [DirectJDKLog.java:173] Initializing Spring DispatcherServlet 'dispatcherServlet'
2024-07-27 18:50:05,762 INFO [http-nio-8080-exec-1] o.s.w.s.DispatcherServlet [FrameworkServlet.java:525] Initializing Servlet 'dispatcherServlet'
2024-07-27 18:50:05,763 INFO [http-nio-8080-exec-1] o.s.w.s.DispatcherServlet [FrameworkServlet.java:547] Completed initialization in 0 ms
2024-07-27 18:50:05,778 INFO [http-nio-8080-exec-1] c.z.h.HikariDataSource [HikariDataSource.java:110] HikariPool-1 - Starting...
2024-07-27 18:50:05,845 INFO [http-nio-8080-exec-1] c.z.h.HikariDataSource [HikariDataSource.java:123] HikariPool-1 - Start completed.
2024-07-27 18:50:31,636 INFO [SpringApplicationShutdownHook] c.z.h.HikariDataSource [HikariDataSource.java:350] HikariPool-1 - Shutdown initiated...
2024-07-27 18:50:31,643 INFO [SpringApplicationShutdownHook] c.z.h.HikariDataSource [HikariDataSource.java:352] HikariPool-1 - Shutdown completed.
2024-07-27 18:50:34,058 INFO [restartedMain] c.e.b.c.CommunityApplication [StartupInfoLogger.java:55] Starting CommunityApplication using Java 11.0.23 on HPZhanX with PID 44417 (/home/tingnobody/IdeaProjects/community/target/classes started by tingnobody in /home/tingnobody/IdeaProjects/community)
2024-07-27 18:50:34,060 INFO [restartedMain] c.e.b.c.CommunityApplication [SpringApplication.java:645] No active profile set, falling back to 1 default profile: "default"
2024-07-27 18:50:34,090 INFO [restartedMain] o.s.b.d.e.DevToolsPropertyDefaultsPostProcessor [DeferredLog.java:255] Devtools property defaults active! Set 'spring.devtools.add-properties' to 'false' to disable
2024-07-27 18:50:34,090 INFO [restartedMain] o.s.b.d.e.DevToolsPropertyDefaultsPostProcessor [DeferredLog.java:255] For additional web related logging consider setting the 'logging.level.web' property to 'DEBUG'
2024-07-27 18:50:34,693 INFO [restartedMain] o.s.b.w.e.t.TomcatWebServer [TomcatWebServer.java:108] Tomcat initialized with port(s): 8080 (http)
2024-07-27 18:50:34,697 INFO [restartedMain] o.a.c.h.Http11NioProtocol [DirectJDKLog.java:173] Initializing ProtocolHandler ["http-nio-8080"]
2024-07-27 18:50:34,698 INFO [restartedMain] o.a.c.c.StandardService [DirectJDKLog.java:173] Starting service [Tomcat]
2024-07-27 18:50:34,698 INFO [restartedMain] o.a.c.c.StandardEngine [DirectJDKLog.java:173] Starting Servlet engine: [Apache Tomcat/9.0.68]
2024-07-27 18:50:34,728 INFO [restartedMain] o.a.c.c.C.[.[.[/community] [DirectJDKLog.java:173] Initializing Spring embedded WebApplicationContext
2024-07-27 18:50:34,728 INFO [restartedMain] o.s.b.w.s.c.ServletWebServerApplicationContext [ServletWebServerApplicationContext.java:290] Root WebApplicationContext: initialization completed in 637 ms
2024-07-27 18:50:35,090 INFO [restartedMain] o.s.b.a.w.s.WelcomePageHandlerMapping [WelcomePageHandlerMapping.java:57] Adding welcome page template: index
2024-07-27 18:50:35,164 INFO [restartedMain] o.s.b.d.a.OptionalLiveReloadServer [OptionalLiveReloadServer.java:59] LiveReload server is running on port 35729
2024-07-27 18:50:35,176 INFO [restartedMain] o.a.c.h.Http11NioProtocol [DirectJDKLog.java:173] Starting ProtocolHandler ["http-nio-8080"]
2024-07-27 18:50:35,184 INFO [restartedMain] o.s.b.w.e.t.TomcatWebServer [TomcatWebServer.java:220] Tomcat started on port(s): 8080 (http) with context path '/community'
2024-07-27 18:50:35,192 INFO [restartedMain] c.e.b.c.CommunityApplication [StartupInfoLogger.java:61] Started CommunityApplication in 1.442 seconds (JVM running for 1.824)
2024-07-27 18:50:42,111 INFO [http-nio-8080-exec-2] o.a.c.c.C.[.[.[/community] [DirectJDKLog.java:173] Initializing Spring DispatcherServlet 'dispatcherServlet'
2024-07-27 18:50:42,111 INFO [http-nio-8080-exec-2] o.s.w.s.DispatcherServlet [FrameworkServlet.java:525] Initializing Servlet 'dispatcherServlet'
2024-07-27 18:50:42,112 INFO [http-nio-8080-exec-2] o.s.w.s.DispatcherServlet [FrameworkServlet.java:547] Completed initialization in 1 ms
2024-07-27 18:50:47,013 INFO [http-nio-8080-exec-4] c.z.h.HikariDataSource [HikariDataSource.java:110] HikariPool-1 - Starting...
2024-07-27 18:50:47,084 INFO [http-nio-8080-exec-4] c.z.h.HikariDataSource [HikariDataSource.java:123] HikariPool-1 - Start completed.
2024-07-27 18:52:54,757 INFO [SpringApplicationShutdownHook] c.z.h.HikariDataSource [HikariDataSource.java:350] HikariPool-1 - Shutdown initiated...
2024-07-27 18:52:54,763 INFO [SpringApplicationShutdownHook] c.z.h.HikariDataSource [HikariDataSource.java:352] HikariPool-1 - Shutdown completed.
2024-07-27 18:52:57,842 INFO [restartedMain] c.e.b.c.CommunityApplication [StartupInfoLogger.java:55] Starting CommunityApplication using Java 11.0.23 on HPZhanX with PID 46238 (/home/tingnobody/IdeaProjects/community/target/classes started by tingnobody in /home/tingnobody/IdeaProjects/community)
2024-07-27 18:52:57,843 INFO [restartedMain] c.e.b.c.CommunityApplication [SpringApplication.java:645] No active profile set, falling back to 1 default profile: "default"
2024-07-27 18:52:57,869 INFO [restartedMain] o.s.b.d.e.DevToolsPropertyDefaultsPostProcessor [DeferredLog.java:255] Devtools property defaults active! Set 'spring.devtools.add-properties' to 'false' to disable
2024-07-27 18:52:57,869 INFO [restartedMain] o.s.b.d.e.DevToolsPropertyDefaultsPostProcessor [DeferredLog.java:255] For additional web related logging consider setting the 'logging.level.web' property to 'DEBUG'
2024-07-27 18:52:58,473 INFO [restartedMain] o.s.b.w.e.t.TomcatWebServer [TomcatWebServer.java:108] Tomcat initialized with port(s): 8080 (http)
2024-07-27 18:52:58,478 INFO [restartedMain] o.a.c.h.Http11NioProtocol [DirectJDKLog.java:173] Initializing ProtocolHandler ["http-nio-8080"]
2024-07-27 18:52:58,478 INFO [restartedMain] o.a.c.c.StandardService [DirectJDKLog.java:173] Starting service [Tomcat]
2024-07-27 18:52:58,479 INFO [restartedMain] o.a.c.c.StandardEngine [DirectJDKLog.java:173] Starting Servlet engine: [Apache Tomcat/9.0.68]
2024-07-27 18:52:58,505 INFO [restartedMain] o.a.c.c.C.[.[.[/community] [DirectJDKLog.java:173] Initializing Spring embedded WebApplicationContext
2024-07-27 18:52:58,506 INFO [restartedMain] o.s.b.w.s.c.ServletWebServerApplicationContext [ServletWebServerApplicationContext.java:290] Root WebApplicationContext: initialization completed in 636 ms
2024-07-27 18:52:58,824 INFO [restartedMain] o.s.b.a.w.s.WelcomePageHandlerMapping [WelcomePageHandlerMapping.java:57] Adding welcome page template: index
2024-07-27 18:52:58,888 INFO [restartedMain] o.s.b.d.a.OptionalLiveReloadServer [OptionalLiveReloadServer.java:59] LiveReload server is running on port 35729
2024-07-27 18:52:58,903 INFO [restartedMain] o.a.c.h.Http11NioProtocol [DirectJDKLog.java:173] Starting ProtocolHandler ["http-nio-8080"]
2024-07-27 18:52:58,911 INFO [restartedMain] o.s.b.w.e.t.TomcatWebServer [TomcatWebServer.java:220] Tomcat started on port(s): 8080 (http) with context path '/community'
2024-07-27 18:52:58,920 INFO [restartedMain] c.e.b.c.CommunityApplication [StartupInfoLogger.java:61] Started CommunityApplication in 1.342 seconds (JVM running for 1.697)
2024-07-27 18:53:10,017 INFO [http-nio-8080-exec-1] o.a.c.c.C.[.[.[/community] [DirectJDKLog.java:173] Initializing Spring DispatcherServlet 'dispatcherServlet'
2024-07-27 18:53:10,018 INFO [http-nio-8080-exec-1] o.s.w.s.DispatcherServlet [FrameworkServlet.java:525] Initializing Servlet 'dispatcherServlet'
2024-07-27 18:53:10,019 INFO [http-nio-8080-exec-1] o.s.w.s.DispatcherServlet [FrameworkServlet.java:547] Completed initialization in 1 ms
2024-07-27 18:53:10,037 INFO [http-nio-8080-exec-1] c.z.h.HikariDataSource [HikariDataSource.java:110] HikariPool-1 - Starting...
2024-07-27 18:53:10,111 INFO [http-nio-8080-exec-1] c.z.h.HikariDataSource [HikariDataSource.java:123] HikariPool-1 - Start completed.
