2024-10-07 14:40:01,168 INFO [restartedMain] c.e.b.c.CommunityApplication [StartupInfoLogger.java:55] Starting CommunityApplication using Java 17.0.12 on arch with PID 347935 (/home/tingwuren/Documents/IdeaProjects/community/target/classes started by tingwuren in /home/tingwuren/Documents/IdeaProjects/community)
2024-10-07 14:40:01,170 INFO [restartedMain] c.e.b.c.CommunityApplication [SpringApplication.java:645] No active profile set, falling back to 1 default profile: "default"
2024-10-07 14:40:01,200 INFO [restartedMain] o.s.b.d.e.DevToolsPropertyDefaultsPostProcessor [DeferredLog.java:255] Devtools property defaults active! Set 'spring.devtools.add-properties' to 'false' to disable
2024-10-07 14:40:01,200 INFO [restartedMain] o.s.b.d.e.DevToolsPropertyDefaultsPostProcessor [DeferredLog.java:255] For additional web related logging consider setting the 'logging.level.web' property to 'DEBUG'
2024-10-07 14:40:01,652 INFO [restartedMain] o.s.d.r.c.RepositoryConfigurationDelegate [RepositoryConfigurationDelegate.java:262] Multiple Spring Data modules found, entering strict repository configuration mode
2024-10-07 14:40:01,654 INFO [restartedMain] o.s.d.r.c.RepositoryConfigurationDelegate [RepositoryConfigurationDelegate.java:132] Bootstrapping Spring Data Redis repositories in DEFAULT mode.
2024-10-07 14:40:01,671 INFO [restartedMain] o.s.d.r.c.RepositoryConfigurationDelegate [RepositoryConfigurationDelegate.java:201] Finished Spring Data repository scanning in 5 ms. Found 0 Redis repository interfaces.
2024-10-07 14:40:02,300 INFO [restartedMain] o.s.b.w.e.t.TomcatWebServer [TomcatWebServer.java:108] Tomcat initialized with port(s): 8080 (http)
2024-10-07 14:40:02,307 INFO [restartedMain] o.a.c.h.Http11NioProtocol [DirectJDKLog.java:173] Initializing ProtocolHandler ["http-nio-8080"]
2024-10-07 14:40:02,307 INFO [restartedMain] o.a.c.c.StandardService [DirectJDKLog.java:173] Starting service [Tomcat]
2024-10-07 14:40:02,308 INFO [restartedMain] o.a.c.c.StandardEngine [DirectJDKLog.java:173] Starting Servlet engine: [Apache Tomcat/9.0.68]
2024-10-07 14:40:02,342 INFO [restartedMain] o.a.c.c.C.[.[.[/community] [DirectJDKLog.java:173] Initializing Spring embedded WebApplicationContext
2024-10-07 14:40:02,342 INFO [restartedMain] o.s.b.w.s.c.ServletWebServerApplicationContext [ServletWebServerApplicationContext.java:290] Root WebApplicationContext: initialization completed in 1141 ms
2024-10-07 14:40:03,284 INFO [restartedMain] o.s.b.a.w.s.WelcomePageHandlerMapping [WelcomePageHandlerMapping.java:57] Adding welcome page template: index
2024-10-07 14:40:03,666 INFO [restartedMain] o.s.b.d.a.OptionalLiveReloadServer [OptionalLiveReloadServer.java:59] LiveReload server is running on port 35729
2024-10-07 14:40:03,733 INFO [restartedMain] o.a.k.c.c.ConsumerConfig [AbstractConfig.java:376] ConsumerConfig values: 
	allow.auto.create.topics = true
	auto.commit.interval.ms = 3000
	auto.offset.reset = latest
	bootstrap.servers = [localhost:9092]
	check.crcs = true
	client.dns.lookup = use_all_dns_ips
	client.id = consumer-test-consumer-group-1
	client.rack = 
	connections.max.idle.ms = 540000
	default.api.timeout.ms = 60000
	enable.auto.commit = true
	exclude.internal.topics = true
	fetch.max.bytes = 52428800
	fetch.max.wait.ms = 500
	fetch.min.bytes = 1
	group.id = test-consumer-group
	group.instance.id = null
	heartbeat.interval.ms = 3000
	interceptor.classes = []
	internal.leave.group.on.close = true
	internal.throw.on.fetch.stable.offset.unsupported = false
	isolation.level = read_uncommitted
	key.deserializer = class org.apache.kafka.common.serialization.StringDeserializer
	max.partition.fetch.bytes = 1048576
	max.poll.interval.ms = 300000
	max.poll.records = 500
	metadata.max.age.ms = 300000
	metric.reporters = []
	metrics.num.samples = 2
	metrics.recording.level = INFO
	metrics.sample.window.ms = 30000
	partition.assignment.strategy = [class org.apache.kafka.clients.consumer.RangeAssignor, class org.apache.kafka.clients.consumer.CooperativeStickyAssignor]
	receive.buffer.bytes = 65536
	reconnect.backoff.max.ms = 1000
	reconnect.backoff.ms = 50
	request.timeout.ms = 30000
	retry.backoff.ms = 100
	sasl.client.callback.handler.class = null
	sasl.jaas.config = null
	sasl.kerberos.kinit.cmd = /usr/bin/kinit
	sasl.kerberos.min.time.before.relogin = 60000
	sasl.kerberos.service.name = null
	sasl.kerberos.ticket.renew.jitter = 0.05
	sasl.kerberos.ticket.renew.window.factor = 0.8
	sasl.login.callback.handler.class = null
	sasl.login.class = null
	sasl.login.refresh.buffer.seconds = 300
	sasl.login.refresh.min.period.seconds = 60
	sasl.login.refresh.window.factor = 0.8
	sasl.login.refresh.window.jitter = 0.05
	sasl.mechanism = GSSAPI
	security.protocol = PLAINTEXT
	security.providers = null
	send.buffer.bytes = 131072
	session.timeout.ms = 45000
	socket.connection.setup.timeout.max.ms = 30000
	socket.connection.setup.timeout.ms = 10000
	ssl.cipher.suites = null
	ssl.enabled.protocols = [TLSv1.2, TLSv1.3]
	ssl.endpoint.identification.algorithm = https
	ssl.engine.factory.class = null
	ssl.key.password = null
	ssl.keymanager.algorithm = SunX509
	ssl.keystore.certificate.chain = null
	ssl.keystore.key = null
	ssl.keystore.location = null
	ssl.keystore.password = null
	ssl.keystore.type = JKS
	ssl.protocol = TLSv1.3
	ssl.provider = null
	ssl.secure.random.implementation = null
	ssl.trustmanager.algorithm = PKIX
	ssl.truststore.certificates = null
	ssl.truststore.location = null
	ssl.truststore.password = null
	ssl.truststore.type = JKS
	value.deserializer = class org.apache.kafka.common.serialization.StringDeserializer

2024-10-07 14:40:03,780 INFO [restartedMain] o.a.k.c.u.AppInfoParser [AppInfoParser.java:119] Kafka version: 3.0.2
2024-10-07 14:40:03,780 INFO [restartedMain] o.a.k.c.u.AppInfoParser [AppInfoParser.java:120] Kafka commitId: 25b1aea02e37da14
2024-10-07 14:40:03,780 INFO [restartedMain] o.a.k.c.u.AppInfoParser [AppInfoParser.java:121] Kafka startTimeMs: 1728283203779
2024-10-07 14:40:03,782 INFO [restartedMain] o.a.k.c.c.KafkaConsumer [KafkaConsumer.java:966] [Consumer clientId=consumer-test-consumer-group-1, groupId=test-consumer-group] Subscribed to topic(s): comment, like, follow
2024-10-07 14:40:03,786 INFO [restartedMain] o.a.c.h.Http11NioProtocol [DirectJDKLog.java:173] Starting ProtocolHandler ["http-nio-8080"]
2024-10-07 14:40:03,793 INFO [restartedMain] o.s.b.w.e.t.TomcatWebServer [TomcatWebServer.java:220] Tomcat started on port(s): 8080 (http) with context path '/community'
2024-10-07 14:40:03,801 INFO [restartedMain] c.e.b.c.CommunityApplication [StartupInfoLogger.java:61] Started CommunityApplication in 2.967 seconds (JVM running for 3.458)
2024-10-07 14:40:04,389 INFO [org.springframework.kafka.KafkaListenerEndpointContainer#0-0-C-1] o.a.k.c.Metadata [Metadata.java:401] [Consumer clientId=consumer-test-consumer-group-1, groupId=test-consumer-group] Resetting the last seen epoch of partition like-0 to 0 since the associated topicId changed from null to yxTYtr4PRRCMQ-TddRSGNQ
2024-10-07 14:40:04,391 INFO [org.springframework.kafka.KafkaListenerEndpointContainer#0-0-C-1] o.a.k.c.Metadata [Metadata.java:401] [Consumer clientId=consumer-test-consumer-group-1, groupId=test-consumer-group] Resetting the last seen epoch of partition comment-0 to 0 since the associated topicId changed from null to zlIzhNkNTfiSU9QIJMlscA
2024-10-07 14:40:04,392 INFO [org.springframework.kafka.KafkaListenerEndpointContainer#0-0-C-1] o.a.k.c.Metadata [Metadata.java:401] [Consumer clientId=consumer-test-consumer-group-1, groupId=test-consumer-group] Resetting the last seen epoch of partition follow-0 to 0 since the associated topicId changed from null to y22C8AjoScqi0E14dkWtrg
2024-10-07 14:40:04,394 INFO [org.springframework.kafka.KafkaListenerEndpointContainer#0-0-C-1] o.a.k.c.Metadata [Metadata.java:287] [Consumer clientId=consumer-test-consumer-group-1, groupId=test-consumer-group] Cluster ID: SrTS4pEDRuGSH8Og0LHA6w
2024-10-07 14:40:04,412 INFO [org.springframework.kafka.KafkaListenerEndpointContainer#0-0-C-1] o.a.k.c.c.i.ConsumerCoordinator [AbstractCoordinator.java:849] [Consumer clientId=consumer-test-consumer-group-1, groupId=test-consumer-group] Discovered group coordinator localhost:9092 (id: 2147483646 rack: null)
2024-10-07 14:40:04,415 INFO [org.springframework.kafka.KafkaListenerEndpointContainer#0-0-C-1] o.a.k.c.c.i.ConsumerCoordinator [AbstractCoordinator.java:535] [Consumer clientId=consumer-test-consumer-group-1, groupId=test-consumer-group] (Re-)joining group
2024-10-07 14:40:04,489 INFO [org.springframework.kafka.KafkaListenerEndpointContainer#0-0-C-1] o.a.k.c.c.i.ConsumerCoordinator [AbstractCoordinator.java:988] [Consumer clientId=consumer-test-consumer-group-1, groupId=test-consumer-group] Request joining group due to: need to re-join with the given member-id
2024-10-07 14:40:04,489 INFO [org.springframework.kafka.KafkaListenerEndpointContainer#0-0-C-1] o.a.k.c.c.i.ConsumerCoordinator [AbstractCoordinator.java:535] [Consumer clientId=consumer-test-consumer-group-1, groupId=test-consumer-group] (Re-)joining group
2024-10-07 14:40:07,529 INFO [org.springframework.kafka.KafkaListenerEndpointContainer#0-0-C-1] o.a.k.c.c.i.ConsumerCoordinator [AbstractCoordinator.java:591] [Consumer clientId=consumer-test-consumer-group-1, groupId=test-consumer-group] Successfully joined group with generation Generation{generationId=5, memberId='consumer-test-consumer-group-1-dca8a494-d981-4a66-89b0-14ece838f406', protocol='range'}
2024-10-07 14:40:07,531 INFO [org.springframework.kafka.KafkaListenerEndpointContainer#0-0-C-1] o.a.k.c.c.i.ConsumerCoordinator [ConsumerCoordinator.java:652] [Consumer clientId=consumer-test-consumer-group-1, groupId=test-consumer-group] Finished assignment for group at generation 5: {consumer-test-consumer-group-1-dca8a494-d981-4a66-89b0-14ece838f406=Assignment(partitions=[like-0, comment-0, follow-0])}
2024-10-07 14:40:07,655 INFO [org.springframework.kafka.KafkaListenerEndpointContainer#0-0-C-1] o.a.k.c.c.i.ConsumerCoordinator [AbstractCoordinator.java:757] [Consumer clientId=consumer-test-consumer-group-1, groupId=test-consumer-group] Successfully synced group in generation Generation{generationId=5, memberId='consumer-test-consumer-group-1-dca8a494-d981-4a66-89b0-14ece838f406', protocol='range'}
2024-10-07 14:40:07,656 INFO [org.springframework.kafka.KafkaListenerEndpointContainer#0-0-C-1] o.a.k.c.c.i.ConsumerCoordinator [ConsumerCoordinator.java:279] [Consumer clientId=consumer-test-consumer-group-1, groupId=test-consumer-group] Notifying assignor about the new Assignment(partitions=[like-0, comment-0, follow-0])
2024-10-07 14:40:07,658 INFO [org.springframework.kafka.KafkaListenerEndpointContainer#0-0-C-1] o.a.k.c.c.i.ConsumerCoordinator [ConsumerCoordinator.java:291] [Consumer clientId=consumer-test-consumer-group-1, groupId=test-consumer-group] Adding newly assigned partitions: comment-0, like-0, follow-0
2024-10-07 14:40:07,677 INFO [org.springframework.kafka.KafkaListenerEndpointContainer#0-0-C-1] o.a.k.c.c.i.ConsumerCoordinator [ConsumerCoordinator.java:844] [Consumer clientId=consumer-test-consumer-group-1, groupId=test-consumer-group] Setting offset for partition comment-0 to the committed offset FetchPosition{offset=2, offsetEpoch=Optional[0], currentLeader=LeaderAndEpoch{leader=Optional[localhost:9092 (id: 1 rack: null)], epoch=0}}
2024-10-07 14:40:07,677 INFO [org.springframework.kafka.KafkaListenerEndpointContainer#0-0-C-1] o.a.k.c.c.i.ConsumerCoordinator [ConsumerCoordinator.java:844] [Consumer clientId=consumer-test-consumer-group-1, groupId=test-consumer-group] Setting offset for partition like-0 to the committed offset FetchPosition{offset=2, offsetEpoch=Optional[0], currentLeader=LeaderAndEpoch{leader=Optional[localhost:9092 (id: 1 rack: null)], epoch=0}}
2024-10-07 14:40:07,678 INFO [org.springframework.kafka.KafkaListenerEndpointContainer#0-0-C-1] o.a.k.c.c.i.ConsumerCoordinator [ConsumerCoordinator.java:844] [Consumer clientId=consumer-test-consumer-group-1, groupId=test-consumer-group] Setting offset for partition follow-0 to the committed offset FetchPosition{offset=1, offsetEpoch=Optional[0], currentLeader=LeaderAndEpoch{leader=Optional[localhost:9092 (id: 1 rack: null)], epoch=0}}
2024-10-07 14:40:07,700 INFO [org.springframework.kafka.KafkaListenerEndpointContainer#0-0-C-1] o.s.k.l.KafkaMessageListenerContainer [LogAccessor.java:292] test-consumer-group: partitions assigned: [comment-0, like-0, follow-0]
2024-10-07 14:40:10,281 INFO [http-nio-8080-exec-1] o.a.c.c.C.[.[.[/community] [DirectJDKLog.java:173] Initializing Spring DispatcherServlet 'dispatcherServlet'
2024-10-07 14:40:10,281 INFO [http-nio-8080-exec-1] o.s.w.s.DispatcherServlet [FrameworkServlet.java:525] Initializing Servlet 'dispatcherServlet'
2024-10-07 14:40:10,282 INFO [http-nio-8080-exec-1] o.s.w.s.DispatcherServlet [FrameworkServlet.java:547] Completed initialization in 1 ms
2024-10-07 14:40:10,293 INFO [http-nio-8080-exec-1] c.e.b.c.a.ServiceLogAspect [ServiceLogAspect.java:42] 用户[127.0.0.1]，在[2024-10-07 14:40:10]，访问了[cn.edu.bupt.community.service.UserService.findLoginTicket]
2024-10-07 14:40:10,573 INFO [http-nio-8080-exec-1] c.e.b.c.a.ServiceLogAspect [ServiceLogAspect.java:42] 用户[127.0.0.1]，在[2024-10-07 14:40:10]，访问了[cn.edu.bupt.community.service.DiscussPostService.findDiscussPostRows]
2024-10-07 14:40:10,596 INFO [http-nio-8080-exec-1] c.z.h.HikariDataSource [HikariDataSource.java:110] HikariPool-1 - Starting...
2024-10-07 14:40:10,704 INFO [http-nio-8080-exec-1] c.z.h.HikariDataSource [HikariDataSource.java:123] HikariPool-1 - Start completed.
2024-10-07 14:40:10,758 INFO [http-nio-8080-exec-1] c.e.b.c.a.ServiceLogAspect [ServiceLogAspect.java:42] 用户[127.0.0.1]，在[2024-10-07 14:40:10]，访问了[cn.edu.bupt.community.service.DiscussPostService.findDiscussPosts]
2024-10-07 14:40:10,771 INFO [http-nio-8080-exec-1] c.e.b.c.a.ServiceLogAspect [ServiceLogAspect.java:42] 用户[127.0.0.1]，在[2024-10-07 14:40:10]，访问了[cn.edu.bupt.community.service.UserService.findUserById]
2024-10-07 14:40:10,801 INFO [http-nio-8080-exec-1] c.e.b.c.a.ServiceLogAspect [ServiceLogAspect.java:42] 用户[127.0.0.1]，在[2024-10-07 14:40:10]，访问了[cn.edu.bupt.community.service.LikeService.findEntityLikeCount]
2024-10-07 14:40:10,808 INFO [http-nio-8080-exec-1] c.e.b.c.a.ServiceLogAspect [ServiceLogAspect.java:42] 用户[127.0.0.1]，在[2024-10-07 14:40:10]，访问了[cn.edu.bupt.community.service.UserService.findUserById]
2024-10-07 14:40:10,816 INFO [http-nio-8080-exec-1] c.e.b.c.a.ServiceLogAspect [ServiceLogAspect.java:42] 用户[127.0.0.1]，在[2024-10-07 14:40:10]，访问了[cn.edu.bupt.community.service.LikeService.findEntityLikeCount]
2024-10-07 14:40:10,818 INFO [http-nio-8080-exec-1] c.e.b.c.a.ServiceLogAspect [ServiceLogAspect.java:42] 用户[127.0.0.1]，在[2024-10-07 14:40:10]，访问了[cn.edu.bupt.community.service.UserService.findUserById]
2024-10-07 14:40:10,825 INFO [http-nio-8080-exec-1] c.e.b.c.a.ServiceLogAspect [ServiceLogAspect.java:42] 用户[127.0.0.1]，在[2024-10-07 14:40:10]，访问了[cn.edu.bupt.community.service.LikeService.findEntityLikeCount]
2024-10-07 14:40:10,828 INFO [http-nio-8080-exec-1] c.e.b.c.a.ServiceLogAspect [ServiceLogAspect.java:42] 用户[127.0.0.1]，在[2024-10-07 14:40:10]，访问了[cn.edu.bupt.community.service.UserService.findUserById]
2024-10-07 14:40:10,831 INFO [http-nio-8080-exec-1] c.e.b.c.a.ServiceLogAspect [ServiceLogAspect.java:42] 用户[127.0.0.1]，在[2024-10-07 14:40:10]，访问了[cn.edu.bupt.community.service.LikeService.findEntityLikeCount]
2024-10-07 14:40:10,833 INFO [http-nio-8080-exec-1] c.e.b.c.a.ServiceLogAspect [ServiceLogAspect.java:42] 用户[127.0.0.1]，在[2024-10-07 14:40:10]，访问了[cn.edu.bupt.community.service.UserService.findUserById]
2024-10-07 14:40:10,835 INFO [http-nio-8080-exec-1] c.e.b.c.a.ServiceLogAspect [ServiceLogAspect.java:42] 用户[127.0.0.1]，在[2024-10-07 14:40:10]，访问了[cn.edu.bupt.community.service.LikeService.findEntityLikeCount]
2024-10-07 14:40:10,836 INFO [http-nio-8080-exec-1] c.e.b.c.a.ServiceLogAspect [ServiceLogAspect.java:42] 用户[127.0.0.1]，在[2024-10-07 14:40:10]，访问了[cn.edu.bupt.community.service.UserService.findUserById]
2024-10-07 14:40:10,845 INFO [http-nio-8080-exec-1] c.e.b.c.a.ServiceLogAspect [ServiceLogAspect.java:42] 用户[127.0.0.1]，在[2024-10-07 14:40:10]，访问了[cn.edu.bupt.community.service.LikeService.findEntityLikeCount]
2024-10-07 14:40:10,848 INFO [http-nio-8080-exec-1] c.e.b.c.a.ServiceLogAspect [ServiceLogAspect.java:42] 用户[127.0.0.1]，在[2024-10-07 14:40:10]，访问了[cn.edu.bupt.community.service.UserService.findUserById]
2024-10-07 14:40:10,855 INFO [http-nio-8080-exec-1] c.e.b.c.a.ServiceLogAspect [ServiceLogAspect.java:42] 用户[127.0.0.1]，在[2024-10-07 14:40:10]，访问了[cn.edu.bupt.community.service.LikeService.findEntityLikeCount]
2024-10-07 14:40:10,857 INFO [http-nio-8080-exec-1] c.e.b.c.a.ServiceLogAspect [ServiceLogAspect.java:42] 用户[127.0.0.1]，在[2024-10-07 14:40:10]，访问了[cn.edu.bupt.community.service.UserService.findUserById]
2024-10-07 14:40:10,865 INFO [http-nio-8080-exec-1] c.e.b.c.a.ServiceLogAspect [ServiceLogAspect.java:42] 用户[127.0.0.1]，在[2024-10-07 14:40:10]，访问了[cn.edu.bupt.community.service.LikeService.findEntityLikeCount]
2024-10-07 14:40:10,867 INFO [http-nio-8080-exec-1] c.e.b.c.a.ServiceLogAspect [ServiceLogAspect.java:42] 用户[127.0.0.1]，在[2024-10-07 14:40:10]，访问了[cn.edu.bupt.community.service.UserService.findUserById]
2024-10-07 14:40:10,869 INFO [http-nio-8080-exec-1] c.e.b.c.a.ServiceLogAspect [ServiceLogAspect.java:42] 用户[127.0.0.1]，在[2024-10-07 14:40:10]，访问了[cn.edu.bupt.community.service.LikeService.findEntityLikeCount]
2024-10-07 14:40:10,873 INFO [http-nio-8080-exec-1] c.e.b.c.a.ServiceLogAspect [ServiceLogAspect.java:42] 用户[127.0.0.1]，在[2024-10-07 14:40:10]，访问了[cn.edu.bupt.community.service.UserService.findUserById]
2024-10-07 14:40:10,881 INFO [http-nio-8080-exec-1] c.e.b.c.a.ServiceLogAspect [ServiceLogAspect.java:42] 用户[127.0.0.1]，在[2024-10-07 14:40:10]，访问了[cn.edu.bupt.community.service.LikeService.findEntityLikeCount]
2024-10-07 14:50:31,924 INFO [org.springframework.kafka.KafkaListenerEndpointContainer#0-0-C-1] o.a.k.c.c.i.ConsumerCoordinator [ConsumerCoordinator.java:310] [Consumer clientId=consumer-test-consumer-group-1, groupId=test-consumer-group] Revoke previously assigned partitions comment-0, like-0, follow-0
2024-10-07 14:50:31,924 INFO [org.springframework.kafka.KafkaListenerEndpointContainer#0-0-C-1] o.s.k.l.KafkaMessageListenerContainer [LogAccessor.java:292] test-consumer-group: partitions revoked: [comment-0, like-0, follow-0]
2024-10-07 14:50:31,925 INFO [org.springframework.kafka.KafkaListenerEndpointContainer#0-0-C-1] o.a.k.c.c.i.ConsumerCoordinator [AbstractCoordinator.java:1048] [Consumer clientId=consumer-test-consumer-group-1, groupId=test-consumer-group] Member consumer-test-consumer-group-1-dca8a494-d981-4a66-89b0-14ece838f406 sending LeaveGroup request to coordinator localhost:9092 (id: 2147483646 rack: null) due to the consumer unsubscribed from all topics
2024-10-07 14:50:31,926 INFO [org.springframework.kafka.KafkaListenerEndpointContainer#0-0-C-1] o.a.k.c.c.i.ConsumerCoordinator [AbstractCoordinator.java:966] [Consumer clientId=consumer-test-consumer-group-1, groupId=test-consumer-group] Resetting generation due to: consumer pro-actively leaving the group
2024-10-07 14:50:31,926 INFO [org.springframework.kafka.KafkaListenerEndpointContainer#0-0-C-1] o.a.k.c.c.i.ConsumerCoordinator [AbstractCoordinator.java:988] [Consumer clientId=consumer-test-consumer-group-1, groupId=test-consumer-group] Request joining group due to: consumer pro-actively leaving the group
2024-10-07 14:50:31,926 INFO [org.springframework.kafka.KafkaListenerEndpointContainer#0-0-C-1] o.a.k.c.c.KafkaConsumer [KafkaConsumer.java:1075] [Consumer clientId=consumer-test-consumer-group-1, groupId=test-consumer-group] Unsubscribed all topics or patterns and assigned partitions
2024-10-07 14:50:31,927 INFO [org.springframework.kafka.KafkaListenerEndpointContainer#0-0-C-1] o.a.k.c.c.i.ConsumerCoordinator [AbstractCoordinator.java:966] [Consumer clientId=consumer-test-consumer-group-1, groupId=test-consumer-group] Resetting generation due to: consumer pro-actively leaving the group
2024-10-07 14:50:31,928 INFO [org.springframework.kafka.KafkaListenerEndpointContainer#0-0-C-1] o.a.k.c.c.i.ConsumerCoordinator [AbstractCoordinator.java:988] [Consumer clientId=consumer-test-consumer-group-1, groupId=test-consumer-group] Request joining group due to: consumer pro-actively leaving the group
2024-10-07 14:50:31,948 INFO [org.springframework.kafka.KafkaListenerEndpointContainer#0-0-C-1] o.a.k.c.m.Metrics [Metrics.java:659] Metrics scheduler closed
2024-10-07 14:50:31,948 INFO [org.springframework.kafka.KafkaListenerEndpointContainer#0-0-C-1] o.a.k.c.m.Metrics [Metrics.java:663] Closing reporter org.apache.kafka.common.metrics.JmxReporter
2024-10-07 14:50:31,948 INFO [org.springframework.kafka.KafkaListenerEndpointContainer#0-0-C-1] o.a.k.c.m.Metrics [Metrics.java:669] Metrics reporters closed
2024-10-07 14:50:31,953 INFO [org.springframework.kafka.KafkaListenerEndpointContainer#0-0-C-1] o.a.k.c.u.AppInfoParser [AppInfoParser.java:83] App info kafka.consumer for consumer-test-consumer-group-1 unregistered
2024-10-07 14:50:31,954 INFO [org.springframework.kafka.KafkaListenerEndpointContainer#0-0-C-1] o.s.k.l.KafkaMessageListenerContainer [LogAccessor.java:292] test-consumer-group: Consumer stopped
2024-10-07 14:50:32,074 INFO [SpringApplicationShutdownHook] c.z.h.HikariDataSource [HikariDataSource.java:350] HikariPool-1 - Shutdown initiated...
2024-10-07 14:50:32,084 INFO [SpringApplicationShutdownHook] c.z.h.HikariDataSource [HikariDataSource.java:352] HikariPool-1 - Shutdown completed.
