2025-02-20 17:29:32,901 INFO [main] c.e.b.c.EsConnectionTest [StartupInfoLogger.java:55] Starting EsConnectionTest using Java 17.0.13 on arch with PID 37110 (started by tingwuren in /home/tingwuren/Documents/IdeaProjects/community)
2025-02-20 17:29:32,904 INFO [main] c.e.b.c.EsConnectionTest [SpringApplication.java:645] No active profile set, falling back to 1 default profile: "default"
2025-02-20 17:29:33,441 INFO [main] o.s.d.r.c.RepositoryConfigurationDelegate [RepositoryConfigurationDelegate.java:262] Multiple Spring Data modules found, entering strict repository configuration mode
2025-02-20 17:29:33,443 INFO [main] o.s.d.r.c.RepositoryConfigurationDelegate [RepositoryConfigurationDelegate.java:132] Bootstrapping Spring Data Elasticsearch repositories in DEFAULT mode.
2025-02-20 17:29:33,457 INFO [main] o.s.d.r.c.RepositoryConfigurationDelegate [RepositoryConfigurationDelegate.java:201] Finished Spring Data repository scanning in 9 ms. Found 0 Elasticsearch repository interfaces.
2025-02-20 17:29:33,461 INFO [main] o.s.d.r.c.RepositoryConfigurationDelegate [RepositoryConfigurationDelegate.java:262] Multiple Spring Data modules found, entering strict repository configuration mode
2025-02-20 17:29:33,461 INFO [main] o.s.d.r.c.RepositoryConfigurationDelegate [RepositoryConfigurationDelegate.java:132] Bootstrapping Spring Data Reactive Elasticsearch repositories in DEFAULT mode.
2025-02-20 17:29:33,464 INFO [main] o.s.d.r.c.RepositoryConfigurationDelegate [RepositoryConfigurationDelegate.java:201] Finished Spring Data repository scanning in 2 ms. Found 0 Reactive Elasticsearch repository interfaces.
2025-02-20 17:29:33,475 INFO [main] o.s.d.r.c.RepositoryConfigurationDelegate [RepositoryConfigurationDelegate.java:262] Multiple Spring Data modules found, entering strict repository configuration mode
2025-02-20 17:29:33,476 INFO [main] o.s.d.r.c.RepositoryConfigurationDelegate [RepositoryConfigurationDelegate.java:132] Bootstrapping Spring Data Redis repositories in DEFAULT mode.
2025-02-20 17:29:33,486 INFO [main] o.s.d.r.c.RepositoryConfigurationDelegate [RepositoryConfigurationDelegate.java:201] Finished Spring Data repository scanning in 2 ms. Found 0 Redis repository interfaces.
2025-02-20 17:29:36,010 INFO [main] o.s.b.a.w.s.WelcomePageHandlerMapping [WelcomePageHandlerMapping.java:57] Adding welcome page template: index
2025-02-20 17:29:36,604 INFO [main] o.a.k.c.c.ConsumerConfig [AbstractConfig.java:376] ConsumerConfig values: 
	allow.auto.create.topics = true
	auto.commit.interval.ms = 3000
	auto.offset.reset = latest
	bootstrap.servers = [localhost:9092]
	check.crcs = true
	client.dns.lookup = use_all_dns_ips
	client.id = consumer-test-consumer-group-1
	client.rack = 
	connections.max.idle.ms = 540000
	default.api.timeout.ms = 60000
	enable.auto.commit = true
	exclude.internal.topics = true
	fetch.max.bytes = 52428800
	fetch.max.wait.ms = 500
	fetch.min.bytes = 1
	group.id = test-consumer-group
	group.instance.id = null
	heartbeat.interval.ms = 3000
	interceptor.classes = []
	internal.leave.group.on.close = true
	internal.throw.on.fetch.stable.offset.unsupported = false
	isolation.level = read_uncommitted
	key.deserializer = class org.apache.kafka.common.serialization.StringDeserializer
	max.partition.fetch.bytes = 1048576
	max.poll.interval.ms = 300000
	max.poll.records = 500
	metadata.max.age.ms = 300000
	metric.reporters = []
	metrics.num.samples = 2
	metrics.recording.level = INFO
	metrics.sample.window.ms = 30000
	partition.assignment.strategy = [class org.apache.kafka.clients.consumer.RangeAssignor, class org.apache.kafka.clients.consumer.CooperativeStickyAssignor]
	receive.buffer.bytes = 65536
	reconnect.backoff.max.ms = 1000
	reconnect.backoff.ms = 50
	request.timeout.ms = 30000
	retry.backoff.ms = 100
	sasl.client.callback.handler.class = null
	sasl.jaas.config = null
	sasl.kerberos.kinit.cmd = /usr/bin/kinit
	sasl.kerberos.min.time.before.relogin = 60000
	sasl.kerberos.service.name = null
	sasl.kerberos.ticket.renew.jitter = 0.05
	sasl.kerberos.ticket.renew.window.factor = 0.8
	sasl.login.callback.handler.class = null
	sasl.login.class = null
	sasl.login.refresh.buffer.seconds = 300
	sasl.login.refresh.min.period.seconds = 60
	sasl.login.refresh.window.factor = 0.8
	sasl.login.refresh.window.jitter = 0.05
	sasl.mechanism = GSSAPI
	security.protocol = PLAINTEXT
	security.providers = null
	send.buffer.bytes = 131072
	session.timeout.ms = 45000
	socket.connection.setup.timeout.max.ms = 30000
	socket.connection.setup.timeout.ms = 10000
	ssl.cipher.suites = null
	ssl.enabled.protocols = [TLSv1.2, TLSv1.3]
	ssl.endpoint.identification.algorithm = https
	ssl.engine.factory.class = null
	ssl.key.password = null
	ssl.keymanager.algorithm = SunX509
	ssl.keystore.certificate.chain = null
	ssl.keystore.key = null
	ssl.keystore.location = null
	ssl.keystore.password = null
	ssl.keystore.type = JKS
	ssl.protocol = TLSv1.3
	ssl.provider = null
	ssl.secure.random.implementation = null
	ssl.trustmanager.algorithm = PKIX
	ssl.truststore.certificates = null
	ssl.truststore.location = null
	ssl.truststore.password = null
	ssl.truststore.type = JKS
	value.deserializer = class org.apache.kafka.common.serialization.StringDeserializer

2025-02-20 17:29:36,668 INFO [main] o.a.k.c.u.AppInfoParser [AppInfoParser.java:119] Kafka version: 3.0.2
2025-02-20 17:29:36,668 INFO [main] o.a.k.c.u.AppInfoParser [AppInfoParser.java:120] Kafka commitId: 25b1aea02e37da14
2025-02-20 17:29:36,668 INFO [main] o.a.k.c.u.AppInfoParser [AppInfoParser.java:121] Kafka startTimeMs: 1740043776667
2025-02-20 17:29:36,671 INFO [main] o.a.k.c.c.KafkaConsumer [KafkaConsumer.java:966] [Consumer clientId=consumer-test-consumer-group-1, groupId=test-consumer-group] Subscribed to topic(s): test
2025-02-20 17:29:36,677 INFO [main] o.a.k.c.c.ConsumerConfig [AbstractConfig.java:376] ConsumerConfig values: 
	allow.auto.create.topics = true
	auto.commit.interval.ms = 3000
	auto.offset.reset = latest
	bootstrap.servers = [localhost:9092]
	check.crcs = true
	client.dns.lookup = use_all_dns_ips
	client.id = consumer-test-consumer-group-2
	client.rack = 
	connections.max.idle.ms = 540000
	default.api.timeout.ms = 60000
	enable.auto.commit = true
	exclude.internal.topics = true
	fetch.max.bytes = 52428800
	fetch.max.wait.ms = 500
	fetch.min.bytes = 1
	group.id = test-consumer-group
	group.instance.id = null
	heartbeat.interval.ms = 3000
	interceptor.classes = []
	internal.leave.group.on.close = true
	internal.throw.on.fetch.stable.offset.unsupported = false
	isolation.level = read_uncommitted
	key.deserializer = class org.apache.kafka.common.serialization.StringDeserializer
	max.partition.fetch.bytes = 1048576
	max.poll.interval.ms = 300000
	max.poll.records = 500
	metadata.max.age.ms = 300000
	metric.reporters = []
	metrics.num.samples = 2
	metrics.recording.level = INFO
	metrics.sample.window.ms = 30000
	partition.assignment.strategy = [class org.apache.kafka.clients.consumer.RangeAssignor, class org.apache.kafka.clients.consumer.CooperativeStickyAssignor]
	receive.buffer.bytes = 65536
	reconnect.backoff.max.ms = 1000
	reconnect.backoff.ms = 50
	request.timeout.ms = 30000
	retry.backoff.ms = 100
	sasl.client.callback.handler.class = null
	sasl.jaas.config = null
	sasl.kerberos.kinit.cmd = /usr/bin/kinit
	sasl.kerberos.min.time.before.relogin = 60000
	sasl.kerberos.service.name = null
	sasl.kerberos.ticket.renew.jitter = 0.05
	sasl.kerberos.ticket.renew.window.factor = 0.8
	sasl.login.callback.handler.class = null
	sasl.login.class = null
	sasl.login.refresh.buffer.seconds = 300
	sasl.login.refresh.min.period.seconds = 60
	sasl.login.refresh.window.factor = 0.8
	sasl.login.refresh.window.jitter = 0.05
	sasl.mechanism = GSSAPI
	security.protocol = PLAINTEXT
	security.providers = null
	send.buffer.bytes = 131072
	session.timeout.ms = 45000
	socket.connection.setup.timeout.max.ms = 30000
	socket.connection.setup.timeout.ms = 10000
	ssl.cipher.suites = null
	ssl.enabled.protocols = [TLSv1.2, TLSv1.3]
	ssl.endpoint.identification.algorithm = https
	ssl.engine.factory.class = null
	ssl.key.password = null
	ssl.keymanager.algorithm = SunX509
	ssl.keystore.certificate.chain = null
	ssl.keystore.key = null
	ssl.keystore.location = null
	ssl.keystore.password = null
	ssl.keystore.type = JKS
	ssl.protocol = TLSv1.3
	ssl.provider = null
	ssl.secure.random.implementation = null
	ssl.trustmanager.algorithm = PKIX
	ssl.truststore.certificates = null
	ssl.truststore.location = null
	ssl.truststore.password = null
	ssl.truststore.type = JKS
	value.deserializer = class org.apache.kafka.common.serialization.StringDeserializer

2025-02-20 17:29:36,682 INFO [main] o.a.k.c.u.AppInfoParser [AppInfoParser.java:119] Kafka version: 3.0.2
2025-02-20 17:29:36,683 INFO [main] o.a.k.c.u.AppInfoParser [AppInfoParser.java:120] Kafka commitId: 25b1aea02e37da14
2025-02-20 17:29:36,683 INFO [main] o.a.k.c.u.AppInfoParser [AppInfoParser.java:121] Kafka startTimeMs: 1740043776682
2025-02-20 17:29:36,683 INFO [main] o.a.k.c.c.KafkaConsumer [KafkaConsumer.java:966] [Consumer clientId=consumer-test-consumer-group-2, groupId=test-consumer-group] Subscribed to topic(s): comment, like, follow
2025-02-20 17:29:36,691 INFO [main] c.e.b.c.EsConnectionTest [StartupInfoLogger.java:61] Started EsConnectionTest in 4.043 seconds (JVM running for 4.717)
2025-02-20 17:29:37,087 INFO [org.springframework.kafka.KafkaListenerEndpointContainer#0-0-C-1] o.a.k.c.c.i.ConsumerCoordinator [AbstractCoordinator.java:966] [Consumer clientId=consumer-test-consumer-group-1, groupId=test-consumer-group] Resetting generation due to: consumer pro-actively leaving the group
2025-02-20 17:29:37,087 INFO [org.springframework.kafka.KafkaListenerEndpointContainer#1-0-C-1] o.a.k.c.c.i.ConsumerCoordinator [AbstractCoordinator.java:966] [Consumer clientId=consumer-test-consumer-group-2, groupId=test-consumer-group] Resetting generation due to: consumer pro-actively leaving the group
2025-02-20 17:29:37,088 INFO [org.springframework.kafka.KafkaListenerEndpointContainer#0-0-C-1] o.a.k.c.c.i.ConsumerCoordinator [AbstractCoordinator.java:988] [Consumer clientId=consumer-test-consumer-group-1, groupId=test-consumer-group] Request joining group due to: consumer pro-actively leaving the group
2025-02-20 17:29:37,088 INFO [org.springframework.kafka.KafkaListenerEndpointContainer#1-0-C-1] o.a.k.c.c.i.ConsumerCoordinator [AbstractCoordinator.java:988] [Consumer clientId=consumer-test-consumer-group-2, groupId=test-consumer-group] Request joining group due to: consumer pro-actively leaving the group
2025-02-20 17:29:37,088 INFO [org.springframework.kafka.KafkaListenerEndpointContainer#1-0-C-1] o.a.k.c.c.KafkaConsumer [KafkaConsumer.java:1075] [Consumer clientId=consumer-test-consumer-group-2, groupId=test-consumer-group] Unsubscribed all topics or patterns and assigned partitions
2025-02-20 17:29:37,088 INFO [org.springframework.kafka.KafkaListenerEndpointContainer#0-0-C-1] o.a.k.c.c.KafkaConsumer [KafkaConsumer.java:1075] [Consumer clientId=consumer-test-consumer-group-1, groupId=test-consumer-group] Unsubscribed all topics or patterns and assigned partitions
2025-02-20 17:29:37,088 INFO [org.springframework.kafka.KafkaListenerEndpointContainer#0-0-C-1] o.a.k.c.c.i.ConsumerCoordinator [AbstractCoordinator.java:966] [Consumer clientId=consumer-test-consumer-group-1, groupId=test-consumer-group] Resetting generation due to: consumer pro-actively leaving the group
2025-02-20 17:29:37,088 INFO [org.springframework.kafka.KafkaListenerEndpointContainer#1-0-C-1] o.a.k.c.c.i.ConsumerCoordinator [AbstractCoordinator.java:966] [Consumer clientId=consumer-test-consumer-group-2, groupId=test-consumer-group] Resetting generation due to: consumer pro-actively leaving the group
2025-02-20 17:29:37,088 INFO [org.springframework.kafka.KafkaListenerEndpointContainer#0-0-C-1] o.a.k.c.c.i.ConsumerCoordinator [AbstractCoordinator.java:988] [Consumer clientId=consumer-test-consumer-group-1, groupId=test-consumer-group] Request joining group due to: consumer pro-actively leaving the group
2025-02-20 17:29:37,088 INFO [org.springframework.kafka.KafkaListenerEndpointContainer#1-0-C-1] o.a.k.c.c.i.ConsumerCoordinator [AbstractCoordinator.java:988] [Consumer clientId=consumer-test-consumer-group-2, groupId=test-consumer-group] Request joining group due to: consumer pro-actively leaving the group
2025-02-20 17:29:37,089 INFO [org.springframework.kafka.KafkaListenerEndpointContainer#0-0-C-1] o.a.k.c.m.Metrics [Metrics.java:659] Metrics scheduler closed
2025-02-20 17:29:37,089 INFO [org.springframework.kafka.KafkaListenerEndpointContainer#1-0-C-1] o.a.k.c.m.Metrics [Metrics.java:659] Metrics scheduler closed
2025-02-20 17:29:37,089 INFO [org.springframework.kafka.KafkaListenerEndpointContainer#1-0-C-1] o.a.k.c.m.Metrics [Metrics.java:663] Closing reporter org.apache.kafka.common.metrics.JmxReporter
2025-02-20 17:29:37,089 INFO [org.springframework.kafka.KafkaListenerEndpointContainer#0-0-C-1] o.a.k.c.m.Metrics [Metrics.java:663] Closing reporter org.apache.kafka.common.metrics.JmxReporter
2025-02-20 17:29:37,089 INFO [org.springframework.kafka.KafkaListenerEndpointContainer#1-0-C-1] o.a.k.c.m.Metrics [Metrics.java:669] Metrics reporters closed
2025-02-20 17:29:37,089 INFO [org.springframework.kafka.KafkaListenerEndpointContainer#0-0-C-1] o.a.k.c.m.Metrics [Metrics.java:669] Metrics reporters closed
2025-02-20 17:29:37,093 INFO [org.springframework.kafka.KafkaListenerEndpointContainer#1-0-C-1] o.a.k.c.u.AppInfoParser [AppInfoParser.java:83] App info kafka.consumer for consumer-test-consumer-group-2 unregistered
2025-02-20 17:29:37,094 INFO [org.springframework.kafka.KafkaListenerEndpointContainer#0-0-C-1] o.a.k.c.u.AppInfoParser [AppInfoParser.java:83] App info kafka.consumer for consumer-test-consumer-group-1 unregistered
2025-02-20 17:29:37,094 INFO [org.springframework.kafka.KafkaListenerEndpointContainer#1-0-C-1] o.s.k.l.KafkaMessageListenerContainer [LogAccessor.java:292] test-consumer-group: Consumer stopped
2025-02-20 17:29:37,094 INFO [org.springframework.kafka.KafkaListenerEndpointContainer#0-0-C-1] o.s.k.l.KafkaMessageListenerContainer [LogAccessor.java:292] test-consumer-group: Consumer stopped
2025-02-20 17:37:58,109 INFO [main] c.e.b.c.ElasticsearchTest [StartupInfoLogger.java:55] Starting ElasticsearchTest using Java 17.0.13 on arch with PID 38511 (started by tingwuren in /home/tingwuren/Documents/IdeaProjects/community)
2025-02-20 17:37:58,111 INFO [main] c.e.b.c.ElasticsearchTest [SpringApplication.java:645] No active profile set, falling back to 1 default profile: "default"
2025-02-20 17:37:58,579 INFO [main] o.s.d.r.c.RepositoryConfigurationDelegate [RepositoryConfigurationDelegate.java:262] Multiple Spring Data modules found, entering strict repository configuration mode
2025-02-20 17:37:58,581 INFO [main] o.s.d.r.c.RepositoryConfigurationDelegate [RepositoryConfigurationDelegate.java:132] Bootstrapping Spring Data Elasticsearch repositories in DEFAULT mode.
2025-02-20 17:37:58,665 INFO [main] o.s.d.r.c.RepositoryConfigurationDelegate [RepositoryConfigurationDelegate.java:201] Finished Spring Data repository scanning in 82 ms. Found 1 Elasticsearch repository interfaces.
2025-02-20 17:37:58,668 INFO [main] o.s.d.r.c.RepositoryConfigurationDelegate [RepositoryConfigurationDelegate.java:262] Multiple Spring Data modules found, entering strict repository configuration mode
2025-02-20 17:37:58,669 INFO [main] o.s.d.r.c.RepositoryConfigurationDelegate [RepositoryConfigurationDelegate.java:132] Bootstrapping Spring Data Reactive Elasticsearch repositories in DEFAULT mode.
2025-02-20 17:37:58,673 INFO [main] o.s.d.r.c.RepositoryConfigurationDelegate [RepositoryConfigurationDelegate.java:201] Finished Spring Data repository scanning in 4 ms. Found 0 Reactive Elasticsearch repository interfaces.
2025-02-20 17:37:58,684 INFO [main] o.s.d.r.c.RepositoryConfigurationDelegate [RepositoryConfigurationDelegate.java:262] Multiple Spring Data modules found, entering strict repository configuration mode
2025-02-20 17:37:58,684 INFO [main] o.s.d.r.c.RepositoryConfigurationDelegate [RepositoryConfigurationDelegate.java:132] Bootstrapping Spring Data Redis repositories in DEFAULT mode.
2025-02-20 17:37:58,692 INFO [main] o.s.d.r.c.RepositoryConfigurationExtensionSupport [RepositoryConfigurationExtensionSupport.java:349] Spring Data Redis - Could not safely identify store assignment for repository candidate interface cn.edu.bupt.community.dao.elasticsearch.DiscussPostRepository; If you want this repository to be a Redis repository, consider annotating your entities with one of these annotations: org.springframework.data.redis.core.RedisHash (preferred), or consider extending one of the following types with your repository: org.springframework.data.keyvalue.repository.KeyValueRepository
2025-02-20 17:37:58,693 INFO [main] o.s.d.r.c.RepositoryConfigurationDelegate [RepositoryConfigurationDelegate.java:201] Finished Spring Data repository scanning in 3 ms. Found 0 Redis repository interfaces.
2025-02-20 17:38:01,028 INFO [main] o.s.b.a.w.s.WelcomePageHandlerMapping [WelcomePageHandlerMapping.java:57] Adding welcome page template: index
2025-02-20 17:38:01,976 INFO [main] o.a.k.c.c.ConsumerConfig [AbstractConfig.java:376] ConsumerConfig values: 
	allow.auto.create.topics = true
	auto.commit.interval.ms = 3000
	auto.offset.reset = latest
	bootstrap.servers = [localhost:9092]
	check.crcs = true
	client.dns.lookup = use_all_dns_ips
	client.id = consumer-test-consumer-group-1
	client.rack = 
	connections.max.idle.ms = 540000
	default.api.timeout.ms = 60000
	enable.auto.commit = true
	exclude.internal.topics = true
	fetch.max.bytes = 52428800
	fetch.max.wait.ms = 500
	fetch.min.bytes = 1
	group.id = test-consumer-group
	group.instance.id = null
	heartbeat.interval.ms = 3000
	interceptor.classes = []
	internal.leave.group.on.close = true
	internal.throw.on.fetch.stable.offset.unsupported = false
	isolation.level = read_uncommitted
	key.deserializer = class org.apache.kafka.common.serialization.StringDeserializer
	max.partition.fetch.bytes = 1048576
	max.poll.interval.ms = 300000
	max.poll.records = 500
	metadata.max.age.ms = 300000
	metric.reporters = []
	metrics.num.samples = 2
	metrics.recording.level = INFO
	metrics.sample.window.ms = 30000
	partition.assignment.strategy = [class org.apache.kafka.clients.consumer.RangeAssignor, class org.apache.kafka.clients.consumer.CooperativeStickyAssignor]
	receive.buffer.bytes = 65536
	reconnect.backoff.max.ms = 1000
	reconnect.backoff.ms = 50
	request.timeout.ms = 30000
	retry.backoff.ms = 100
	sasl.client.callback.handler.class = null
	sasl.jaas.config = null
	sasl.kerberos.kinit.cmd = /usr/bin/kinit
	sasl.kerberos.min.time.before.relogin = 60000
	sasl.kerberos.service.name = null
	sasl.kerberos.ticket.renew.jitter = 0.05
	sasl.kerberos.ticket.renew.window.factor = 0.8
	sasl.login.callback.handler.class = null
	sasl.login.class = null
	sasl.login.refresh.buffer.seconds = 300
	sasl.login.refresh.min.period.seconds = 60
	sasl.login.refresh.window.factor = 0.8
	sasl.login.refresh.window.jitter = 0.05
	sasl.mechanism = GSSAPI
	security.protocol = PLAINTEXT
	security.providers = null
	send.buffer.bytes = 131072
	session.timeout.ms = 45000
	socket.connection.setup.timeout.max.ms = 30000
	socket.connection.setup.timeout.ms = 10000
	ssl.cipher.suites = null
	ssl.enabled.protocols = [TLSv1.2, TLSv1.3]
	ssl.endpoint.identification.algorithm = https
	ssl.engine.factory.class = null
	ssl.key.password = null
	ssl.keymanager.algorithm = SunX509
	ssl.keystore.certificate.chain = null
	ssl.keystore.key = null
	ssl.keystore.location = null
	ssl.keystore.password = null
	ssl.keystore.type = JKS
	ssl.protocol = TLSv1.3
	ssl.provider = null
	ssl.secure.random.implementation = null
	ssl.trustmanager.algorithm = PKIX
	ssl.truststore.certificates = null
	ssl.truststore.location = null
	ssl.truststore.password = null
	ssl.truststore.type = JKS
	value.deserializer = class org.apache.kafka.common.serialization.StringDeserializer

2025-02-20 17:38:02,025 INFO [main] o.a.k.c.u.AppInfoParser [AppInfoParser.java:119] Kafka version: 3.0.2
2025-02-20 17:38:02,025 INFO [main] o.a.k.c.u.AppInfoParser [AppInfoParser.java:120] Kafka commitId: 25b1aea02e37da14
2025-02-20 17:38:02,026 INFO [main] o.a.k.c.u.AppInfoParser [AppInfoParser.java:121] Kafka startTimeMs: 1740044282024
2025-02-20 17:38:02,028 INFO [main] o.a.k.c.c.KafkaConsumer [KafkaConsumer.java:966] [Consumer clientId=consumer-test-consumer-group-1, groupId=test-consumer-group] Subscribed to topic(s): test
2025-02-20 17:38:02,033 INFO [main] o.a.k.c.c.ConsumerConfig [AbstractConfig.java:376] ConsumerConfig values: 
	allow.auto.create.topics = true
	auto.commit.interval.ms = 3000
	auto.offset.reset = latest
	bootstrap.servers = [localhost:9092]
	check.crcs = true
	client.dns.lookup = use_all_dns_ips
	client.id = consumer-test-consumer-group-2
	client.rack = 
	connections.max.idle.ms = 540000
	default.api.timeout.ms = 60000
	enable.auto.commit = true
	exclude.internal.topics = true
	fetch.max.bytes = 52428800
	fetch.max.wait.ms = 500
	fetch.min.bytes = 1
	group.id = test-consumer-group
	group.instance.id = null
	heartbeat.interval.ms = 3000
	interceptor.classes = []
	internal.leave.group.on.close = true
	internal.throw.on.fetch.stable.offset.unsupported = false
	isolation.level = read_uncommitted
	key.deserializer = class org.apache.kafka.common.serialization.StringDeserializer
	max.partition.fetch.bytes = 1048576
	max.poll.interval.ms = 300000
	max.poll.records = 500
	metadata.max.age.ms = 300000
	metric.reporters = []
	metrics.num.samples = 2
	metrics.recording.level = INFO
	metrics.sample.window.ms = 30000
	partition.assignment.strategy = [class org.apache.kafka.clients.consumer.RangeAssignor, class org.apache.kafka.clients.consumer.CooperativeStickyAssignor]
	receive.buffer.bytes = 65536
	reconnect.backoff.max.ms = 1000
	reconnect.backoff.ms = 50
	request.timeout.ms = 30000
	retry.backoff.ms = 100
	sasl.client.callback.handler.class = null
	sasl.jaas.config = null
	sasl.kerberos.kinit.cmd = /usr/bin/kinit
	sasl.kerberos.min.time.before.relogin = 60000
	sasl.kerberos.service.name = null
	sasl.kerberos.ticket.renew.jitter = 0.05
	sasl.kerberos.ticket.renew.window.factor = 0.8
	sasl.login.callback.handler.class = null
	sasl.login.class = null
	sasl.login.refresh.buffer.seconds = 300
	sasl.login.refresh.min.period.seconds = 60
	sasl.login.refresh.window.factor = 0.8
	sasl.login.refresh.window.jitter = 0.05
	sasl.mechanism = GSSAPI
	security.protocol = PLAINTEXT
	security.providers = null
	send.buffer.bytes = 131072
	session.timeout.ms = 45000
	socket.connection.setup.timeout.max.ms = 30000
	socket.connection.setup.timeout.ms = 10000
	ssl.cipher.suites = null
	ssl.enabled.protocols = [TLSv1.2, TLSv1.3]
	ssl.endpoint.identification.algorithm = https
	ssl.engine.factory.class = null
	ssl.key.password = null
	ssl.keymanager.algorithm = SunX509
	ssl.keystore.certificate.chain = null
	ssl.keystore.key = null
	ssl.keystore.location = null
	ssl.keystore.password = null
	ssl.keystore.type = JKS
	ssl.protocol = TLSv1.3
	ssl.provider = null
	ssl.secure.random.implementation = null
	ssl.trustmanager.algorithm = PKIX
	ssl.truststore.certificates = null
	ssl.truststore.location = null
	ssl.truststore.password = null
	ssl.truststore.type = JKS
	value.deserializer = class org.apache.kafka.common.serialization.StringDeserializer

2025-02-20 17:38:02,038 INFO [main] o.a.k.c.u.AppInfoParser [AppInfoParser.java:119] Kafka version: 3.0.2
2025-02-20 17:38:02,039 INFO [main] o.a.k.c.u.AppInfoParser [AppInfoParser.java:120] Kafka commitId: 25b1aea02e37da14
2025-02-20 17:38:02,039 INFO [main] o.a.k.c.u.AppInfoParser [AppInfoParser.java:121] Kafka startTimeMs: 1740044282038
2025-02-20 17:38:02,039 INFO [main] o.a.k.c.c.KafkaConsumer [KafkaConsumer.java:966] [Consumer clientId=consumer-test-consumer-group-2, groupId=test-consumer-group] Subscribed to topic(s): comment, like, follow
2025-02-20 17:38:02,048 INFO [main] c.e.b.c.ElasticsearchTest [StartupInfoLogger.java:61] Started ElasticsearchTest in 4.183 seconds (JVM running for 4.715)
2025-02-20 17:38:02,235 INFO [org.springframework.kafka.KafkaListenerEndpointContainer#0-0-C-1] o.a.k.c.Metadata [Metadata.java:401] [Consumer clientId=consumer-test-consumer-group-1, groupId=test-consumer-group] Resetting the last seen epoch of partition test-0 to 0 since the associated topicId changed from null to aTlCP5B8TlSYgULRyySK0A
2025-02-20 17:38:02,237 INFO [org.springframework.kafka.KafkaListenerEndpointContainer#0-0-C-1] o.a.k.c.Metadata [Metadata.java:287] [Consumer clientId=consumer-test-consumer-group-1, groupId=test-consumer-group] Cluster ID: SrTS4pEDRuGSH8Og0LHA6w
2025-02-20 17:38:02,238 INFO [org.springframework.kafka.KafkaListenerEndpointContainer#1-0-C-1] o.a.k.c.Metadata [Metadata.java:401] [Consumer clientId=consumer-test-consumer-group-2, groupId=test-consumer-group] Resetting the last seen epoch of partition like-0 to 0 since the associated topicId changed from null to yxTYtr4PRRCMQ-TddRSGNQ
2025-02-20 17:38:02,238 INFO [org.springframework.kafka.KafkaListenerEndpointContainer#1-0-C-1] o.a.k.c.Metadata [Metadata.java:401] [Consumer clientId=consumer-test-consumer-group-2, groupId=test-consumer-group] Resetting the last seen epoch of partition comment-0 to 0 since the associated topicId changed from null to zlIzhNkNTfiSU9QIJMlscA
2025-02-20 17:38:02,238 INFO [org.springframework.kafka.KafkaListenerEndpointContainer#0-0-C-1] o.a.k.c.c.i.ConsumerCoordinator [AbstractCoordinator.java:849] [Consumer clientId=consumer-test-consumer-group-1, groupId=test-consumer-group] Discovered group coordinator localhost:9092 (id: 2147483646 rack: null)
2025-02-20 17:38:02,238 INFO [org.springframework.kafka.KafkaListenerEndpointContainer#1-0-C-1] o.a.k.c.Metadata [Metadata.java:401] [Consumer clientId=consumer-test-consumer-group-2, groupId=test-consumer-group] Resetting the last seen epoch of partition follow-0 to 0 since the associated topicId changed from null to y22C8AjoScqi0E14dkWtrg
2025-02-20 17:38:02,239 INFO [org.springframework.kafka.KafkaListenerEndpointContainer#1-0-C-1] o.a.k.c.Metadata [Metadata.java:287] [Consumer clientId=consumer-test-consumer-group-2, groupId=test-consumer-group] Cluster ID: SrTS4pEDRuGSH8Og0LHA6w
2025-02-20 17:38:02,239 INFO [org.springframework.kafka.KafkaListenerEndpointContainer#1-0-C-1] o.a.k.c.c.i.ConsumerCoordinator [AbstractCoordinator.java:849] [Consumer clientId=consumer-test-consumer-group-2, groupId=test-consumer-group] Discovered group coordinator localhost:9092 (id: 2147483646 rack: null)
2025-02-20 17:38:02,241 INFO [org.springframework.kafka.KafkaListenerEndpointContainer#0-0-C-1] o.a.k.c.c.i.ConsumerCoordinator [AbstractCoordinator.java:535] [Consumer clientId=consumer-test-consumer-group-1, groupId=test-consumer-group] (Re-)joining group
2025-02-20 17:38:02,241 INFO [org.springframework.kafka.KafkaListenerEndpointContainer#1-0-C-1] o.a.k.c.c.i.ConsumerCoordinator [AbstractCoordinator.java:535] [Consumer clientId=consumer-test-consumer-group-2, groupId=test-consumer-group] (Re-)joining group
2025-02-20 17:38:02,305 INFO [org.springframework.kafka.KafkaListenerEndpointContainer#1-0-C-1] o.a.k.c.c.i.ConsumerCoordinator [AbstractCoordinator.java:988] [Consumer clientId=consumer-test-consumer-group-2, groupId=test-consumer-group] Request joining group due to: need to re-join with the given member-id
2025-02-20 17:38:02,305 INFO [org.springframework.kafka.KafkaListenerEndpointContainer#0-0-C-1] o.a.k.c.c.i.ConsumerCoordinator [AbstractCoordinator.java:988] [Consumer clientId=consumer-test-consumer-group-1, groupId=test-consumer-group] Request joining group due to: need to re-join with the given member-id
2025-02-20 17:38:02,305 INFO [org.springframework.kafka.KafkaListenerEndpointContainer#1-0-C-1] o.a.k.c.c.i.ConsumerCoordinator [AbstractCoordinator.java:535] [Consumer clientId=consumer-test-consumer-group-2, groupId=test-consumer-group] (Re-)joining group
2025-02-20 17:38:02,306 INFO [org.springframework.kafka.KafkaListenerEndpointContainer#0-0-C-1] o.a.k.c.c.i.ConsumerCoordinator [AbstractCoordinator.java:535] [Consumer clientId=consumer-test-consumer-group-1, groupId=test-consumer-group] (Re-)joining group
2025-02-20 17:38:02,337 INFO [main] c.z.h.HikariDataSource [HikariDataSource.java:110] HikariPool-1 - Starting...
2025-02-20 17:38:02,472 INFO [main] c.z.h.HikariDataSource [HikariDataSource.java:123] HikariPool-1 - Start completed.
2025-02-20 17:38:02,732 INFO [org.springframework.kafka.KafkaListenerEndpointContainer#1-0-C-1] o.a.k.c.c.i.ConsumerCoordinator [AbstractCoordinator.java:1048] [Consumer clientId=consumer-test-consumer-group-2, groupId=test-consumer-group] Member consumer-test-consumer-group-2-ca8c3865-faff-49e7-b373-00b6ad5b59cd sending LeaveGroup request to coordinator localhost:9092 (id: 2147483646 rack: null) due to the consumer unsubscribed from all topics
2025-02-20 17:38:02,732 INFO [org.springframework.kafka.KafkaListenerEndpointContainer#0-0-C-1] o.a.k.c.c.i.ConsumerCoordinator [AbstractCoordinator.java:1048] [Consumer clientId=consumer-test-consumer-group-1, groupId=test-consumer-group] Member consumer-test-consumer-group-1-128f52ce-4f8b-4c16-b9a5-4f53ae53a22c sending LeaveGroup request to coordinator localhost:9092 (id: 2147483646 rack: null) due to the consumer unsubscribed from all topics
2025-02-20 17:38:02,733 INFO [org.springframework.kafka.KafkaListenerEndpointContainer#0-0-C-1] o.a.k.c.c.i.ConsumerCoordinator [AbstractCoordinator.java:966] [Consumer clientId=consumer-test-consumer-group-1, groupId=test-consumer-group] Resetting generation due to: consumer pro-actively leaving the group
2025-02-20 17:38:02,733 INFO [org.springframework.kafka.KafkaListenerEndpointContainer#1-0-C-1] o.a.k.c.c.i.ConsumerCoordinator [AbstractCoordinator.java:966] [Consumer clientId=consumer-test-consumer-group-2, groupId=test-consumer-group] Resetting generation due to: consumer pro-actively leaving the group
2025-02-20 17:38:02,733 INFO [org.springframework.kafka.KafkaListenerEndpointContainer#0-0-C-1] o.a.k.c.c.i.ConsumerCoordinator [AbstractCoordinator.java:988] [Consumer clientId=consumer-test-consumer-group-1, groupId=test-consumer-group] Request joining group due to: consumer pro-actively leaving the group
2025-02-20 17:38:02,734 INFO [org.springframework.kafka.KafkaListenerEndpointContainer#1-0-C-1] o.a.k.c.c.i.ConsumerCoordinator [AbstractCoordinator.java:988] [Consumer clientId=consumer-test-consumer-group-2, groupId=test-consumer-group] Request joining group due to: consumer pro-actively leaving the group
2025-02-20 17:38:02,734 INFO [org.springframework.kafka.KafkaListenerEndpointContainer#0-0-C-1] o.a.k.c.c.KafkaConsumer [KafkaConsumer.java:1075] [Consumer clientId=consumer-test-consumer-group-1, groupId=test-consumer-group] Unsubscribed all topics or patterns and assigned partitions
2025-02-20 17:38:02,734 INFO [org.springframework.kafka.KafkaListenerEndpointContainer#1-0-C-1] o.a.k.c.c.KafkaConsumer [KafkaConsumer.java:1075] [Consumer clientId=consumer-test-consumer-group-2, groupId=test-consumer-group] Unsubscribed all topics or patterns and assigned partitions
2025-02-20 17:38:02,734 INFO [org.springframework.kafka.KafkaListenerEndpointContainer#0-0-C-1] o.a.k.c.c.i.ConsumerCoordinator [AbstractCoordinator.java:966] [Consumer clientId=consumer-test-consumer-group-1, groupId=test-consumer-group] Resetting generation due to: consumer pro-actively leaving the group
2025-02-20 17:38:02,734 INFO [org.springframework.kafka.KafkaListenerEndpointContainer#1-0-C-1] o.a.k.c.c.i.ConsumerCoordinator [AbstractCoordinator.java:966] [Consumer clientId=consumer-test-consumer-group-2, groupId=test-consumer-group] Resetting generation due to: consumer pro-actively leaving the group
2025-02-20 17:38:02,734 INFO [org.springframework.kafka.KafkaListenerEndpointContainer#0-0-C-1] o.a.k.c.c.i.ConsumerCoordinator [AbstractCoordinator.java:988] [Consumer clientId=consumer-test-consumer-group-1, groupId=test-consumer-group] Request joining group due to: consumer pro-actively leaving the group
2025-02-20 17:38:02,734 INFO [org.springframework.kafka.KafkaListenerEndpointContainer#1-0-C-1] o.a.k.c.c.i.ConsumerCoordinator [AbstractCoordinator.java:988] [Consumer clientId=consumer-test-consumer-group-2, groupId=test-consumer-group] Request joining group due to: consumer pro-actively leaving the group
2025-02-20 17:38:08,348 INFO [org.springframework.kafka.KafkaListenerEndpointContainer#0-0-C-1] o.a.k.c.m.Metrics [Metrics.java:659] Metrics scheduler closed
2025-02-20 17:38:08,348 INFO [org.springframework.kafka.KafkaListenerEndpointContainer#0-0-C-1] o.a.k.c.m.Metrics [Metrics.java:663] Closing reporter org.apache.kafka.common.metrics.JmxReporter
2025-02-20 17:38:08,349 INFO [org.springframework.kafka.KafkaListenerEndpointContainer#0-0-C-1] o.a.k.c.m.Metrics [Metrics.java:669] Metrics reporters closed
2025-02-20 17:38:08,352 INFO [org.springframework.kafka.KafkaListenerEndpointContainer#0-0-C-1] o.a.k.c.u.AppInfoParser [AppInfoParser.java:83] App info kafka.consumer for consumer-test-consumer-group-1 unregistered
2025-02-20 17:38:08,352 INFO [org.springframework.kafka.KafkaListenerEndpointContainer#0-0-C-1] o.s.k.l.KafkaMessageListenerContainer [LogAccessor.java:292] test-consumer-group: Consumer stopped
2025-02-20 17:38:08,429 INFO [org.springframework.kafka.KafkaListenerEndpointContainer#1-0-C-1] o.a.k.c.m.Metrics [Metrics.java:659] Metrics scheduler closed
2025-02-20 17:38:08,430 INFO [org.springframework.kafka.KafkaListenerEndpointContainer#1-0-C-1] o.a.k.c.m.Metrics [Metrics.java:663] Closing reporter org.apache.kafka.common.metrics.JmxReporter
2025-02-20 17:38:08,430 INFO [org.springframework.kafka.KafkaListenerEndpointContainer#1-0-C-1] o.a.k.c.m.Metrics [Metrics.java:669] Metrics reporters closed
2025-02-20 17:38:08,432 INFO [org.springframework.kafka.KafkaListenerEndpointContainer#1-0-C-1] o.a.k.c.u.AppInfoParser [AppInfoParser.java:83] App info kafka.consumer for consumer-test-consumer-group-2 unregistered
2025-02-20 17:38:08,432 INFO [org.springframework.kafka.KafkaListenerEndpointContainer#1-0-C-1] o.s.k.l.KafkaMessageListenerContainer [LogAccessor.java:292] test-consumer-group: Consumer stopped
2025-02-20 17:38:08,444 INFO [SpringApplicationShutdownHook] c.z.h.HikariDataSource [HikariDataSource.java:350] HikariPool-1 - Shutdown initiated...
2025-02-20 17:38:08,449 INFO [SpringApplicationShutdownHook] c.z.h.HikariDataSource [HikariDataSource.java:352] HikariPool-1 - Shutdown completed.
2025-02-20 17:43:32,640 INFO [main] c.e.b.c.ElasticsearchTest [StartupInfoLogger.java:55] Starting ElasticsearchTest using Java 17.0.13 on arch with PID 39633 (started by tingwuren in /home/tingwuren/Documents/IdeaProjects/community)
2025-02-20 17:43:32,641 INFO [main] c.e.b.c.ElasticsearchTest [SpringApplication.java:645] No active profile set, falling back to 1 default profile: "default"
2025-02-20 17:43:33,098 INFO [main] o.s.d.r.c.RepositoryConfigurationDelegate [RepositoryConfigurationDelegate.java:262] Multiple Spring Data modules found, entering strict repository configuration mode
2025-02-20 17:43:33,099 INFO [main] o.s.d.r.c.RepositoryConfigurationDelegate [RepositoryConfigurationDelegate.java:132] Bootstrapping Spring Data Elasticsearch repositories in DEFAULT mode.
2025-02-20 17:43:33,178 INFO [main] o.s.d.r.c.RepositoryConfigurationDelegate [RepositoryConfigurationDelegate.java:201] Finished Spring Data repository scanning in 76 ms. Found 1 Elasticsearch repository interfaces.
2025-02-20 17:43:33,182 INFO [main] o.s.d.r.c.RepositoryConfigurationDelegate [RepositoryConfigurationDelegate.java:262] Multiple Spring Data modules found, entering strict repository configuration mode
2025-02-20 17:43:33,183 INFO [main] o.s.d.r.c.RepositoryConfigurationDelegate [RepositoryConfigurationDelegate.java:132] Bootstrapping Spring Data Reactive Elasticsearch repositories in DEFAULT mode.
2025-02-20 17:43:33,187 INFO [main] o.s.d.r.c.RepositoryConfigurationDelegate [RepositoryConfigurationDelegate.java:201] Finished Spring Data repository scanning in 4 ms. Found 0 Reactive Elasticsearch repository interfaces.
2025-02-20 17:43:33,196 INFO [main] o.s.d.r.c.RepositoryConfigurationDelegate [RepositoryConfigurationDelegate.java:262] Multiple Spring Data modules found, entering strict repository configuration mode
2025-02-20 17:43:33,197 INFO [main] o.s.d.r.c.RepositoryConfigurationDelegate [RepositoryConfigurationDelegate.java:132] Bootstrapping Spring Data Redis repositories in DEFAULT mode.
2025-02-20 17:43:33,204 INFO [main] o.s.d.r.c.RepositoryConfigurationExtensionSupport [RepositoryConfigurationExtensionSupport.java:349] Spring Data Redis - Could not safely identify store assignment for repository candidate interface cn.edu.bupt.community.dao.elasticsearch.DiscussPostRepository; If you want this repository to be a Redis repository, consider annotating your entities with one of these annotations: org.springframework.data.redis.core.RedisHash (preferred), or consider extending one of the following types with your repository: org.springframework.data.keyvalue.repository.KeyValueRepository
2025-02-20 17:43:33,204 INFO [main] o.s.d.r.c.RepositoryConfigurationDelegate [RepositoryConfigurationDelegate.java:201] Finished Spring Data repository scanning in 3 ms. Found 0 Redis repository interfaces.
2025-02-20 17:43:35,451 INFO [main] o.s.b.a.w.s.WelcomePageHandlerMapping [WelcomePageHandlerMapping.java:57] Adding welcome page template: index
2025-02-20 17:43:36,220 INFO [main] o.a.k.c.c.ConsumerConfig [AbstractConfig.java:376] ConsumerConfig values: 
	allow.auto.create.topics = true
	auto.commit.interval.ms = 3000
	auto.offset.reset = latest
	bootstrap.servers = [localhost:9092]
	check.crcs = true
	client.dns.lookup = use_all_dns_ips
	client.id = consumer-test-consumer-group-1
	client.rack = 
	connections.max.idle.ms = 540000
	default.api.timeout.ms = 60000
	enable.auto.commit = true
	exclude.internal.topics = true
	fetch.max.bytes = 52428800
	fetch.max.wait.ms = 500
	fetch.min.bytes = 1
	group.id = test-consumer-group
	group.instance.id = null
	heartbeat.interval.ms = 3000
	interceptor.classes = []
	internal.leave.group.on.close = true
	internal.throw.on.fetch.stable.offset.unsupported = false
	isolation.level = read_uncommitted
	key.deserializer = class org.apache.kafka.common.serialization.StringDeserializer
	max.partition.fetch.bytes = 1048576
	max.poll.interval.ms = 300000
	max.poll.records = 500
	metadata.max.age.ms = 300000
	metric.reporters = []
	metrics.num.samples = 2
	metrics.recording.level = INFO
	metrics.sample.window.ms = 30000
	partition.assignment.strategy = [class org.apache.kafka.clients.consumer.RangeAssignor, class org.apache.kafka.clients.consumer.CooperativeStickyAssignor]
	receive.buffer.bytes = 65536
	reconnect.backoff.max.ms = 1000
	reconnect.backoff.ms = 50
	request.timeout.ms = 30000
	retry.backoff.ms = 100
	sasl.client.callback.handler.class = null
	sasl.jaas.config = null
	sasl.kerberos.kinit.cmd = /usr/bin/kinit
	sasl.kerberos.min.time.before.relogin = 60000
	sasl.kerberos.service.name = null
	sasl.kerberos.ticket.renew.jitter = 0.05
	sasl.kerberos.ticket.renew.window.factor = 0.8
	sasl.login.callback.handler.class = null
	sasl.login.class = null
	sasl.login.refresh.buffer.seconds = 300
	sasl.login.refresh.min.period.seconds = 60
	sasl.login.refresh.window.factor = 0.8
	sasl.login.refresh.window.jitter = 0.05
	sasl.mechanism = GSSAPI
	security.protocol = PLAINTEXT
	security.providers = null
	send.buffer.bytes = 131072
	session.timeout.ms = 45000
	socket.connection.setup.timeout.max.ms = 30000
	socket.connection.setup.timeout.ms = 10000
	ssl.cipher.suites = null
	ssl.enabled.protocols = [TLSv1.2, TLSv1.3]
	ssl.endpoint.identification.algorithm = https
	ssl.engine.factory.class = null
	ssl.key.password = null
	ssl.keymanager.algorithm = SunX509
	ssl.keystore.certificate.chain = null
	ssl.keystore.key = null
	ssl.keystore.location = null
	ssl.keystore.password = null
	ssl.keystore.type = JKS
	ssl.protocol = TLSv1.3
	ssl.provider = null
	ssl.secure.random.implementation = null
	ssl.trustmanager.algorithm = PKIX
	ssl.truststore.certificates = null
	ssl.truststore.location = null
	ssl.truststore.password = null
	ssl.truststore.type = JKS
	value.deserializer = class org.apache.kafka.common.serialization.StringDeserializer

2025-02-20 17:43:36,272 INFO [main] o.a.k.c.u.AppInfoParser [AppInfoParser.java:119] Kafka version: 3.0.2
2025-02-20 17:43:36,272 INFO [main] o.a.k.c.u.AppInfoParser [AppInfoParser.java:120] Kafka commitId: 25b1aea02e37da14
2025-02-20 17:43:36,273 INFO [main] o.a.k.c.u.AppInfoParser [AppInfoParser.java:121] Kafka startTimeMs: 1740044616271
2025-02-20 17:43:36,275 INFO [main] o.a.k.c.c.KafkaConsumer [KafkaConsumer.java:966] [Consumer clientId=consumer-test-consumer-group-1, groupId=test-consumer-group] Subscribed to topic(s): test
2025-02-20 17:43:36,281 INFO [main] o.a.k.c.c.ConsumerConfig [AbstractConfig.java:376] ConsumerConfig values: 
	allow.auto.create.topics = true
	auto.commit.interval.ms = 3000
	auto.offset.reset = latest
	bootstrap.servers = [localhost:9092]
	check.crcs = true
	client.dns.lookup = use_all_dns_ips
	client.id = consumer-test-consumer-group-2
	client.rack = 
	connections.max.idle.ms = 540000
	default.api.timeout.ms = 60000
	enable.auto.commit = true
	exclude.internal.topics = true
	fetch.max.bytes = 52428800
	fetch.max.wait.ms = 500
	fetch.min.bytes = 1
	group.id = test-consumer-group
	group.instance.id = null
	heartbeat.interval.ms = 3000
	interceptor.classes = []
	internal.leave.group.on.close = true
	internal.throw.on.fetch.stable.offset.unsupported = false
	isolation.level = read_uncommitted
	key.deserializer = class org.apache.kafka.common.serialization.StringDeserializer
	max.partition.fetch.bytes = 1048576
	max.poll.interval.ms = 300000
	max.poll.records = 500
	metadata.max.age.ms = 300000
	metric.reporters = []
	metrics.num.samples = 2
	metrics.recording.level = INFO
	metrics.sample.window.ms = 30000
	partition.assignment.strategy = [class org.apache.kafka.clients.consumer.RangeAssignor, class org.apache.kafka.clients.consumer.CooperativeStickyAssignor]
	receive.buffer.bytes = 65536
	reconnect.backoff.max.ms = 1000
	reconnect.backoff.ms = 50
	request.timeout.ms = 30000
	retry.backoff.ms = 100
	sasl.client.callback.handler.class = null
	sasl.jaas.config = null
	sasl.kerberos.kinit.cmd = /usr/bin/kinit
	sasl.kerberos.min.time.before.relogin = 60000
	sasl.kerberos.service.name = null
	sasl.kerberos.ticket.renew.jitter = 0.05
	sasl.kerberos.ticket.renew.window.factor = 0.8
	sasl.login.callback.handler.class = null
	sasl.login.class = null
	sasl.login.refresh.buffer.seconds = 300
	sasl.login.refresh.min.period.seconds = 60
	sasl.login.refresh.window.factor = 0.8
	sasl.login.refresh.window.jitter = 0.05
	sasl.mechanism = GSSAPI
	security.protocol = PLAINTEXT
	security.providers = null
	send.buffer.bytes = 131072
	session.timeout.ms = 45000
	socket.connection.setup.timeout.max.ms = 30000
	socket.connection.setup.timeout.ms = 10000
	ssl.cipher.suites = null
	ssl.enabled.protocols = [TLSv1.2, TLSv1.3]
	ssl.endpoint.identification.algorithm = https
	ssl.engine.factory.class = null
	ssl.key.password = null
	ssl.keymanager.algorithm = SunX509
	ssl.keystore.certificate.chain = null
	ssl.keystore.key = null
	ssl.keystore.location = null
	ssl.keystore.password = null
	ssl.keystore.type = JKS
	ssl.protocol = TLSv1.3
	ssl.provider = null
	ssl.secure.random.implementation = null
	ssl.trustmanager.algorithm = PKIX
	ssl.truststore.certificates = null
	ssl.truststore.location = null
	ssl.truststore.password = null
	ssl.truststore.type = JKS
	value.deserializer = class org.apache.kafka.common.serialization.StringDeserializer

2025-02-20 17:43:36,285 INFO [main] o.a.k.c.u.AppInfoParser [AppInfoParser.java:119] Kafka version: 3.0.2
2025-02-20 17:43:36,286 INFO [main] o.a.k.c.u.AppInfoParser [AppInfoParser.java:120] Kafka commitId: 25b1aea02e37da14
2025-02-20 17:43:36,286 INFO [main] o.a.k.c.u.AppInfoParser [AppInfoParser.java:121] Kafka startTimeMs: 1740044616285
2025-02-20 17:43:36,286 INFO [main] o.a.k.c.c.KafkaConsumer [KafkaConsumer.java:966] [Consumer clientId=consumer-test-consumer-group-2, groupId=test-consumer-group] Subscribed to topic(s): comment, like, follow
2025-02-20 17:43:36,294 INFO [main] c.e.b.c.ElasticsearchTest [StartupInfoLogger.java:61] Started ElasticsearchTest in 3.886 seconds (JVM running for 4.396)
2025-02-20 17:43:36,455 INFO [org.springframework.kafka.KafkaListenerEndpointContainer#1-0-C-1] o.a.k.c.Metadata [Metadata.java:401] [Consumer clientId=consumer-test-consumer-group-2, groupId=test-consumer-group] Resetting the last seen epoch of partition like-0 to 0 since the associated topicId changed from null to yxTYtr4PRRCMQ-TddRSGNQ
2025-02-20 17:43:36,455 INFO [org.springframework.kafka.KafkaListenerEndpointContainer#0-0-C-1] o.a.k.c.Metadata [Metadata.java:401] [Consumer clientId=consumer-test-consumer-group-1, groupId=test-consumer-group] Resetting the last seen epoch of partition test-0 to 0 since the associated topicId changed from null to aTlCP5B8TlSYgULRyySK0A
2025-02-20 17:43:36,456 INFO [org.springframework.kafka.KafkaListenerEndpointContainer#1-0-C-1] o.a.k.c.Metadata [Metadata.java:401] [Consumer clientId=consumer-test-consumer-group-2, groupId=test-consumer-group] Resetting the last seen epoch of partition comment-0 to 0 since the associated topicId changed from null to zlIzhNkNTfiSU9QIJMlscA
2025-02-20 17:43:36,456 INFO [org.springframework.kafka.KafkaListenerEndpointContainer#1-0-C-1] o.a.k.c.Metadata [Metadata.java:401] [Consumer clientId=consumer-test-consumer-group-2, groupId=test-consumer-group] Resetting the last seen epoch of partition follow-0 to 0 since the associated topicId changed from null to y22C8AjoScqi0E14dkWtrg
2025-02-20 17:43:36,457 INFO [org.springframework.kafka.KafkaListenerEndpointContainer#1-0-C-1] o.a.k.c.Metadata [Metadata.java:287] [Consumer clientId=consumer-test-consumer-group-2, groupId=test-consumer-group] Cluster ID: SrTS4pEDRuGSH8Og0LHA6w
2025-02-20 17:43:36,457 INFO [org.springframework.kafka.KafkaListenerEndpointContainer#0-0-C-1] o.a.k.c.Metadata [Metadata.java:287] [Consumer clientId=consumer-test-consumer-group-1, groupId=test-consumer-group] Cluster ID: SrTS4pEDRuGSH8Og0LHA6w
2025-02-20 17:43:36,458 INFO [org.springframework.kafka.KafkaListenerEndpointContainer#0-0-C-1] o.a.k.c.c.i.ConsumerCoordinator [AbstractCoordinator.java:849] [Consumer clientId=consumer-test-consumer-group-1, groupId=test-consumer-group] Discovered group coordinator localhost:9092 (id: 2147483646 rack: null)
2025-02-20 17:43:36,458 INFO [org.springframework.kafka.KafkaListenerEndpointContainer#1-0-C-1] o.a.k.c.c.i.ConsumerCoordinator [AbstractCoordinator.java:849] [Consumer clientId=consumer-test-consumer-group-2, groupId=test-consumer-group] Discovered group coordinator localhost:9092 (id: 2147483646 rack: null)
2025-02-20 17:43:36,460 INFO [org.springframework.kafka.KafkaListenerEndpointContainer#0-0-C-1] o.a.k.c.c.i.ConsumerCoordinator [AbstractCoordinator.java:535] [Consumer clientId=consumer-test-consumer-group-1, groupId=test-consumer-group] (Re-)joining group
2025-02-20 17:43:36,460 INFO [org.springframework.kafka.KafkaListenerEndpointContainer#1-0-C-1] o.a.k.c.c.i.ConsumerCoordinator [AbstractCoordinator.java:535] [Consumer clientId=consumer-test-consumer-group-2, groupId=test-consumer-group] (Re-)joining group
2025-02-20 17:43:36,469 INFO [org.springframework.kafka.KafkaListenerEndpointContainer#0-0-C-1] o.a.k.c.c.i.ConsumerCoordinator [AbstractCoordinator.java:988] [Consumer clientId=consumer-test-consumer-group-1, groupId=test-consumer-group] Request joining group due to: need to re-join with the given member-id
2025-02-20 17:43:36,470 INFO [org.springframework.kafka.KafkaListenerEndpointContainer#1-0-C-1] o.a.k.c.c.i.ConsumerCoordinator [AbstractCoordinator.java:988] [Consumer clientId=consumer-test-consumer-group-2, groupId=test-consumer-group] Request joining group due to: need to re-join with the given member-id
2025-02-20 17:43:36,470 INFO [org.springframework.kafka.KafkaListenerEndpointContainer#1-0-C-1] o.a.k.c.c.i.ConsumerCoordinator [AbstractCoordinator.java:535] [Consumer clientId=consumer-test-consumer-group-2, groupId=test-consumer-group] (Re-)joining group
2025-02-20 17:43:36,470 INFO [org.springframework.kafka.KafkaListenerEndpointContainer#0-0-C-1] o.a.k.c.c.i.ConsumerCoordinator [AbstractCoordinator.java:535] [Consumer clientId=consumer-test-consumer-group-1, groupId=test-consumer-group] (Re-)joining group
2025-02-20 17:43:36,555 INFO [main] c.z.h.HikariDataSource [HikariDataSource.java:110] HikariPool-1 - Starting...
2025-02-20 17:43:36,670 INFO [main] c.z.h.HikariDataSource [HikariDataSource.java:123] HikariPool-1 - Start completed.
2025-02-20 17:43:37,333 INFO [org.springframework.kafka.KafkaListenerEndpointContainer#1-0-C-1] o.a.k.c.c.i.ConsumerCoordinator [AbstractCoordinator.java:1048] [Consumer clientId=consumer-test-consumer-group-2, groupId=test-consumer-group] Member consumer-test-consumer-group-2-757dc9c7-1088-46b4-bcfa-ae5f08ed35cc sending LeaveGroup request to coordinator localhost:9092 (id: 2147483646 rack: null) due to the consumer unsubscribed from all topics
2025-02-20 17:43:37,333 INFO [org.springframework.kafka.KafkaListenerEndpointContainer#0-0-C-1] o.a.k.c.c.i.ConsumerCoordinator [AbstractCoordinator.java:1048] [Consumer clientId=consumer-test-consumer-group-1, groupId=test-consumer-group] Member consumer-test-consumer-group-1-a7240fe9-920f-4855-85b7-e05726e2f908 sending LeaveGroup request to coordinator localhost:9092 (id: 2147483646 rack: null) due to the consumer unsubscribed from all topics
2025-02-20 17:43:37,334 INFO [org.springframework.kafka.KafkaListenerEndpointContainer#1-0-C-1] o.a.k.c.c.i.ConsumerCoordinator [AbstractCoordinator.java:966] [Consumer clientId=consumer-test-consumer-group-2, groupId=test-consumer-group] Resetting generation due to: consumer pro-actively leaving the group
2025-02-20 17:43:37,334 INFO [org.springframework.kafka.KafkaListenerEndpointContainer#0-0-C-1] o.a.k.c.c.i.ConsumerCoordinator [AbstractCoordinator.java:966] [Consumer clientId=consumer-test-consumer-group-1, groupId=test-consumer-group] Resetting generation due to: consumer pro-actively leaving the group
2025-02-20 17:43:37,334 INFO [org.springframework.kafka.KafkaListenerEndpointContainer#1-0-C-1] o.a.k.c.c.i.ConsumerCoordinator [AbstractCoordinator.java:988] [Consumer clientId=consumer-test-consumer-group-2, groupId=test-consumer-group] Request joining group due to: consumer pro-actively leaving the group
2025-02-20 17:43:37,334 INFO [org.springframework.kafka.KafkaListenerEndpointContainer#0-0-C-1] o.a.k.c.c.i.ConsumerCoordinator [AbstractCoordinator.java:988] [Consumer clientId=consumer-test-consumer-group-1, groupId=test-consumer-group] Request joining group due to: consumer pro-actively leaving the group
2025-02-20 17:43:37,334 INFO [org.springframework.kafka.KafkaListenerEndpointContainer#1-0-C-1] o.a.k.c.c.KafkaConsumer [KafkaConsumer.java:1075] [Consumer clientId=consumer-test-consumer-group-2, groupId=test-consumer-group] Unsubscribed all topics or patterns and assigned partitions
2025-02-20 17:43:37,334 INFO [org.springframework.kafka.KafkaListenerEndpointContainer#0-0-C-1] o.a.k.c.c.KafkaConsumer [KafkaConsumer.java:1075] [Consumer clientId=consumer-test-consumer-group-1, groupId=test-consumer-group] Unsubscribed all topics or patterns and assigned partitions
2025-02-20 17:43:37,334 INFO [org.springframework.kafka.KafkaListenerEndpointContainer#1-0-C-1] o.a.k.c.c.i.ConsumerCoordinator [AbstractCoordinator.java:966] [Consumer clientId=consumer-test-consumer-group-2, groupId=test-consumer-group] Resetting generation due to: consumer pro-actively leaving the group
2025-02-20 17:43:37,334 INFO [org.springframework.kafka.KafkaListenerEndpointContainer#0-0-C-1] o.a.k.c.c.i.ConsumerCoordinator [AbstractCoordinator.java:966] [Consumer clientId=consumer-test-consumer-group-1, groupId=test-consumer-group] Resetting generation due to: consumer pro-actively leaving the group
2025-02-20 17:43:37,334 INFO [org.springframework.kafka.KafkaListenerEndpointContainer#1-0-C-1] o.a.k.c.c.i.ConsumerCoordinator [AbstractCoordinator.java:988] [Consumer clientId=consumer-test-consumer-group-2, groupId=test-consumer-group] Request joining group due to: consumer pro-actively leaving the group
2025-02-20 17:43:37,334 INFO [org.springframework.kafka.KafkaListenerEndpointContainer#0-0-C-1] o.a.k.c.c.i.ConsumerCoordinator [AbstractCoordinator.java:988] [Consumer clientId=consumer-test-consumer-group-1, groupId=test-consumer-group] Request joining group due to: consumer pro-actively leaving the group
2025-02-20 17:43:39,481 INFO [org.springframework.kafka.KafkaListenerEndpointContainer#0-0-C-1] o.a.k.c.m.Metrics [Metrics.java:659] Metrics scheduler closed
2025-02-20 17:43:39,481 INFO [org.springframework.kafka.KafkaListenerEndpointContainer#0-0-C-1] o.a.k.c.m.Metrics [Metrics.java:663] Closing reporter org.apache.kafka.common.metrics.JmxReporter
2025-02-20 17:43:39,482 INFO [org.springframework.kafka.KafkaListenerEndpointContainer#0-0-C-1] o.a.k.c.m.Metrics [Metrics.java:669] Metrics reporters closed
2025-02-20 17:43:39,483 INFO [org.springframework.kafka.KafkaListenerEndpointContainer#1-0-C-1] o.a.k.c.m.Metrics [Metrics.java:659] Metrics scheduler closed
2025-02-20 17:43:39,484 INFO [org.springframework.kafka.KafkaListenerEndpointContainer#1-0-C-1] o.a.k.c.m.Metrics [Metrics.java:663] Closing reporter org.apache.kafka.common.metrics.JmxReporter
2025-02-20 17:43:39,484 INFO [org.springframework.kafka.KafkaListenerEndpointContainer#1-0-C-1] o.a.k.c.m.Metrics [Metrics.java:669] Metrics reporters closed
2025-02-20 17:43:39,486 INFO [org.springframework.kafka.KafkaListenerEndpointContainer#0-0-C-1] o.a.k.c.u.AppInfoParser [AppInfoParser.java:83] App info kafka.consumer for consumer-test-consumer-group-1 unregistered
2025-02-20 17:43:39,486 INFO [org.springframework.kafka.KafkaListenerEndpointContainer#1-0-C-1] o.a.k.c.u.AppInfoParser [AppInfoParser.java:83] App info kafka.consumer for consumer-test-consumer-group-2 unregistered
2025-02-20 17:43:39,487 INFO [org.springframework.kafka.KafkaListenerEndpointContainer#1-0-C-1] o.s.k.l.KafkaMessageListenerContainer [LogAccessor.java:292] test-consumer-group: Consumer stopped
2025-02-20 17:43:39,487 INFO [org.springframework.kafka.KafkaListenerEndpointContainer#0-0-C-1] o.s.k.l.KafkaMessageListenerContainer [LogAccessor.java:292] test-consumer-group: Consumer stopped
2025-02-20 17:43:39,498 INFO [SpringApplicationShutdownHook] c.z.h.HikariDataSource [HikariDataSource.java:350] HikariPool-1 - Shutdown initiated...
2025-02-20 17:43:39,502 INFO [SpringApplicationShutdownHook] c.z.h.HikariDataSource [HikariDataSource.java:352] HikariPool-1 - Shutdown completed.
2025-02-20 17:49:21,045 INFO [main] c.e.b.c.ElasticsearchTest [StartupInfoLogger.java:55] Starting ElasticsearchTest using Java 17.0.13 on arch with PID 40602 (started by tingwuren in /home/tingwuren/Documents/IdeaProjects/community)
2025-02-20 17:49:21,046 INFO [main] c.e.b.c.ElasticsearchTest [SpringApplication.java:645] No active profile set, falling back to 1 default profile: "default"
2025-02-20 17:49:21,515 INFO [main] o.s.d.r.c.RepositoryConfigurationDelegate [RepositoryConfigurationDelegate.java:262] Multiple Spring Data modules found, entering strict repository configuration mode
2025-02-20 17:49:21,516 INFO [main] o.s.d.r.c.RepositoryConfigurationDelegate [RepositoryConfigurationDelegate.java:132] Bootstrapping Spring Data Elasticsearch repositories in DEFAULT mode.
2025-02-20 17:49:21,596 INFO [main] o.s.d.r.c.RepositoryConfigurationDelegate [RepositoryConfigurationDelegate.java:201] Finished Spring Data repository scanning in 75 ms. Found 1 Elasticsearch repository interfaces.
2025-02-20 17:49:21,599 INFO [main] o.s.d.r.c.RepositoryConfigurationDelegate [RepositoryConfigurationDelegate.java:262] Multiple Spring Data modules found, entering strict repository configuration mode
2025-02-20 17:49:21,599 INFO [main] o.s.d.r.c.RepositoryConfigurationDelegate [RepositoryConfigurationDelegate.java:132] Bootstrapping Spring Data Reactive Elasticsearch repositories in DEFAULT mode.
2025-02-20 17:49:21,604 INFO [main] o.s.d.r.c.RepositoryConfigurationDelegate [RepositoryConfigurationDelegate.java:201] Finished Spring Data repository scanning in 4 ms. Found 0 Reactive Elasticsearch repository interfaces.
2025-02-20 17:49:21,614 INFO [main] o.s.d.r.c.RepositoryConfigurationDelegate [RepositoryConfigurationDelegate.java:262] Multiple Spring Data modules found, entering strict repository configuration mode
2025-02-20 17:49:21,614 INFO [main] o.s.d.r.c.RepositoryConfigurationDelegate [RepositoryConfigurationDelegate.java:132] Bootstrapping Spring Data Redis repositories in DEFAULT mode.
2025-02-20 17:49:21,630 INFO [main] o.s.d.r.c.RepositoryConfigurationExtensionSupport [RepositoryConfigurationExtensionSupport.java:349] Spring Data Redis - Could not safely identify store assignment for repository candidate interface cn.edu.bupt.community.dao.elasticsearch.DiscussPostRepository; If you want this repository to be a Redis repository, consider annotating your entities with one of these annotations: org.springframework.data.redis.core.RedisHash (preferred), or consider extending one of the following types with your repository: org.springframework.data.keyvalue.repository.KeyValueRepository
2025-02-20 17:49:21,631 INFO [main] o.s.d.r.c.RepositoryConfigurationDelegate [RepositoryConfigurationDelegate.java:201] Finished Spring Data repository scanning in 3 ms. Found 0 Redis repository interfaces.
2025-02-20 17:49:24,093 INFO [main] o.s.b.a.w.s.WelcomePageHandlerMapping [WelcomePageHandlerMapping.java:57] Adding welcome page template: index
2025-02-20 17:49:24,916 INFO [main] o.a.k.c.c.ConsumerConfig [AbstractConfig.java:376] ConsumerConfig values: 
	allow.auto.create.topics = true
	auto.commit.interval.ms = 3000
	auto.offset.reset = latest
	bootstrap.servers = [localhost:9092]
	check.crcs = true
	client.dns.lookup = use_all_dns_ips
	client.id = consumer-test-consumer-group-1
	client.rack = 
	connections.max.idle.ms = 540000
	default.api.timeout.ms = 60000
	enable.auto.commit = true
	exclude.internal.topics = true
	fetch.max.bytes = 52428800
	fetch.max.wait.ms = 500
	fetch.min.bytes = 1
	group.id = test-consumer-group
	group.instance.id = null
	heartbeat.interval.ms = 3000
	interceptor.classes = []
	internal.leave.group.on.close = true
	internal.throw.on.fetch.stable.offset.unsupported = false
	isolation.level = read_uncommitted
	key.deserializer = class org.apache.kafka.common.serialization.StringDeserializer
	max.partition.fetch.bytes = 1048576
	max.poll.interval.ms = 300000
	max.poll.records = 500
	metadata.max.age.ms = 300000
	metric.reporters = []
	metrics.num.samples = 2
	metrics.recording.level = INFO
	metrics.sample.window.ms = 30000
	partition.assignment.strategy = [class org.apache.kafka.clients.consumer.RangeAssignor, class org.apache.kafka.clients.consumer.CooperativeStickyAssignor]
	receive.buffer.bytes = 65536
	reconnect.backoff.max.ms = 1000
	reconnect.backoff.ms = 50
	request.timeout.ms = 30000
	retry.backoff.ms = 100
	sasl.client.callback.handler.class = null
	sasl.jaas.config = null
	sasl.kerberos.kinit.cmd = /usr/bin/kinit
	sasl.kerberos.min.time.before.relogin = 60000
	sasl.kerberos.service.name = null
	sasl.kerberos.ticket.renew.jitter = 0.05
	sasl.kerberos.ticket.renew.window.factor = 0.8
	sasl.login.callback.handler.class = null
	sasl.login.class = null
	sasl.login.refresh.buffer.seconds = 300
	sasl.login.refresh.min.period.seconds = 60
	sasl.login.refresh.window.factor = 0.8
	sasl.login.refresh.window.jitter = 0.05
	sasl.mechanism = GSSAPI
	security.protocol = PLAINTEXT
	security.providers = null
	send.buffer.bytes = 131072
	session.timeout.ms = 45000
	socket.connection.setup.timeout.max.ms = 30000
	socket.connection.setup.timeout.ms = 10000
	ssl.cipher.suites = null
	ssl.enabled.protocols = [TLSv1.2, TLSv1.3]
	ssl.endpoint.identification.algorithm = https
	ssl.engine.factory.class = null
	ssl.key.password = null
	ssl.keymanager.algorithm = SunX509
	ssl.keystore.certificate.chain = null
	ssl.keystore.key = null
	ssl.keystore.location = null
	ssl.keystore.password = null
	ssl.keystore.type = JKS
	ssl.protocol = TLSv1.3
	ssl.provider = null
	ssl.secure.random.implementation = null
	ssl.trustmanager.algorithm = PKIX
	ssl.truststore.certificates = null
	ssl.truststore.location = null
	ssl.truststore.password = null
	ssl.truststore.type = JKS
	value.deserializer = class org.apache.kafka.common.serialization.StringDeserializer

2025-02-20 17:49:24,970 INFO [main] o.a.k.c.u.AppInfoParser [AppInfoParser.java:119] Kafka version: 3.0.2
2025-02-20 17:49:24,970 INFO [main] o.a.k.c.u.AppInfoParser [AppInfoParser.java:120] Kafka commitId: 25b1aea02e37da14
2025-02-20 17:49:24,971 INFO [main] o.a.k.c.u.AppInfoParser [AppInfoParser.java:121] Kafka startTimeMs: 1740044964968
2025-02-20 17:49:24,974 INFO [main] o.a.k.c.c.KafkaConsumer [KafkaConsumer.java:966] [Consumer clientId=consumer-test-consumer-group-1, groupId=test-consumer-group] Subscribed to topic(s): test
2025-02-20 17:49:24,981 INFO [main] o.a.k.c.c.ConsumerConfig [AbstractConfig.java:376] ConsumerConfig values: 
	allow.auto.create.topics = true
	auto.commit.interval.ms = 3000
	auto.offset.reset = latest
	bootstrap.servers = [localhost:9092]
	check.crcs = true
	client.dns.lookup = use_all_dns_ips
	client.id = consumer-test-consumer-group-2
	client.rack = 
	connections.max.idle.ms = 540000
	default.api.timeout.ms = 60000
	enable.auto.commit = true
	exclude.internal.topics = true
	fetch.max.bytes = 52428800
	fetch.max.wait.ms = 500
	fetch.min.bytes = 1
	group.id = test-consumer-group
	group.instance.id = null
	heartbeat.interval.ms = 3000
	interceptor.classes = []
	internal.leave.group.on.close = true
	internal.throw.on.fetch.stable.offset.unsupported = false
	isolation.level = read_uncommitted
	key.deserializer = class org.apache.kafka.common.serialization.StringDeserializer
	max.partition.fetch.bytes = 1048576
	max.poll.interval.ms = 300000
	max.poll.records = 500
	metadata.max.age.ms = 300000
	metric.reporters = []
	metrics.num.samples = 2
	metrics.recording.level = INFO
	metrics.sample.window.ms = 30000
	partition.assignment.strategy = [class org.apache.kafka.clients.consumer.RangeAssignor, class org.apache.kafka.clients.consumer.CooperativeStickyAssignor]
	receive.buffer.bytes = 65536
	reconnect.backoff.max.ms = 1000
	reconnect.backoff.ms = 50
	request.timeout.ms = 30000
	retry.backoff.ms = 100
	sasl.client.callback.handler.class = null
	sasl.jaas.config = null
	sasl.kerberos.kinit.cmd = /usr/bin/kinit
	sasl.kerberos.min.time.before.relogin = 60000
	sasl.kerberos.service.name = null
	sasl.kerberos.ticket.renew.jitter = 0.05
	sasl.kerberos.ticket.renew.window.factor = 0.8
	sasl.login.callback.handler.class = null
	sasl.login.class = null
	sasl.login.refresh.buffer.seconds = 300
	sasl.login.refresh.min.period.seconds = 60
	sasl.login.refresh.window.factor = 0.8
	sasl.login.refresh.window.jitter = 0.05
	sasl.mechanism = GSSAPI
	security.protocol = PLAINTEXT
	security.providers = null
	send.buffer.bytes = 131072
	session.timeout.ms = 45000
	socket.connection.setup.timeout.max.ms = 30000
	socket.connection.setup.timeout.ms = 10000
	ssl.cipher.suites = null
	ssl.enabled.protocols = [TLSv1.2, TLSv1.3]
	ssl.endpoint.identification.algorithm = https
	ssl.engine.factory.class = null
	ssl.key.password = null
	ssl.keymanager.algorithm = SunX509
	ssl.keystore.certificate.chain = null
	ssl.keystore.key = null
	ssl.keystore.location = null
	ssl.keystore.password = null
	ssl.keystore.type = JKS
	ssl.protocol = TLSv1.3
	ssl.provider = null
	ssl.secure.random.implementation = null
	ssl.trustmanager.algorithm = PKIX
	ssl.truststore.certificates = null
	ssl.truststore.location = null
	ssl.truststore.password = null
	ssl.truststore.type = JKS
	value.deserializer = class org.apache.kafka.common.serialization.StringDeserializer

2025-02-20 17:49:24,988 INFO [main] o.a.k.c.u.AppInfoParser [AppInfoParser.java:119] Kafka version: 3.0.2
2025-02-20 17:49:24,988 INFO [main] o.a.k.c.u.AppInfoParser [AppInfoParser.java:120] Kafka commitId: 25b1aea02e37da14
2025-02-20 17:49:24,988 INFO [main] o.a.k.c.u.AppInfoParser [AppInfoParser.java:121] Kafka startTimeMs: 1740044964988
2025-02-20 17:49:24,989 INFO [main] o.a.k.c.c.KafkaConsumer [KafkaConsumer.java:966] [Consumer clientId=consumer-test-consumer-group-2, groupId=test-consumer-group] Subscribed to topic(s): comment, like, follow
2025-02-20 17:49:24,998 INFO [main] c.e.b.c.ElasticsearchTest [StartupInfoLogger.java:61] Started ElasticsearchTest in 4.203 seconds (JVM running for 4.759)
2025-02-20 17:49:25,189 INFO [org.springframework.kafka.KafkaListenerEndpointContainer#0-0-C-1] o.a.k.c.Metadata [Metadata.java:401] [Consumer clientId=consumer-test-consumer-group-1, groupId=test-consumer-group] Resetting the last seen epoch of partition test-0 to 0 since the associated topicId changed from null to aTlCP5B8TlSYgULRyySK0A
2025-02-20 17:49:25,189 INFO [org.springframework.kafka.KafkaListenerEndpointContainer#1-0-C-1] o.a.k.c.Metadata [Metadata.java:401] [Consumer clientId=consumer-test-consumer-group-2, groupId=test-consumer-group] Resetting the last seen epoch of partition like-0 to 0 since the associated topicId changed from null to yxTYtr4PRRCMQ-TddRSGNQ
2025-02-20 17:49:25,190 INFO [org.springframework.kafka.KafkaListenerEndpointContainer#1-0-C-1] o.a.k.c.Metadata [Metadata.java:401] [Consumer clientId=consumer-test-consumer-group-2, groupId=test-consumer-group] Resetting the last seen epoch of partition comment-0 to 0 since the associated topicId changed from null to zlIzhNkNTfiSU9QIJMlscA
2025-02-20 17:49:25,190 INFO [org.springframework.kafka.KafkaListenerEndpointContainer#1-0-C-1] o.a.k.c.Metadata [Metadata.java:401] [Consumer clientId=consumer-test-consumer-group-2, groupId=test-consumer-group] Resetting the last seen epoch of partition follow-0 to 0 since the associated topicId changed from null to y22C8AjoScqi0E14dkWtrg
2025-02-20 17:49:25,191 INFO [org.springframework.kafka.KafkaListenerEndpointContainer#0-0-C-1] o.a.k.c.Metadata [Metadata.java:287] [Consumer clientId=consumer-test-consumer-group-1, groupId=test-consumer-group] Cluster ID: SrTS4pEDRuGSH8Og0LHA6w
2025-02-20 17:49:25,191 INFO [org.springframework.kafka.KafkaListenerEndpointContainer#1-0-C-1] o.a.k.c.Metadata [Metadata.java:287] [Consumer clientId=consumer-test-consumer-group-2, groupId=test-consumer-group] Cluster ID: SrTS4pEDRuGSH8Og0LHA6w
2025-02-20 17:49:25,192 INFO [org.springframework.kafka.KafkaListenerEndpointContainer#1-0-C-1] o.a.k.c.c.i.ConsumerCoordinator [AbstractCoordinator.java:849] [Consumer clientId=consumer-test-consumer-group-2, groupId=test-consumer-group] Discovered group coordinator localhost:9092 (id: 2147483646 rack: null)
2025-02-20 17:49:25,192 INFO [org.springframework.kafka.KafkaListenerEndpointContainer#0-0-C-1] o.a.k.c.c.i.ConsumerCoordinator [AbstractCoordinator.java:849] [Consumer clientId=consumer-test-consumer-group-1, groupId=test-consumer-group] Discovered group coordinator localhost:9092 (id: 2147483646 rack: null)
2025-02-20 17:49:25,194 INFO [org.springframework.kafka.KafkaListenerEndpointContainer#0-0-C-1] o.a.k.c.c.i.ConsumerCoordinator [AbstractCoordinator.java:535] [Consumer clientId=consumer-test-consumer-group-1, groupId=test-consumer-group] (Re-)joining group
2025-02-20 17:49:25,194 INFO [org.springframework.kafka.KafkaListenerEndpointContainer#1-0-C-1] o.a.k.c.c.i.ConsumerCoordinator [AbstractCoordinator.java:535] [Consumer clientId=consumer-test-consumer-group-2, groupId=test-consumer-group] (Re-)joining group
2025-02-20 17:49:25,207 INFO [org.springframework.kafka.KafkaListenerEndpointContainer#1-0-C-1] o.a.k.c.c.i.ConsumerCoordinator [AbstractCoordinator.java:988] [Consumer clientId=consumer-test-consumer-group-2, groupId=test-consumer-group] Request joining group due to: need to re-join with the given member-id
2025-02-20 17:49:25,207 INFO [org.springframework.kafka.KafkaListenerEndpointContainer#0-0-C-1] o.a.k.c.c.i.ConsumerCoordinator [AbstractCoordinator.java:988] [Consumer clientId=consumer-test-consumer-group-1, groupId=test-consumer-group] Request joining group due to: need to re-join with the given member-id
2025-02-20 17:49:25,207 INFO [org.springframework.kafka.KafkaListenerEndpointContainer#1-0-C-1] o.a.k.c.c.i.ConsumerCoordinator [AbstractCoordinator.java:535] [Consumer clientId=consumer-test-consumer-group-2, groupId=test-consumer-group] (Re-)joining group
2025-02-20 17:49:25,207 INFO [org.springframework.kafka.KafkaListenerEndpointContainer#0-0-C-1] o.a.k.c.c.i.ConsumerCoordinator [AbstractCoordinator.java:535] [Consumer clientId=consumer-test-consumer-group-1, groupId=test-consumer-group] (Re-)joining group
2025-02-20 17:49:25,285 INFO [main] c.z.h.HikariDataSource [HikariDataSource.java:110] HikariPool-1 - Starting...
2025-02-20 17:49:25,449 INFO [main] c.z.h.HikariDataSource [HikariDataSource.java:123] HikariPool-1 - Start completed.
2025-02-20 17:49:25,619 INFO [org.springframework.kafka.KafkaListenerEndpointContainer#0-0-C-1] o.a.k.c.c.i.ConsumerCoordinator [AbstractCoordinator.java:1048] [Consumer clientId=consumer-test-consumer-group-1, groupId=test-consumer-group] Member consumer-test-consumer-group-1-decde029-6282-45c5-aff9-4fa793fddc91 sending LeaveGroup request to coordinator localhost:9092 (id: 2147483646 rack: null) due to the consumer unsubscribed from all topics
2025-02-20 17:49:25,619 INFO [org.springframework.kafka.KafkaListenerEndpointContainer#1-0-C-1] o.a.k.c.c.i.ConsumerCoordinator [AbstractCoordinator.java:1048] [Consumer clientId=consumer-test-consumer-group-2, groupId=test-consumer-group] Member consumer-test-consumer-group-2-07581e3c-a379-4668-9e5c-76a63bb09ac4 sending LeaveGroup request to coordinator localhost:9092 (id: 2147483646 rack: null) due to the consumer unsubscribed from all topics
2025-02-20 17:49:25,620 INFO [org.springframework.kafka.KafkaListenerEndpointContainer#1-0-C-1] o.a.k.c.c.i.ConsumerCoordinator [AbstractCoordinator.java:966] [Consumer clientId=consumer-test-consumer-group-2, groupId=test-consumer-group] Resetting generation due to: consumer pro-actively leaving the group
2025-02-20 17:49:25,620 INFO [org.springframework.kafka.KafkaListenerEndpointContainer#0-0-C-1] o.a.k.c.c.i.ConsumerCoordinator [AbstractCoordinator.java:966] [Consumer clientId=consumer-test-consumer-group-1, groupId=test-consumer-group] Resetting generation due to: consumer pro-actively leaving the group
2025-02-20 17:49:25,620 INFO [org.springframework.kafka.KafkaListenerEndpointContainer#1-0-C-1] o.a.k.c.c.i.ConsumerCoordinator [AbstractCoordinator.java:988] [Consumer clientId=consumer-test-consumer-group-2, groupId=test-consumer-group] Request joining group due to: consumer pro-actively leaving the group
2025-02-20 17:49:25,620 INFO [org.springframework.kafka.KafkaListenerEndpointContainer#0-0-C-1] o.a.k.c.c.i.ConsumerCoordinator [AbstractCoordinator.java:988] [Consumer clientId=consumer-test-consumer-group-1, groupId=test-consumer-group] Request joining group due to: consumer pro-actively leaving the group
2025-02-20 17:49:25,620 INFO [org.springframework.kafka.KafkaListenerEndpointContainer#1-0-C-1] o.a.k.c.c.KafkaConsumer [KafkaConsumer.java:1075] [Consumer clientId=consumer-test-consumer-group-2, groupId=test-consumer-group] Unsubscribed all topics or patterns and assigned partitions
2025-02-20 17:49:25,620 INFO [org.springframework.kafka.KafkaListenerEndpointContainer#0-0-C-1] o.a.k.c.c.KafkaConsumer [KafkaConsumer.java:1075] [Consumer clientId=consumer-test-consumer-group-1, groupId=test-consumer-group] Unsubscribed all topics or patterns and assigned partitions
2025-02-20 17:49:25,621 INFO [org.springframework.kafka.KafkaListenerEndpointContainer#1-0-C-1] o.a.k.c.c.i.ConsumerCoordinator [AbstractCoordinator.java:966] [Consumer clientId=consumer-test-consumer-group-2, groupId=test-consumer-group] Resetting generation due to: consumer pro-actively leaving the group
2025-02-20 17:49:25,621 INFO [org.springframework.kafka.KafkaListenerEndpointContainer#0-0-C-1] o.a.k.c.c.i.ConsumerCoordinator [AbstractCoordinator.java:966] [Consumer clientId=consumer-test-consumer-group-1, groupId=test-consumer-group] Resetting generation due to: consumer pro-actively leaving the group
2025-02-20 17:49:25,621 INFO [org.springframework.kafka.KafkaListenerEndpointContainer#1-0-C-1] o.a.k.c.c.i.ConsumerCoordinator [AbstractCoordinator.java:988] [Consumer clientId=consumer-test-consumer-group-2, groupId=test-consumer-group] Request joining group due to: consumer pro-actively leaving the group
2025-02-20 17:49:25,621 INFO [org.springframework.kafka.KafkaListenerEndpointContainer#0-0-C-1] o.a.k.c.c.i.ConsumerCoordinator [AbstractCoordinator.java:988] [Consumer clientId=consumer-test-consumer-group-1, groupId=test-consumer-group] Request joining group due to: consumer pro-actively leaving the group
2025-02-20 17:49:31,212 INFO [org.springframework.kafka.KafkaListenerEndpointContainer#1-0-C-1] o.a.k.c.m.Metrics [Metrics.java:659] Metrics scheduler closed
2025-02-20 17:49:31,213 INFO [org.springframework.kafka.KafkaListenerEndpointContainer#1-0-C-1] o.a.k.c.m.Metrics [Metrics.java:663] Closing reporter org.apache.kafka.common.metrics.JmxReporter
2025-02-20 17:49:31,213 INFO [org.springframework.kafka.KafkaListenerEndpointContainer#1-0-C-1] o.a.k.c.m.Metrics [Metrics.java:669] Metrics reporters closed
2025-02-20 17:49:31,216 INFO [org.springframework.kafka.KafkaListenerEndpointContainer#1-0-C-1] o.a.k.c.u.AppInfoParser [AppInfoParser.java:83] App info kafka.consumer for consumer-test-consumer-group-2 unregistered
2025-02-20 17:49:31,216 INFO [org.springframework.kafka.KafkaListenerEndpointContainer#1-0-C-1] o.s.k.l.KafkaMessageListenerContainer [LogAccessor.java:292] test-consumer-group: Consumer stopped
2025-02-20 17:49:31,220 INFO [org.springframework.kafka.KafkaListenerEndpointContainer#0-0-C-1] o.a.k.c.m.Metrics [Metrics.java:659] Metrics scheduler closed
2025-02-20 17:49:31,220 INFO [org.springframework.kafka.KafkaListenerEndpointContainer#0-0-C-1] o.a.k.c.m.Metrics [Metrics.java:663] Closing reporter org.apache.kafka.common.metrics.JmxReporter
2025-02-20 17:49:31,220 INFO [org.springframework.kafka.KafkaListenerEndpointContainer#0-0-C-1] o.a.k.c.m.Metrics [Metrics.java:669] Metrics reporters closed
2025-02-20 17:49:31,222 INFO [org.springframework.kafka.KafkaListenerEndpointContainer#0-0-C-1] o.a.k.c.u.AppInfoParser [AppInfoParser.java:83] App info kafka.consumer for consumer-test-consumer-group-1 unregistered
2025-02-20 17:49:31,222 INFO [org.springframework.kafka.KafkaListenerEndpointContainer#0-0-C-1] o.s.k.l.KafkaMessageListenerContainer [LogAccessor.java:292] test-consumer-group: Consumer stopped
2025-02-20 17:49:31,234 INFO [SpringApplicationShutdownHook] c.z.h.HikariDataSource [HikariDataSource.java:350] HikariPool-1 - Shutdown initiated...
2025-02-20 17:49:31,238 INFO [SpringApplicationShutdownHook] c.z.h.HikariDataSource [HikariDataSource.java:352] HikariPool-1 - Shutdown completed.
