2024-10-10 16:07:19,992 INFO [org.springframework.kafka.KafkaListenerEndpointContainer#0-0-C-1] o.a.k.c.c.i.ConsumerCoordinator [AbstractCoordinator.java:912] [Consumer clientId=consumer-test-consumer-group-1, groupId=test-consumer-group] Group coordinator localhost:9092 (id: 2147483646 rack: null) is unavailable or invalid due to cause: coordinator unavailable.isDisconnected: true. Rediscovery will be attempted.
2024-10-10 16:07:20,038 INFO [org.springframework.kafka.KafkaListenerEndpointContainer#0-0-C-1] o.a.k.c.FetchSessionHandler [FetchSessionHandler.java:481] [Consumer clientId=consumer-test-consumer-group-1, groupId=test-consumer-group] Error sending fetch request (sessionId=1166471312, epoch=161386) to node 1:
org.apache.kafka.common.errors.DisconnectException: null
2024-10-10 16:07:20,054 INFO [org.springframework.kafka.KafkaListenerEndpointContainer#0-0-C-1] o.a.k.c.c.i.ConsumerCoordinator [ConsumerCoordinator.java:310] [Consumer clientId=consumer-test-consumer-group-1, groupId=test-consumer-group] Revoke previously assigned partitions comment-0, like-0, follow-0
2024-10-10 16:07:20,055 INFO [org.springframework.kafka.KafkaListenerEndpointContainer#0-0-C-1] o.s.k.l.KafkaMessageListenerContainer [LogAccessor.java:292] test-consumer-group: partitions revoked: [comment-0, like-0, follow-0]
2024-10-10 16:07:20,056 INFO [org.springframework.kafka.KafkaListenerEndpointContainer#0-0-C-1] o.a.k.c.c.i.ConsumerCoordinator [AbstractCoordinator.java:966] [Consumer clientId=consumer-test-consumer-group-1, groupId=test-consumer-group] Resetting generation due to: consumer pro-actively leaving the group
2024-10-10 16:07:20,056 INFO [org.springframework.kafka.KafkaListenerEndpointContainer#0-0-C-1] o.a.k.c.c.i.ConsumerCoordinator [AbstractCoordinator.java:988] [Consumer clientId=consumer-test-consumer-group-1, groupId=test-consumer-group] Request joining group due to: consumer pro-actively leaving the group
2024-10-10 16:07:20,056 INFO [org.springframework.kafka.KafkaListenerEndpointContainer#0-0-C-1] o.a.k.c.c.KafkaConsumer [KafkaConsumer.java:1075] [Consumer clientId=consumer-test-consumer-group-1, groupId=test-consumer-group] Unsubscribed all topics or patterns and assigned partitions
2024-10-10 16:07:20,057 INFO [org.springframework.kafka.KafkaListenerEndpointContainer#0-0-C-1] o.a.k.c.c.i.ConsumerCoordinator [AbstractCoordinator.java:966] [Consumer clientId=consumer-test-consumer-group-1, groupId=test-consumer-group] Resetting generation due to: consumer pro-actively leaving the group
2024-10-10 16:07:20,057 INFO [org.springframework.kafka.KafkaListenerEndpointContainer#0-0-C-1] o.a.k.c.c.i.ConsumerCoordinator [AbstractCoordinator.java:988] [Consumer clientId=consumer-test-consumer-group-1, groupId=test-consumer-group] Request joining group due to: consumer pro-actively leaving the group
2024-10-10 16:07:20,058 INFO [org.springframework.kafka.KafkaListenerEndpointContainer#0-0-C-1] o.a.k.c.m.Metrics [Metrics.java:659] Metrics scheduler closed
2024-10-10 16:07:20,058 INFO [org.springframework.kafka.KafkaListenerEndpointContainer#0-0-C-1] o.a.k.c.m.Metrics [Metrics.java:663] Closing reporter org.apache.kafka.common.metrics.JmxReporter
2024-10-10 16:07:20,059 INFO [org.springframework.kafka.KafkaListenerEndpointContainer#0-0-C-1] o.a.k.c.m.Metrics [Metrics.java:669] Metrics reporters closed
2024-10-10 16:07:20,062 INFO [org.springframework.kafka.KafkaListenerEndpointContainer#0-0-C-1] o.a.k.c.u.AppInfoParser [AppInfoParser.java:83] App info kafka.consumer for consumer-test-consumer-group-1 unregistered
2024-10-10 16:07:20,063 INFO [org.springframework.kafka.KafkaListenerEndpointContainer#0-0-C-1] o.s.k.l.KafkaMessageListenerContainer [LogAccessor.java:292] test-consumer-group: Consumer stopped
2024-10-10 16:07:20,074 INFO [SpringApplicationShutdownHook] o.a.k.c.p.KafkaProducer [KafkaProducer.java:1189] [Producer clientId=producer-1] Closing the Kafka producer with timeoutMillis = 30000 ms.
2024-10-10 16:07:20,077 INFO [SpringApplicationShutdownHook] o.a.k.c.m.Metrics [Metrics.java:659] Metrics scheduler closed
2024-10-10 16:07:20,078 INFO [SpringApplicationShutdownHook] o.a.k.c.m.Metrics [Metrics.java:663] Closing reporter org.apache.kafka.common.metrics.JmxReporter
2024-10-10 16:07:20,078 INFO [SpringApplicationShutdownHook] o.a.k.c.m.Metrics [Metrics.java:669] Metrics reporters closed
2024-10-10 16:07:20,079 INFO [SpringApplicationShutdownHook] o.a.k.c.u.AppInfoParser [AppInfoParser.java:83] App info kafka.producer for producer-1 unregistered
2024-10-10 16:07:20,218 INFO [SpringApplicationShutdownHook] c.z.h.HikariDataSource [HikariDataSource.java:350] HikariPool-1 - Shutdown initiated...
2024-10-10 16:07:20,221 INFO [SpringApplicationShutdownHook] c.z.h.HikariDataSource [HikariDataSource.java:352] HikariPool-1 - Shutdown completed.
